<?xml version="1.0" encoding="utf-8"?>
<TestRun id="8c42d36a-f94e-4614-b541-c04b44c5be48" name="iotero@IOTERO-MSI76 2026-09-25 07:09:10" runUser="SYSTEMS\iotero" xmlns="http://microsoft.com/schemas/VisualStudio/TeamTest/2010">
  <Times creation="2026-09-25T07:09:10.7711386-04:00" queuing="2026-09-25T07:09:10.7711387-04:00" start="2026-09-25T07:09:09.6113073-04:00" finish="2026-09-25T07:09:51.5323345-04:00" />
  <TestSettings name="default" id="7c6bd92f-9c35-4958-8c3d-1624a375f5bc">
    <Deployment runDeploymentRoot="iotero_IOTERO-MSI76_2026-09-25_07_09_10" />
  </TestSettings>
  <Results>
    <UnitTestResult executionId="68ca8896-5cb2-4f86-98f0-9ed5ddcc6ad8" testId="ab6207e1-bf62-0644-fc8c-166848853825" testName="FileTabsCloseIndependentlyAndToolsKeepTheirNativeDocument" computerName="IOTERO-MSI76" duration="00:00:00.5315776" startTime="2026-09-25T07:09:21.1623511-04:00" endTime="2026-09-25T07:09:21.6941804-04:00" testType="13cdc9d9-ddb5-4fa4-a97d-d965ccfc6d4b" outcome="Passed" testListId="8c84fa94-04c1-424b-9868-57a2d4851a1d" relativeResultsDirectory="68ca8896-5cb2-4f86-98f0-9ed5ddcc6ad8" />
    <UnitTestResult executionId="9e8c5c16-e468-4576-850c-72c69d385e0f" testId="999830dc-6eb9-44f6-0363-fae56bb57a10" testName="BuildMsBuildArguments_RequestsRebuildFromStagedCopy" computerName="IOTERO-MSI76" duration="00:00:00.0015988" startTime="2026-09-25T07:09:51.1464589-04:00" endTime="2026-09-25T07:09:51.1481128-04:00" testType="13cdc9d9-ddb5-4fa4-a97d-d965ccfc6d4b" outcome="Passed" testListId="8c84fa94-04c1-424b-9868-57a2d4851a1d" relativeResultsDirectory="9e8c5c16-e468-4576-850c-72c69d385e0f" />
    <UnitTestResult executionId="1fc7f3e9-2a3a-45f1-86f8-5c16f0befdde" testId="22d9c9e0-7011-1489-ce79-2d7e4dea9a11" testName="NoAssignmentUsesDefaultRequirementsWithoutInventingRubric" computerName="IOTERO-MSI76" duration="00:00:00.0004382" startTime="2026-09-25T07:09:36.6996649-04:00" endTime="2026-09-25T07:09:36.7001361-04:00" testType="13cdc9d9-ddb5-4fa4-a97d-d965ccfc6d4b" outcome="Passed" testListId="8c84fa94-04c1-424b-9868-57a2d4851a1d" relativeResultsDirectory="1fc7f3e9-2a3a-45f1-86f8-5c16f0befdde" />
    <UnitTestResult executionId="b561b53d-d315-49fb-be4a-a7985c7eed9d" testId="ba901a63-288e-eb7c-ced4-e82aca7272f2" testName="FindRunnableOutput_PrefersAppExeOverTestHost" computerName="IOTERO-MSI76" duration="00:00:00.0096970" startTime="2026-09-25T07:09:37.5696954-04:00" endTime="2026-09-25T07:09:37.5794401-04:00" testType="13cdc9d9-ddb5-4fa4-a97d-d965ccfc6d4b" outcome="Passed" testListId="8c84fa94-04c1-424b-9868-57a2d4851a1d" relativeResultsDirectory="b561b53d-d315-49fb-be4a-a7985c7eed9d" />
    <UnitTestResult executionId="f51097d0-2ecf-4702-b9d8-461a4af48cbf" testId="89cae477-efdb-d47e-c405-ccc1bb3b8d18" testName="FindRelatedFiles_IncludesHeaderAndQuotedInclude" computerName="IOTERO-MSI76" duration="00:00:00.0166163" startTime="2026-09-25T07:09:37.5098777-04:00" endTime="2026-09-25T07:09:37.5265822-04:00" testType="13cdc9d9-ddb5-4fa4-a97d-d965ccfc6d4b" outcome="Passed" testListId="8c84fa94-04c1-424b-9868-57a2d4851a1d" relativeResultsDirectory="f51097d0-2ecf-4702-b9d8-461a4af48cbf" />
    <UnitTestResult executionId="cbfe5f1f-1736-44d8-bba3-6e6d01840a44" testId="24af039e-6e65-74ad-09c1-6d1ae76a5d93" testName="Extract_RejectsUnsafeEntriesBeforeWriting (&quot;/outside.txt&quot;)" computerName="IOTERO-MSI76" duration="00:00:00.0234940" startTime="2026-09-25T07:09:51.2621916-04:00" endTime="2026-09-25T07:09:51.2857931-04:00" testType="13cdc9d9-ddb5-4fa4-a97d-d965ccfc6d4b" outcome="Passed" testListId="8c84fa94-04c1-424b-9868-57a2d4851a1d" relativeResultsDirectory="cbfe5f1f-1736-44d8-bba3-6e6d01840a44" />
    <UnitTestResult executionId="4742c816-20db-4721-a9b6-6df54c45d0c2" testId="5fcf1945-bc5d-93b1-44da-8cd80c319333" testName="CountMatches_MethodPattern_DoesNotMatchDifferentMethodWithSamePrefix" computerName="IOTERO-MSI76" duration="00:00:00.0000633" startTime="2026-09-25T07:09:51.1714058-04:00" endTime="2026-09-25T07:09:51.1714800-04:00" testType="13cdc9d9-ddb5-4fa4-a97d-d965ccfc6d4b" outcome="Passed" testListId="8c84fa94-04c1-424b-9868-57a2d4851a1d" relativeResultsDirectory="4742c816-20db-4721-a9b6-6df54c45d0c2" />
    <UnitTestResult executionId="37b12edc-1668-4906-b40b-68233e8b104f" testId="c246fb40-d878-ac86-4898-9780cfb160c9" testName="PlainTextPreservesEmphasisCharactersInsideInlineCode" computerName="IOTERO-MSI76" duration="00:00:00.0020893" startTime="2026-09-25T07:09:15.0552667-04:00" endTime="2026-09-25T07:09:15.0574714-04:00" testType="13cdc9d9-ddb5-4fa4-a97d-d965ccfc6d4b" outcome="Passed" testListId="8c84fa94-04c1-424b-9868-57a2d4851a1d" relativeResultsDirectory="37b12edc-1668-4906-b40b-68233e8b104f" />
    <UnitTestResult executionId="994b5044-6e94-456c-9ff5-7458ffa6a211" testId="cb3d04f6-d7cc-d48e-7fbd-434a623925ac" testName="Extract_RejectsUnsafeEntriesBeforeWriting (&quot;..\outside.txt&quot;)" computerName="IOTERO-MSI76" duration="00:00:00.0102373" startTime="2026-09-25T07:09:51.2019422-04:00" endTime="2026-09-25T07:09:51.2123307-04:00" testType="13cdc9d9-ddb5-4fa4-a97d-d965ccfc6d4b" outcome="Passed" testListId="8c84fa94-04c1-424b-9868-57a2d4851a1d" relativeResultsDirectory="994b5044-6e94-456c-9ff5-7458ffa6a211" />
    <UnitTestResult executionId="fb52bbf9-6cb3-4e84-ad4f-33cb267eda35" testId="f2720c6f-d50b-4c07-b2cb-39deb7bba51c" testName="JsonBracesInReasonAndTrailingNewlineAreHandled" computerName="IOTERO-MSI76" duration="00:00:00.0004131" startTime="2026-09-25T07:09:14.2873469-04:00" endTime="2026-09-25T07:09:14.2878273-04:00" testType="13cdc9d9-ddb5-4fa4-a97d-d965ccfc6d4b" outcome="Passed" testListId="8c84fa94-04c1-424b-9868-57a2d4851a1d" relativeResultsDirectory="fb52bbf9-6cb3-4e84-ad4f-33cb267eda35" />
    <UnitTestResult executionId="60b5536f-9755-4c27-b206-6fed5f1bf77a" testId="85dfbfa5-8f21-32c5-2cdf-524e739b6c05" testName="Package_CopiesSubmissionWithoutGitMetadata" computerName="IOTERO-MSI76" duration="00:00:00.0507683" startTime="2026-09-25T07:09:23.3445187-04:00" endTime="2026-09-25T07:09:23.3953662-04:00" testType="13cdc9d9-ddb5-4fa4-a97d-d965ccfc6d4b" outcome="Passed" testListId="8c84fa94-04c1-424b-9868-57a2d4851a1d" relativeResultsDirectory="60b5536f-9755-4c27-b206-6fed5f1bf77a" />
    <UnitTestResult executionId="0ff326f4-d144-4736-8409-2f742067bc89" testId="cc277d1c-a3f8-797f-2171-bddc567b89f2" testName="IsCrash_DetectsAccessViolation" computerName="IOTERO-MSI76" duration="00:00:00.0001173" startTime="2026-09-25T07:09:32.8938646-04:00" endTime="2026-09-25T07:09:32.8940211-04:00" testType="13cdc9d9-ddb5-4fa4-a97d-d965ccfc6d4b" outcome="Passed" testListId="8c84fa94-04c1-424b-9868-57a2d4851a1d" relativeResultsDirectory="0ff326f4-d144-4736-8409-2f742067bc89" />
    <UnitTestResult executionId="586a8617-9904-489d-ac0e-53cd61bbd77f" testId="97570bcf-44ff-695e-f6e9-6842de196502" testName="LocalExecution_WithoutConsentCallbackIsBlocked" computerName="IOTERO-MSI76" duration="00:00:00.0003541" startTime="2026-09-25T07:09:51.1446385-04:00" endTime="2026-09-25T07:09:51.1450258-04:00" testType="13cdc9d9-ddb5-4fa4-a97d-d965ccfc6d4b" outcome="Passed" testListId="8c84fa94-04c1-424b-9868-57a2d4851a1d" relativeResultsDirectory="586a8617-9904-489d-ac0e-53cd61bbd77f" />
    <UnitTestResult executionId="b97587b9-3b69-424c-8041-59266cf9f9ac" testId="3e743025-b597-0543-2b9e-abc93e941ec6" testName="Extract_RejectsUnsafeEntriesBeforeWriting (&quot;.. /outside.txt&quot;)" computerName="IOTERO-MSI76" duration="00:00:00.0223665" startTime="2026-09-25T07:09:51.3132367-04:00" endTime="2026-09-25T07:09:51.3357325-04:00" testType="13cdc9d9-ddb5-4fa4-a97d-d965ccfc6d4b" outcome="Passed" testListId="8c84fa94-04c1-424b-9868-57a2d4851a1d" relativeResultsDirectory="b97587b9-3b69-424c-8041-59266cf9f9ac" />
    <UnitTestResult executionId="bc5959f8-3a85-4b6c-b0cf-d8a81af28e27" testId="78d674b8-576e-79be-80f2-de65ec31326e" testName="MissingCompiler_DoesNotUsePrebuiltExecutable (NativeExecutable)" computerName="IOTERO-MSI76" duration="00:00:00.0027336" startTime="2026-09-25T07:09:51.1668923-04:00" endTime="2026-09-25T07:09:51.1697509-04:00" testType="13cdc9d9-ddb5-4fa4-a97d-d965ccfc6d4b" outcome="Passed" testListId="8c84fa94-04c1-424b-9868-57a2d4851a1d" relativeResultsDirectory="bc5959f8-3a85-4b6c-b0cf-d8a81af28e27" />
    <UnitTestResult executionId="93b03013-78aa-45c1-8e5e-15ff75964cb5" testId="00fb933f-a66d-cd00-ae66-e3adfadac1a1" testName="Stage_CopiesSolutionContents" computerName="IOTERO-MSI76" duration="00:00:00.0854231" startTime="2026-09-25T07:09:10.2815347-04:00" endTime="2026-09-25T07:09:10.3671808-04:00" testType="13cdc9d9-ddb5-4fa4-a97d-d965ccfc6d4b" outcome="Passed" testListId="8c84fa94-04c1-424b-9868-57a2d4851a1d" relativeResultsDirectory="93b03013-78aa-45c1-8e5e-15ff75964cb5" />
    <UnitTestResult executionId="30d16664-cbdd-418d-b98d-66424f310e8c" testId="96538b6c-a787-74c6-31be-d701ed91e6ae" testName="Sanitize_RedactsStudentNameAndId" computerName="IOTERO-MSI76" duration="00:00:00.0009720" startTime="2026-09-25T07:09:51.1002343-04:00" endTime="2026-09-25T07:09:51.1012747-04:00" testType="13cdc9d9-ddb5-4fa4-a97d-d965ccfc6d4b" outcome="Passed" testListId="8c84fa94-04c1-424b-9868-57a2d4851a1d" relativeResultsDirectory="30d16664-cbdd-418d-b98d-66424f310e8c" />
    <UnitTestResult executionId="e8447882-0f51-46b3-aa53-89afc9bc0189" testId="07003540-746f-41ae-1e7f-eb1adc7a0bd5" testName="ParseOrDefault_ReadsJsonArray" computerName="IOTERO-MSI76" duration="00:00:00.0386129" startTime="2026-09-25T07:09:10.0812796-04:00" endTime="2026-09-25T07:09:10.1311885-04:00" testType="13cdc9d9-ddb5-4fa4-a97d-d965ccfc6d4b" outcome="Passed" testListId="8c84fa94-04c1-424b-9868-57a2d4851a1d" relativeResultsDirectory="e8447882-0f51-46b3-aa53-89afc9bc0189" />
    <UnitTestResult executionId="0ab737cb-ace5-4a4a-b7d6-25f898401572" testId="c46a68d8-c166-d8cf-e1a6-f7947bf707cd" testName="Detect_ReturnsNullWithoutSolution" computerName="IOTERO-MSI76" duration="00:00:00.0017691" startTime="2026-09-25T07:09:37.5678525-04:00" endTime="2026-09-25T07:09:37.5696761-04:00" testType="13cdc9d9-ddb5-4fa4-a97d-d965ccfc6d4b" outcome="Passed" testListId="8c84fa94-04c1-424b-9868-57a2d4851a1d" relativeResultsDirectory="0ab737cb-ace5-4a4a-b7d6-25f898401572" />
    <UnitTestResult executionId="3d43f35e-9f9d-48ff-b7a9-49c8f7c283cd" testId="fbcc6cb2-b2ac-ac04-9593-db1f659b9340" testName="Sanitize_LeavesAnonymousCodeIntact" computerName="IOTERO-MSI76" duration="00:00:00.0000773" startTime="2026-09-25T07:09:51.1023873-04:00" endTime="2026-09-25T07:09:51.1024872-04:00" testType="13cdc9d9-ddb5-4fa4-a97d-d965ccfc6d4b" outcome="Passed" testListId="8c84fa94-04c1-424b-9868-57a2d4851a1d" relativeResultsDirectory="3d43f35e-9f9d-48ff-b7a9-49c8f7c283cd" />
    <UnitTestResult executionId="279b08ce-00b4-4c0b-b803-7d671bb64e61" testId="2c0e742b-de4d-062f-bded-1887132d34a1" testName="ModelObservation_DoesNotBecomeVerifiedFailure" computerName="IOTERO-MSI76" duration="00:00:00.0002231" startTime="2026-09-25T07:09:32.3845418-04:00" endTime="2026-09-25T07:09:32.3848115-04:00" testType="13cdc9d9-ddb5-4fa4-a97d-d965ccfc6d4b" outcome="Passed" testListId="8c84fa94-04c1-424b-9868-57a2d4851a1d" relativeResultsDirectory="279b08ce-00b4-4c0b-b803-7d671bb64e61" />
    <UnitTestResult executionId="b2e59dcc-0afb-4e65-a291-a5476cd8c5e4" testId="a4d5784b-8e3b-981f-57bc-49c5effaa5ca" testName="CountMatches_KeywordAfterInlineComment_IsNotDetected" computerName="IOTERO-MSI76" duration="00:00:00.0000551" startTime="2026-09-25T07:09:51.1717491-04:00" endTime="2026-09-25T07:09:51.1718128-04:00" testType="13cdc9d9-ddb5-4fa4-a97d-d965ccfc6d4b" outcome="Passed" testListId="8c84fa94-04c1-424b-9868-57a2d4851a1d" relativeResultsDirectory="b2e59dcc-0afb-4e65-a291-a5476cd8c5e4" />
    <UnitTestResult executionId="10cb12a5-7a55-4be4-ba0a-3d0d76f2b427" testId="e3bab55c-77e6-a279-6878-6e8110655613" testName="DriveCoreAsync_TurnLimitStopsProcessWithoutReportingStudentFailure" computerName="IOTERO-MSI76" duration="00:00:05.1625139" startTime="2026-09-25T07:09:27.2203868-04:00" endTime="2026-09-25T07:09:32.3830570-04:00" testType="13cdc9d9-ddb5-4fa4-a97d-d965ccfc6d4b" outcome="Passed" testListId="8c84fa94-04c1-424b-9868-57a2d4851a1d" relativeResultsDirectory="10cb12a5-7a55-4be4-ba0a-3d0d76f2b427" />
    <UnitTestResult executionId="83da9e0d-d84d-414c-bf12-2e6555d4f488" testId="1c7b54d3-2aca-4b0f-ade6-8d28d486f334" testName="ParseOrDefault_FallsBackWhenInvalid" computerName="IOTERO-MSI76" duration="00:00:00.0003807" startTime="2026-09-25T07:09:10.1352043-04:00" endTime="2026-09-25T07:09:10.1357511-04:00" testType="13cdc9d9-ddb5-4fa4-a97d-d965ccfc6d4b" outcome="Passed" testListId="8c84fa94-04c1-424b-9868-57a2d4851a1d" relativeResultsDirectory="83da9e0d-d84d-414c-bf12-2e6555d4f488" />
    <UnitTestResult executionId="ba699e94-09a3-403d-8195-160ac723e7c4" testId="b79b2ac1-0284-f472-c658-671f1157edd1" testName="ExtractsAzureMessageAndBoundsNonJsonErrors" computerName="IOTERO-MSI76" duration="00:00:00.0002217" startTime="2026-09-25T07:09:32.4174813-04:00" endTime="2026-09-25T07:09:32.4177575-04:00" testType="13cdc9d9-ddb5-4fa4-a97d-d965ccfc6d4b" outcome="Passed" testListId="8c84fa94-04c1-424b-9868-57a2d4851a1d" relativeResultsDirectory="ba699e94-09a3-403d-8195-160ac723e7c4" />
    <UnitTestResult executionId="58517fc7-f0a7-4ef1-8d64-b353228c3f4f" testId="9dbaed78-0878-8e22-7b22-679b3311c082" testName="ManagedBuild_KeepsOutputWorkingDirectory" computerName="IOTERO-MSI76" duration="00:00:00.0002112" startTime="2026-09-25T07:09:51.1372993-04:00" endTime="2026-09-25T07:09:51.1375533-04:00" testType="13cdc9d9-ddb5-4fa4-a97d-d965ccfc6d4b" outcome="Passed" testListId="8c84fa94-04c1-424b-9868-57a2d4851a1d" relativeResultsDirectory="58517fc7-f0a7-4ef1-8d64-b353228c3f4f" />
    <UnitTestResult executionId="e2cbf3be-5cd3-4a72-85c4-d7c9f015d8c8" testId="f9d7b458-fa2a-37e3-72c1-be8798056658" testName="Sanitize_RedactsEmailAndUserPath" computerName="IOTERO-MSI76" duration="00:00:00.0010600" startTime="2026-09-25T07:09:51.1012888-04:00" endTime="2026-09-25T07:09:51.1023748-04:00" testType="13cdc9d9-ddb5-4fa4-a97d-d965ccfc6d4b" outcome="Passed" testListId="8c84fa94-04c1-424b-9868-57a2d4851a1d" relativeResultsDirectory="e2cbf3be-5cd3-4a72-85c4-d7c9f015d8c8" />
    <UnitTestResult executionId="e10a92fa-20f1-4424-97a0-41b4442bbe3a" testId="dde9e113-ef29-c7e3-be50-f547876eb235" testName="MenuCoverageDoesNotOverrideFollowupOrShareSelectionsAcrossMenus" computerName="IOTERO-MSI76" duration="00:00:00.0002211" startTime="2026-09-25T07:09:14.8252690-04:00" endTime="2026-09-25T07:09:14.8255519-04:00" testType="13cdc9d9-ddb5-4fa4-a97d-d965ccfc6d4b" outcome="Passed" testListId="8c84fa94-04c1-424b-9868-57a2d4851a1d" relativeResultsDirectory="e10a92fa-20f1-4424-97a0-41b4442bbe3a" />
    <UnitTestResult executionId="5608d158-2c95-4b5b-ad30-d927107f3f12" testId="5ed0df04-a557-dfc5-a0a8-56ed424b03a3" testName="FailureContinuesAndHistoryIsBounded" computerName="IOTERO-MSI76" duration="00:00:00.0008299" startTime="2026-09-25T07:09:32.4278497-04:00" endTime="2026-09-25T07:09:32.4287159-04:00" testType="13cdc9d9-ddb5-4fa4-a97d-d965ccfc6d4b" outcome="Passed" testListId="8c84fa94-04c1-424b-9868-57a2d4851a1d" relativeResultsDirectory="5608d158-2c95-4b5b-ad30-d927107f3f12" />
    <UnitTestResult executionId="fb30962d-c421-47a2-8323-e1366c51f313" testId="7ef5ab6b-731e-48f9-c0f1-e26ba31e8dd1" testName="ModelWaitDoesNotConsumeInputBudget" computerName="IOTERO-MSI76" duration="00:00:00.1097708" startTime="2026-09-25T07:09:14.9428058-04:00" endTime="2026-09-25T07:09:15.0526944-04:00" testType="13cdc9d9-ddb5-4fa4-a97d-d965ccfc6d4b" outcome="Passed" testListId="8c84fa94-04c1-424b-9868-57a2d4851a1d" relativeResultsDirectory="fb30962d-c421-47a2-8323-e1366c51f313" />
    <UnitTestResult executionId="b774d77a-8063-4cba-b488-92a1a62d0f8c" testId="1ce2c521-adcf-2268-fedf-9205fef543a2" testName="UnrelatedServerErrorRetainsDetailsAndIsNotRetried" computerName="IOTERO-MSI76" duration="00:00:00.0028789" startTime="2026-09-25T07:09:32.4111182-04:00" endTime="2026-09-25T07:09:32.4140954-04:00" testType="13cdc9d9-ddb5-4fa4-a97d-d965ccfc6d4b" outcome="Passed" testListId="8c84fa94-04c1-424b-9868-57a2d4851a1d" relativeResultsDirectory="b774d77a-8063-4cba-b488-92a1a62d0f8c" />
    <UnitTestResult executionId="f1fb8257-79b1-46db-9560-fe09d6d7b2cf" testId="acd3221a-cc78-4402-f86f-7859eddd345e" testName="GpuOutOfMemoryRetriesOnceOnCpuAndPreservesStructuredRequest" computerName="IOTERO-MSI76" duration="00:00:00.0248930" startTime="2026-09-25T07:09:32.3860448-04:00" endTime="2026-09-25T07:09:32.4110551-04:00" testType="13cdc9d9-ddb5-4fa4-a97d-d965ccfc6d4b" outcome="Passed" testListId="8c84fa94-04c1-424b-9868-57a2d4851a1d" relativeResultsDirectory="f1fb8257-79b1-46db-9560-fe09d6d7b2cf" />
    <UnitTestResult executionId="bb412c72-e491-424e-a80d-4bb32632a9be" testId="d6013820-d50c-9f5f-c510-75733665b727" testName="TailBufferWrapsAndUsesAbsoluteCursors" computerName="IOTERO-MSI76" duration="00:00:00.0005845" startTime="2026-09-25T07:09:32.9003975-04:00" endTime="2026-09-25T07:09:32.9010580-04:00" testType="13cdc9d9-ddb5-4fa4-a97d-d965ccfc6d4b" outcome="Passed" testListId="8c84fa94-04c1-424b-9868-57a2d4851a1d" relativeResultsDirectory="bb412c72-e491-424e-a80d-4bb32632a9be" />
    <UnitTestResult executionId="bdddbd12-4388-4c55-9dce-776dd156a421" testId="3fc425d4-85f7-2b27-519c-133ee35b75e9" testName="WaitForIdleAsync_ReadsStdoutWithoutStdin" computerName="IOTERO-MSI76" duration="00:00:00.1197596" startTime="2026-09-25T07:09:23.3954107-04:00" endTime="2026-09-25T07:09:23.5153012-04:00" testType="13cdc9d9-ddb5-4fa4-a97d-d965ccfc6d4b" outcome="Passed" testListId="8c84fa94-04c1-424b-9868-57a2d4851a1d" relativeResultsDirectory="bdddbd12-4388-4c55-9dce-776dd156a421" />
    <UnitTestResult executionId="64c1dc6d-0e42-4bdf-a52f-811281c9db57" testId="ff07df96-ac95-1512-7d72-4afad610e984" testName="InvalidExecutionMode_DoesNotAuthorizeLocalRun" computerName="IOTERO-MSI76" duration="00:00:00.0001871" startTime="2026-09-25T07:09:23.3336467-04:00" endTime="2026-09-25T07:09:23.3338769-04:00" testType="13cdc9d9-ddb5-4fa4-a97d-d965ccfc6d4b" outcome="Passed" testListId="8c84fa94-04c1-424b-9868-57a2d4851a1d" relativeResultsDirectory="64c1dc6d-0e42-4bdf-a52f-811281c9db57" />
    <UnitTestResult executionId="92a25ffb-7628-42dc-830f-463aeee5c042" testId="a15cafa3-78c1-8262-4155-ac6eb76c34c8" testName="HasVisibleConsoleText_IgnoresVtHandshake" computerName="IOTERO-MSI76" duration="00:00:00.0001087" startTime="2026-09-25T07:09:24.6782472-04:00" endTime="2026-09-25T07:09:24.6784345-04:00" testType="13cdc9d9-ddb5-4fa4-a97d-d965ccfc6d4b" outcome="Passed" testListId="8c84fa94-04c1-424b-9868-57a2d4851a1d" relativeResultsDirectory="92a25ffb-7628-42dc-830f-463aeee5c042" />
    <UnitTestResult executionId="44bd0b68-ca77-4a5d-9c66-9dae16af28ae" testId="b05560a9-e432-3b4c-7d8e-398bae006987" testName="AnonymousFileName_DoesNotIncludeStudentPath" computerName="IOTERO-MSI76" duration="00:00:00.0001206" startTime="2026-09-25T07:09:51.1024923-04:00" endTime="2026-09-25T07:09:51.1026239-04:00" testType="13cdc9d9-ddb5-4fa4-a97d-d965ccfc6d4b" outcome="Passed" testListId="8c84fa94-04c1-424b-9868-57a2d4851a1d" relativeResultsDirectory="44bd0b68-ca77-4a5d-9c66-9dae16af28ae" />
    <UnitTestResult executionId="63b07871-df26-443a-8d5b-3f459dbb305f" testId="3e32f01e-9c01-48e2-0b89-1c7a1c6a4edd" testName="BuildProcessDrainsBothFloodedPipesAndExits" computerName="IOTERO-MSI76" duration="00:00:00.2301636" startTime="2026-09-25T07:09:32.9131020-04:00" endTime="2026-09-25T07:09:33.1433337-04:00" testType="13cdc9d9-ddb5-4fa4-a97d-d965ccfc6d4b" outcome="Passed" testListId="8c84fa94-04c1-424b-9868-57a2d4851a1d" relativeResultsDirectory="63b07871-df26-443a-8d5b-3f459dbb305f" />
    <UnitTestResult executionId="2ab5d3f7-4d34-4720-a5c1-56426cdb4883" testId="e7ec3a7d-30bf-5625-a123-afa3ace92e6b" testName="ScreenReconstructsRedrawAndSplitControlSequences" computerName="IOTERO-MSI76" duration="00:00:00.0027822" startTime="2026-09-25T07:09:14.2664129-04:00" endTime="2026-09-25T07:09:14.2698059-04:00" testType="13cdc9d9-ddb5-4fa4-a97d-d965ccfc6d4b" outcome="Passed" testListId="8c84fa94-04c1-424b-9868-57a2d4851a1d" relativeResultsDirectory="2ab5d3f7-4d34-4720-a5c1-56426cdb4883" />
    <UnitTestResult executionId="24be0e5f-c3de-4e75-a6a8-c2fee838e4b1" testId="934927c8-bfc8-d02e-5ec7-9936b5e7e0e3" testName="DeclarativeFormsRenderRetainInputAndDisposeTheirHosts" computerName="IOTERO-MSI76" duration="00:00:00.2792197" startTime="2026-09-25T07:09:22.3649143-04:00" endTime="2026-09-25T07:09:22.6442512-04:00" testType="13cdc9d9-ddb5-4fa4-a97d-d965ccfc6d4b" outcome="Passed" testListId="8c84fa94-04c1-424b-9868-57a2d4851a1d" relativeResultsDirectory="24be0e5f-c3de-4e75-a6a8-c2fee838e4b1" />
    <UnitTestResult executionId="eab03037-6925-4742-a438-000343758515" testId="91bb7553-cfc8-f5af-1f36-936b729d6eb2" testName="SolutionContextDiscoversInputHelperWithoutCheckedFiles" computerName="IOTERO-MSI76" duration="00:00:00.2053969" startTime="2026-09-25T07:09:14.5490188-04:00" endTime="2026-09-25T07:09:14.7545094-04:00" testType="13cdc9d9-ddb5-4fa4-a97d-d965ccfc6d4b" outcome="Passed" testListId="8c84fa94-04c1-424b-9868-57a2d4851a1d" relativeResultsDirectory="eab03037-6925-4742-a438-000343758515" />
    <UnitTestResult executionId="daa39ebf-cf42-444b-b68d-763e19e90045" testId="cec1a5c8-bde5-6724-4994-90e981717735" testName="CurrentItemPromptSurvivesLongHistoryAndAgentDoesNotTypeFallback" computerName="IOTERO-MSI76" duration="00:00:00.0115134" startTime="2026-09-25T07:09:14.2931414-04:00" endTime="2026-09-25T07:09:14.3047296-04:00" testType="13cdc9d9-ddb5-4fa4-a97d-d965ccfc6d4b" outcome="Passed" testListId="8c84fa94-04c1-424b-9868-57a2d4851a1d" relativeResultsDirectory="daa39ebf-cf42-444b-b68d-763e19e90045" />
    <UnitTestResult executionId="83fb5dc9-2d92-4a49-81d5-943bcc9d99c8" testId="2103a657-98b6-e753-9119-d934959b3f03" testName="GetViolations_ReturnsCorrectLineNumber" computerName="IOTERO-MSI76" duration="00:00:00.0000990" startTime="2026-09-25T07:09:51.1724881-04:00" endTime="2026-09-25T07:09:51.1725961-04:00" testType="13cdc9d9-ddb5-4fa4-a97d-d965ccfc6d4b" outcome="Passed" testListId="8c84fa94-04c1-424b-9868-57a2d4851a1d" relativeResultsDirectory="83fb5dc9-2d92-4a49-81d5-943bcc9d99c8" />
    <UnitTestResult executionId="974cdd92-da82-42bc-b3b8-c715eeac4286" testId="014cbc5c-bb7a-69cb-aa99-f7b32c09c837" testName="FailedIdleCleanupIsReportedAndRememberedAfterRecovery" computerName="IOTERO-MSI76" duration="00:00:00.0331745" startTime="2026-09-25T07:09:13.4623765-04:00" endTime="2026-09-25T07:09:13.4957225-04:00" testType="13cdc9d9-ddb5-4fa4-a97d-d965ccfc6d4b" outcome="Passed" testListId="8c84fa94-04c1-424b-9868-57a2d4851a1d" relativeResultsDirectory="974cdd92-da82-42bc-b3b8-c715eeac4286" />
    <UnitTestResult executionId="b22530b4-d68f-46bf-b049-de0c3fc1e492" testId="328a3074-4346-3113-32ce-50349211112e" testName="CountMatches_MethodPattern_CountsMultipleCalls" computerName="IOTERO-MSI76" duration="00:00:00.0000495" startTime="2026-09-25T07:09:51.1715476-04:00" endTime="2026-09-25T07:09:51.1716043-04:00" testType="13cdc9d9-ddb5-4fa4-a97d-d965ccfc6d4b" outcome="Passed" testListId="8c84fa94-04c1-424b-9868-57a2d4851a1d" relativeResultsDirectory="b22530b4-d68f-46bf-b049-de0c3fc1e492" />
    <UnitTestResult executionId="55b1e1cf-c5ae-4115-b4f9-dec3379795b3" testId="0d5fc3df-bd7b-e826-973b-80d07d05d88b" testName="LocalExecution_DecliningWarnsOnEveryOperationAndStopsBeforeReadingFiles" computerName="IOTERO-MSI76" duration="00:00:00.0009759" startTime="2026-09-25T07:09:51.1435928-04:00" endTime="2026-09-25T07:09:51.1446210-04:00" testType="13cdc9d9-ddb5-4fa4-a97d-d965ccfc6d4b" outcome="Passed" testListId="8c84fa94-04c1-424b-9868-57a2d4851a1d" relativeResultsDirectory="55b1e1cf-c5ae-4115-b4f9-dec3379795b3" />
    <UnitTestResult executionId="1f0f0952-80e0-4938-aec4-637c0e89d7b4" testId="216e23d5-f51d-dd4b-8546-4408d20fead1" testName="FailedBuild_DoesNotRunStaleExecutable (VisualStudioSolution)" computerName="IOTERO-MSI76" duration="00:00:00.0058993" startTime="2026-09-25T07:09:51.1481279-04:00" endTime="2026-09-25T07:09:51.1541448-04:00" testType="13cdc9d9-ddb5-4fa4-a97d-d965ccfc6d4b" outcome="Passed" testListId="8c84fa94-04c1-424b-9868-57a2d4851a1d" relativeResultsDirectory="1f0f0952-80e0-4938-aec4-637c0e89d7b4" />
    <UnitTestResult executionId="b6bbc99b-136b-411a-9c59-bb92c62db62b" testId="bae94ce8-23e3-e0a8-e9be-e95736b0977e" testName="MenuLabelBecomesOnlyItsKeyAndBlankRedrawDoesNotTriggerInput" computerName="IOTERO-MSI76" duration="00:00:00.1248709" startTime="2026-09-25T07:09:14.4133094-04:00" endTime="2026-09-25T07:09:14.5385044-04:00" testType="13cdc9d9-ddb5-4fa4-a97d-d965ccfc6d4b" outcome="Passed" testListId="8c84fa94-04c1-424b-9868-57a2d4851a1d" relativeResultsDirectory="b6bbc99b-136b-411a-9c59-bb92c62db62b" />
    <UnitTestResult executionId="1b0b5f87-1759-4a37-8952-03406e82bd4b" testId="19d05964-57bc-acdd-f4d7-7f13f91b7133" testName="SavedLocalPreference_DoesNotPromptOrAuthorizeVmFallback" computerName="IOTERO-MSI76" duration="00:00:00.0037240" startTime="2026-09-25T07:09:51.1091648-04:00" endTime="2026-09-25T07:09:51.1129605-04:00" testType="13cdc9d9-ddb5-4fa4-a97d-d965ccfc6d4b" outcome="Passed" testListId="8c84fa94-04c1-424b-9868-57a2d4851a1d" relativeResultsDirectory="1b0b5f87-1759-4a37-8952-03406e82bd4b" />
    <UnitTestResult executionId="86e73c8b-48e0-4796-a123-6232689b97cb" testId="fb6d12d8-b070-2b43-3ec0-22419a22ca02" testName="InvalidFolderHasExplicitValidationError (null)" computerName="IOTERO-MSI76" duration="00:00:00.0003563" startTime="2026-09-25T07:09:51.1028573-04:00" endTime="2026-09-25T07:09:51.1032884-04:00" testType="13cdc9d9-ddb5-4fa4-a97d-d965ccfc6d4b" outcome="Passed" testListId="8c84fa94-04c1-424b-9868-57a2d4851a1d" relativeResultsDirectory="86e73c8b-48e0-4796-a123-6232689b97cb" />
    <UnitTestResult executionId="798a136a-2a0d-4f51-8f6e-9f32c05dae41" testId="8e79dda0-165c-912c-d21a-b3af7bf4be60" testName="SwitchingResultsTargetsNewModelAndClearReleasesNativeControls" computerName="IOTERO-MSI76" duration="00:00:00.1092478" startTime="2026-09-25T07:09:23.2226674-04:00" endTime="2026-09-25T07:09:23.3320053-04:00" testType="13cdc9d9-ddb5-4fa4-a97d-d965ccfc6d4b" outcome="Passed" testListId="8c84fa94-04c1-424b-9868-57a2d4851a1d" relativeResultsDirectory="798a136a-2a0d-4f51-8f6e-9f32c05dae41" />
    <UnitTestResult executionId="1d72ad07-181c-4bbb-8fdc-59aa2c1cea0d" testId="706d1af4-d3fd-f75d-cf75-e65c16c59c3c" testName="CountMatches_MethodPattern_MatchesMultiArgCall" computerName="IOTERO-MSI76" duration="00:00:00.0000998" startTime="2026-09-25T07:09:51.1712808-04:00" endTime="2026-09-25T07:09:51.1713996-04:00" testType="13cdc9d9-ddb5-4fa4-a97d-d965ccfc6d4b" outcome="Passed" testListId="8c84fa94-04c1-424b-9868-57a2d4851a1d" relativeResultsDirectory="1d72ad07-181c-4bbb-8fdc-59aa2c1cea0d" />
    <UnitTestResult executionId="275820d4-44a8-4822-8b80-32c3662e4009" testId="7518346a-43fc-b583-97a2-099e0d83cb54" testName="Describe_HandlesNull" computerName="IOTERO-MSI76" duration="00:00:00.0002311" startTime="2026-09-25T07:09:32.8935733-04:00" endTime="2026-09-25T07:09:32.8938456-04:00" testType="13cdc9d9-ddb5-4fa4-a97d-d965ccfc6d4b" outcome="Passed" testListId="8c84fa94-04c1-424b-9868-57a2d4851a1d" relativeResultsDirectory="275820d4-44a8-4822-8b80-32c3662e4009" />
    <UnitTestResult executionId="f3e5dfdd-a63a-4355-ba65-94a6d4c1bdd5" testId="72a78852-d598-5194-6bc7-44e65c6277bd" testName="ConsoleFloodRetainsTailAndCanStillReadTheNextPrompt (False)" computerName="IOTERO-MSI76" duration="00:00:00.4841928" startTime="2026-09-25T07:09:33.1433681-04:00" endTime="2026-09-25T07:09:33.6277193-04:00" testType="13cdc9d9-ddb5-4fa4-a97d-d965ccfc6d4b" outcome="Passed" testListId="8c84fa94-04c1-424b-9868-57a2d4851a1d" relativeResultsDirectory="f3e5dfdd-a63a-4355-ba65-94a6d4c1bdd5" />
    <UnitTestResult executionId="728f428b-3132-4d13-99e3-8ccee8de698a" testId="1ccc3a76-8931-ef2b-fe47-732fd450cfd1" testName="ExtractionKeepsNativeProgressAndCancelsWithoutInvalidatingWorkerTokens" computerName="IOTERO-MSI76" duration="00:00:00.1121306" startTime="2026-09-25T07:09:22.8587650-04:00" endTime="2026-09-25T07:09:22.9709885-04:00" testType="13cdc9d9-ddb5-4fa4-a97d-d965ccfc6d4b" outcome="Passed" testListId="8c84fa94-04c1-424b-9868-57a2d4851a1d" relativeResultsDirectory="728f428b-3132-4d13-99e3-8ccee8de698a" />
    <UnitTestResult executionId="7e60d1bd-9f0d-45f0-b367-8e99354cd355" testId="e275d3aa-2662-5c8f-af05-87b7ab595898" testName="BuildFindings_RunnerTerminationIsNotACrash" computerName="IOTERO-MSI76" duration="00:00:00.0002574" startTime="2026-09-25T07:09:32.3842213-04:00" endTime="2026-09-25T07:09:32.3845225-04:00" testType="13cdc9d9-ddb5-4fa4-a97d-d965ccfc6d4b" outcome="Passed" testListId="8c84fa94-04c1-424b-9868-57a2d4851a1d" relativeResultsDirectory="7e60d1bd-9f0d-45f0-b367-8e99354cd355" />
    <UnitTestResult executionId="9b258d2a-c8d3-4e43-8831-95a9915730ed" testId="42c3efe9-0f93-b5c0-6f64-5dd5cbbc0e5c" testName="WriteInputAsync_SendsLinesAfterReading (False)" computerName="IOTERO-MSI76" duration="00:00:00.7794398" startTime="2026-09-25T07:09:24.6784611-04:00" endTime="2026-09-25T07:09:25.4582544-04:00" testType="13cdc9d9-ddb5-4fa4-a97d-d965ccfc6d4b" outcome="Passed" testListId="8c84fa94-04c1-424b-9868-57a2d4851a1d" relativeResultsDirectory="9b258d2a-c8d3-4e43-8831-95a9915730ed" />
    <UnitTestResult executionId="276bf0ae-d923-4e8c-9972-4aa1b4f9f5d4" testId="d7edcead-50d5-ab8f-2b37-e96caafc3ba7" testName="DiscoverySkipsInvalidFoldersAndPreservesValidStudents" computerName="IOTERO-MSI76" duration="00:00:00.0051010" startTime="2026-09-25T07:09:51.1040326-04:00" endTime="2026-09-25T07:09:51.1091507-04:00" testType="13cdc9d9-ddb5-4fa4-a97d-d965ccfc6d4b" outcome="Passed" testListId="8c84fa94-04c1-424b-9868-57a2d4851a1d" relativeResultsDirectory="276bf0ae-d923-4e8c-9972-4aa1b4f9f5d4" />
    <UnitTestResult executionId="c2926172-e116-48c5-966d-c64079fb27c5" testId="3411a293-102f-61df-38b7-5c3c3d55c054" testName="MissingResponseContentUsesExistingFallback (&quot;{&quot;message&quot;:{}}&quot;)" computerName="IOTERO-MSI76" duration="00:00:00.0000735" startTime="2026-09-25T07:09:32.8972978-04:00" endTime="2026-09-25T07:09:32.8974417-04:00" testType="13cdc9d9-ddb5-4fa4-a97d-d965ccfc6d4b" outcome="Passed" testListId="8c84fa94-04c1-424b-9868-57a2d4851a1d" relativeResultsDirectory="c2926172-e116-48c5-966d-c64079fb27c5" />
    <UnitTestResult executionId="0fcff0fd-54e9-43e7-8ba7-1a1f23a25577" testId="0ab07d4e-57c3-e383-571b-185363f92f27" testName="AssignmentWithoutRubricStillUsesAssignmentRequirements" computerName="IOTERO-MSI76" duration="00:00:00.0003090" startTime="2026-09-25T07:09:36.7001665-04:00" endTime="2026-09-25T07:09:36.7005569-04:00" testType="13cdc9d9-ddb5-4fa4-a97d-d965ccfc6d4b" outcome="Passed" testListId="8c84fa94-04c1-424b-9868-57a2d4851a1d" relativeResultsDirectory="0fcff0fd-54e9-43e7-8ba7-1a1f23a25577" />
    <UnitTestResult executionId="fd4d3a14-315a-4ca1-97fb-a35613acbb2a" testId="0d34e689-5509-54ad-ffe2-56dd628d2640" testName="InvalidReplyStopsWithoutGuessing (&quot;&quot;)" computerName="IOTERO-MSI76" duration="00:00:00.0007369" startTime="2026-09-25T07:09:14.2698585-04:00" endTime="2026-09-25T07:09:14.2724214-04:00" testType="13cdc9d9-ddb5-4fa4-a97d-d965ccfc6d4b" outcome="Passed" testListId="8c84fa94-04c1-424b-9868-57a2d4851a1d" relativeResultsDirectory="fd4d3a14-315a-4ca1-97fb-a35613acbb2a" />
    <UnitTestResult executionId="c99cf79f-66ef-43c9-84ad-0a69c81e0964" testId="35c6d4c0-6811-fdd1-97f6-ff5d4204bf66" testName="CountMatches_KeywordInCodeBeforeComment_IsDetected" computerName="IOTERO-MSI76" duration="00:00:00.0000494" startTime="2026-09-25T07:09:51.1718165-04:00" endTime="2026-09-25T07:09:51.1718735-04:00" testType="13cdc9d9-ddb5-4fa4-a97d-d965ccfc6d4b" outcome="Passed" testListId="8c84fa94-04c1-424b-9868-57a2d4851a1d" relativeResultsDirectory="c99cf79f-66ef-43c9-84ad-0a69c81e0964" />
    <UnitTestResult executionId="dda87b66-55cb-417b-8ac0-bf87f34501ac" testId="7124f1fb-d2f9-de26-f1d0-d0923c3b93a1" testName="Worker_BuildsAndDrivesConsoleWithoutLlmCredentials (True,False)" computerName="IOTERO-MSI76" duration="00:00:04.1860098" startTime="2026-09-25T07:09:42.6555525-04:00" endTime="2026-09-25T07:09:46.8417093-04:00" testType="13cdc9d9-ddb5-4fa4-a97d-d965ccfc6d4b" outcome="Passed" testListId="8c84fa94-04c1-424b-9868-57a2d4851a1d" relativeResultsDirectory="dda87b66-55cb-417b-8ac0-bf87f34501ac" />
    <UnitTestResult executionId="a001f70d-9921-42f8-bf52-0709a86f725c" testId="db3bc512-dc0d-bc0f-e0ab-aee23b771c9a" testName="LocalExecution_AcceptingWarningReachesLocalPath" computerName="IOTERO-MSI76" duration="00:00:00.0013712" startTime="2026-09-25T07:09:51.1450364-04:00" endTime="2026-09-25T07:09:51.1464397-04:00" testType="13cdc9d9-ddb5-4fa4-a97d-d965ccfc6d4b" outcome="Passed" testListId="8c84fa94-04c1-424b-9868-57a2d4851a1d" relativeResultsDirectory="a001f70d-9921-42f8-bf52-0709a86f725c" />
    <UnitTestResult executionId="ca649272-a9b2-4671-9739-8a3fdf2ad632" testId="e139bb8a-0cd4-cb05-8be2-5de7ed490f6a" testName="RunAsync_CapturesStdout" computerName="IOTERO-MSI76" duration="00:00:00.0473111" startTime="2026-09-25T07:09:36.7005981-04:00" endTime="2026-09-25T07:09:36.7480780-04:00" testType="13cdc9d9-ddb5-4fa4-a97d-d965ccfc6d4b" outcome="Passed" testListId="8c84fa94-04c1-424b-9868-57a2d4851a1d" relativeResultsDirectory="ca649272-a9b2-4671-9739-8a3fdf2ad632" />
    <UnitTestResult executionId="3a82dc94-5f04-40b3-84dd-c7005bc5ed3a" testId="48914e01-aff2-ad6f-fc14-433d329d4194" testName="ColorsExplicitCategoriesAndKeepsCodeLiteral" computerName="IOTERO-MSI76" duration="00:00:00.0259913" startTime="2026-09-25T07:09:15.0582053-04:00" endTime="2026-09-25T07:09:15.0843026-04:00" testType="13cdc9d9-ddb5-4fa4-a97d-d965ccfc6d4b" outcome="Passed" testListId="8c84fa94-04c1-424b-9868-57a2d4851a1d" relativeResultsDirectory="3a82dc94-5f04-40b3-84dd-c7005bc5ed3a" />
    <UnitTestResult executionId="89af7e92-8cac-4a0b-8634-a8d007313c4a" testId="de183655-c2b7-285f-571e-54fdbfd30aab" testName="Extract_RejectsUnsafeEntriesBeforeWriting (&quot;file.txt:stream&quot;)" computerName="IOTERO-MSI76" duration="00:00:00.0168817" startTime="2026-09-25T07:09:51.2962195-04:00" endTime="2026-09-25T07:09:51.3132076-04:00" testType="13cdc9d9-ddb5-4fa4-a97d-d965ccfc6d4b" outcome="Passed" testListId="8c84fa94-04c1-424b-9868-57a2d4851a1d" relativeResultsDirectory="89af7e92-8cac-4a0b-8634-a8d007313c4a" />
    <UnitTestResult executionId="e7b63021-9132-4a84-abe4-bff68951970f" testId="0cb9c87b-839c-257f-12e7-7594981df308" testName="CallerCancellationRemovesWaitingRequestWithoutWaitingForActiveProvider" computerName="IOTERO-MSI76" duration="00:00:00.0021840" startTime="2026-09-25T07:09:32.4255914-04:00" endTime="2026-09-25T07:09:32.4278346-04:00" testType="13cdc9d9-ddb5-4fa4-a97d-d965ccfc6d4b" outcome="Passed" testListId="8c84fa94-04c1-424b-9868-57a2d4851a1d" relativeResultsDirectory="e7b63021-9132-4a84-abe4-bff68951970f" />
    <UnitTestResult executionId="5c20cdbc-0b93-4be0-9c26-2bc7b0029d18" testId="8d5f5dc7-4d9c-d66e-f9bb-ddd4b3397e63" testName="ScoresDeductionsAndRemarksStayBoundAndEditorsRetainIdentity" computerName="IOTERO-MSI76" duration="00:00:00.1376092" startTime="2026-09-25T07:09:23.0848717-04:00" endTime="2026-09-25T07:09:23.2226177-04:00" testType="13cdc9d9-ddb5-4fa4-a97d-d965ccfc6d4b" outcome="Passed" testListId="8c84fa94-04c1-424b-9868-57a2d4851a1d" relativeResultsDirectory="5c20cdbc-0b93-4be0-9c26-2bc7b0029d18" />
    <UnitTestResult executionId="95c9df50-b75a-4499-b29b-25b91a519d0f" testId="7044d12d-e69b-3e95-fa57-d56a8414bf57" testName="ExistingIntegerAffinityColumnRetainsFractionalScores" computerName="IOTERO-MSI76" duration="00:00:00.0006230" startTime="2026-09-25T07:09:15.0545035-04:00" endTime="2026-09-25T07:09:15.0552282-04:00" testType="13cdc9d9-ddb5-4fa4-a97d-d965ccfc6d4b" outcome="Passed" testListId="8c84fa94-04c1-424b-9868-57a2d4851a1d" relativeResultsDirectory="95c9df50-b75a-4499-b29b-25b91a519d0f" />
    <UnitTestResult executionId="e7b98a49-6717-4b63-877c-324851efe248" testId="5a647e0e-b16f-b4eb-57a9-9ce44ea4e408" testName="BuildCaptureDoesNotMarkExactLimitAsTruncated" computerName="IOTERO-MSI76" duration="00:00:00.0003720" startTime="2026-09-25T07:09:32.9126697-04:00" endTime="2026-09-25T07:09:32.9130845-04:00" testType="13cdc9d9-ddb5-4fa4-a97d-d965ccfc6d4b" outcome="Passed" testListId="8c84fa94-04c1-424b-9868-57a2d4851a1d" relativeResultsDirectory="e7b98a49-6717-4b63-877c-324851efe248" />
    <UnitTestResult executionId="1ffe6913-c6db-4d37-88d8-7443dc8b9e4f" testId="98981720-44ee-5c58-09b3-69f048b7e282" testName="InvalidFolderHasExplicitValidationError (&quot;Example_Alex&quot;)" computerName="IOTERO-MSI76" duration="00:00:00.0000144" startTime="2026-09-25T07:09:51.1038946-04:00" endTime="2026-09-25T07:09:51.1039663-04:00" testType="13cdc9d9-ddb5-4fa4-a97d-d965ccfc6d4b" outcome="Passed" testListId="8c84fa94-04c1-424b-9868-57a2d4851a1d" relativeResultsDirectory="1ffe6913-c6db-4d37-88d8-7443dc8b9e4f" />
    <UnitTestResult executionId="f370ce06-7d6c-4ce5-8234-4748fde8900b" testId="d9e8242e-1eda-d0d0-0ebc-bbe5295d51cb" testName="FindRelatedFiles_DoesNotIncludePrimaryFile" computerName="IOTERO-MSI76" duration="00:00:00.0132037" startTime="2026-09-25T07:09:37.5266039-04:00" endTime="2026-09-25T07:09:37.5398513-04:00" testType="13cdc9d9-ddb5-4fa4-a97d-d965ccfc6d4b" outcome="Passed" testListId="8c84fa94-04c1-424b-9868-57a2d4851a1d" relativeResultsDirectory="f370ce06-7d6c-4ce5-8234-4748fde8900b" />
    <UnitTestResult executionId="516c7c1d-ecd7-4bdd-b138-eccb23f005bc" testId="e12e0d89-351d-caa9-5287-9ba2be372e7c" testName="FindNewestExecutable_IgnoresTestHost" computerName="IOTERO-MSI76" duration="00:00:00.0015846" startTime="2026-09-25T07:09:37.5939693-04:00" endTime="2026-09-25T07:09:37.5955915-04:00" testType="13cdc9d9-ddb5-4fa4-a97d-d965ccfc6d4b" outcome="Passed" testListId="8c84fa94-04c1-424b-9868-57a2d4851a1d" relativeResultsDirectory="516c7c1d-ecd7-4bdd-b138-eccb23f005bc" />
    <UnitTestResult executionId="eff2559d-993f-4fb2-82c9-e6e9de433237" testId="4a3cea40-70b7-bb8c-2120-482204523db3" testName="WriteInputAsync_SendsLinesAfterReading (True)" computerName="IOTERO-MSI76" duration="00:00:01.7618598" startTime="2026-09-25T07:09:25.4583115-04:00" endTime="2026-09-25T07:09:27.2203359-04:00" testType="13cdc9d9-ddb5-4fa4-a97d-d965ccfc6d4b" outcome="Passed" testListId="8c84fa94-04c1-424b-9868-57a2d4851a1d" relativeResultsDirectory="eff2559d-993f-4fb2-82c9-e6e9de433237" />
    <UnitTestResult executionId="3bdb59f6-79e5-4b2c-b66b-2ef58a9cdc44" testId="a07289f8-19af-ffec-66dc-87990e3c0b19" testName="InvalidFolderHasExplicitValidationError (&quot;_Alex-123&quot;)" computerName="IOTERO-MSI76" duration="00:00:00.0000040" startTime="2026-09-25T07:09:51.1039987-04:00" endTime="2026-09-25T07:09:51.1040142-04:00" testType="13cdc9d9-ddb5-4fa4-a97d-d965ccfc6d4b" outcome="Passed" testListId="8c84fa94-04c1-424b-9868-57a2d4851a1d" relativeResultsDirectory="3bdb59f6-79e5-4b2c-b66b-2ef58a9cdc44" />
    <UnitTestResult executionId="a44d22bf-2e74-4205-b6af-4a2aeb369995" testId="16ce4379-ee53-df41-a844-ccad7b660b8c" testName="FailedBuild_DoesNotRunStaleExecutable (DotNetProject)" computerName="IOTERO-MSI76" duration="00:00:00.0039687" startTime="2026-09-25T07:09:51.1573347-04:00" endTime="2026-09-25T07:09:51.1614231-04:00" testType="13cdc9d9-ddb5-4fa4-a97d-d965ccfc6d4b" outcome="Passed" testListId="8c84fa94-04c1-424b-9868-57a2d4851a1d" relativeResultsDirectory="a44d22bf-2e74-4205-b6af-4a2aeb369995" />
    <UnitTestResult executionId="d463c296-5d59-4022-9f3c-9496748a884c" testId="f31cb680-beb8-a8f2-3b2a-52a482a9b69f" testName="FullBufferStillDetectsContinuousOutput" computerName="IOTERO-MSI76" duration="00:00:01.4928132" startTime="2026-09-25T07:09:35.2041675-04:00" endTime="2026-09-25T07:09:36.6970758-04:00" testType="13cdc9d9-ddb5-4fa4-a97d-d965ccfc6d4b" outcome="Passed" testListId="8c84fa94-04c1-424b-9868-57a2d4851a1d" relativeResultsDirectory="d463c296-5d59-4022-9f3c-9496748a884c" />
    <UnitTestResult executionId="d94688e0-ca37-4baf-9962-6b52d791ec07" testId="a569fa37-2ccd-a951-84c5-5fa51c75ef99" testName="RunOnly_ResolvesExistingOutputWithoutBuilding (True)" computerName="IOTERO-MSI76" duration="00:00:00.0026098" startTime="2026-09-25T07:09:51.1155925-04:00" endTime="2026-09-25T07:09:51.1182811-04:00" testType="13cdc9d9-ddb5-4fa4-a97d-d965ccfc6d4b" outcome="Passed" testListId="8c84fa94-04c1-424b-9868-57a2d4851a1d" relativeResultsDirectory="d94688e0-ca37-4baf-9962-6b52d791ec07" />
    <UnitTestResult executionId="f9686b5f-94a7-4669-8470-1441f702bd5c" testId="7e9df713-d9f8-6fae-d3c7-3891f00fc866" testName="ParseOrDefault_ExtractsJsonFromMarkdown" computerName="IOTERO-MSI76" duration="00:00:00.0002732" startTime="2026-09-25T07:09:10.1345219-04:00" endTime="2026-09-25T07:09:10.1349399-04:00" testType="13cdc9d9-ddb5-4fa4-a97d-d965ccfc6d4b" outcome="Passed" testListId="8c84fa94-04c1-424b-9868-57a2d4851a1d" relativeResultsDirectory="f9686b5f-94a7-4669-8470-1441f702bd5c" />
    <UnitTestResult executionId="8fa04d99-1379-421b-98be-75c548cbc92a" testId="c143a4fb-988e-b6ca-846d-f407501c85b2" testName="InvalidReplyStopsWithoutGuessing (&quot;q&quot;)" computerName="IOTERO-MSI76" duration="00:00:00.0001066" startTime="2026-09-25T07:09:14.2724669-04:00" endTime="2026-09-25T07:09:14.2727144-04:00" testType="13cdc9d9-ddb5-4fa4-a97d-d965ccfc6d4b" outcome="Passed" testListId="8c84fa94-04c1-424b-9868-57a2d4851a1d" relativeResultsDirectory="8fa04d99-1379-421b-98be-75c548cbc92a" />
    <UnitTestResult executionId="8bcc572c-fa61-437a-8112-d7cf5383ee8f" testId="37b2f73c-116b-348e-f2c2-8e83743af4a5" testName="StalledModelIsCancelledAndStudentStoppedWithoutInputOrFailure" computerName="IOTERO-MSI76" duration="00:00:00.0606942" startTime="2026-09-25T07:09:14.7545752-04:00" endTime="2026-09-25T07:09:14.8154276-04:00" testType="13cdc9d9-ddb5-4fa4-a97d-d965ccfc6d4b" outcome="Passed" testListId="8c84fa94-04c1-424b-9868-57a2d4851a1d" relativeResultsDirectory="8bcc572c-fa61-437a-8112-d7cf5383ee8f" />
    <UnitTestResult executionId="73ad7ff7-11cc-4c8d-99ff-9587b5fbe8ae" testId="5e838d53-61e3-c70e-5368-958278c29fb7" testName="Detect_UsesPrimarySolutionPath" computerName="IOTERO-MSI76" duration="00:00:00.0025068" startTime="2026-09-25T07:09:37.5652741-04:00" endTime="2026-09-25T07:09:37.5678238-04:00" testType="13cdc9d9-ddb5-4fa4-a97d-d965ccfc6d4b" outcome="Passed" testListId="8c84fa94-04c1-424b-9868-57a2d4851a1d" relativeResultsDirectory="73ad7ff7-11cc-4c8d-99ff-9587b5fbe8ae" />
    <UnitTestResult executionId="f718b533-6870-4554-8860-a940b6a1d0d5" testId="4d3ab042-cb3d-1b29-2edd-1aff6adcfac6" testName="BuildFindings_RecordsCrashAndHang" computerName="IOTERO-MSI76" duration="00:00:00.0005844" startTime="2026-09-25T07:09:32.3852098-04:00" endTime="2026-09-25T07:09:32.3858402-04:00" testType="13cdc9d9-ddb5-4fa4-a97d-d965ccfc6d4b" outcome="Passed" testListId="8c84fa94-04c1-424b-9868-57a2d4851a1d" relativeResultsDirectory="f718b533-6870-4554-8860-a940b6a1d0d5" />
    <UnitTestResult executionId="e0765b93-f343-4422-b892-05d01657a174" testId="4d57a70e-b42f-b982-9464-58c3d39f61f0" testName="MissingCompiler_DoesNotUsePrebuiltExecutable (VisualStudioSolution)" computerName="IOTERO-MSI76" duration="00:00:00.0024361" startTime="2026-09-25T07:09:51.1614432-04:00" endTime="2026-09-25T07:09:51.1639965-04:00" testType="13cdc9d9-ddb5-4fa4-a97d-d965ccfc6d4b" outcome="Passed" testListId="8c84fa94-04c1-424b-9868-57a2d4851a1d" relativeResultsDirectory="e0765b93-f343-4422-b892-05d01657a174" />
    <UnitTestResult executionId="df252eb2-e0bb-4f6e-854b-283b4c5067f8" testId="bd91e5b6-148e-1458-6a8b-3005f18c6beb" testName="CountMatches_KeywordInMultilineBlockComment_IsNotDetected" computerName="IOTERO-MSI76" duration="00:00:00.0000585" startTime="2026-09-25T07:09:51.1724175-04:00" endTime="2026-09-25T07:09:51.1724845-04:00" testType="13cdc9d9-ddb5-4fa4-a97d-d965ccfc6d4b" outcome="Passed" testListId="8c84fa94-04c1-424b-9868-57a2d4851a1d" relativeResultsDirectory="df252eb2-e0bb-4f6e-854b-283b4c5067f8" />
    <UnitTestResult executionId="25160f3d-0e8d-4f65-919b-20db4fbce33b" testId="ee1d9f04-5000-b8ff-a9e1-255558cadc0b" testName="AssignmentsOvertakeWaitingGeneralJobsWithoutInterruptingActiveJob" computerName="IOTERO-MSI76" duration="00:00:00.0022461" startTime="2026-09-25T07:09:32.4177765-04:00" endTime="2026-09-25T07:09:32.4201108-04:00" testType="13cdc9d9-ddb5-4fa4-a97d-d965ccfc6d4b" outcome="Passed" testListId="8c84fa94-04c1-424b-9868-57a2d4851a1d" relativeResultsDirectory="25160f3d-0e8d-4f65-919b-20db4fbce33b" />
    <UnitTestResult executionId="6993f766-1be8-4ab4-ba6d-e36e34de996a" testId="ead71bb5-030c-80c7-6b98-0584747b0d9f" testName="FindRelatedFiles_IncludesNestedIncludeAndOpenTabs" computerName="IOTERO-MSI76" duration="00:00:00.0204272" startTime="2026-09-25T07:09:37.5398736-04:00" endTime="2026-09-25T07:09:37.5603487-04:00" testType="13cdc9d9-ddb5-4fa4-a97d-d965ccfc6d4b" outcome="Passed" testListId="8c84fa94-04c1-424b-9868-57a2d4851a1d" relativeResultsDirectory="6993f766-1be8-4ab4-ba6d-e36e34de996a" />
    <UnitTestResult executionId="981c7cb6-e091-467e-9d6c-ad28d5a2907f" testId="72a6ea81-2c8f-9a61-7503-809df36450e2" testName="LegacyCommentsGainOverallFlagWithoutLosingExistingReview" computerName="IOTERO-MSI76" duration="00:00:02.1687620" startTime="2026-09-25T07:09:10.7399980-04:00" endTime="2026-09-25T07:09:12.9090505-04:00" testType="13cdc9d9-ddb5-4fa4-a97d-d965ccfc6d4b" outcome="Passed" testListId="8c84fa94-04c1-424b-9868-57a2d4851a1d" relativeResultsDirectory="981c7cb6-e091-467e-9d6c-ad28d5a2907f" />
    <UnitTestResult executionId="74042584-7cb4-4626-848a-fa2b57bc5f69" testId="0d4991b7-964b-13ca-7f3c-3de4155f57fe" testName="WaitActionSendsNoInputAndCallerCancellationCleansUp" computerName="IOTERO-MSI76" duration="00:00:00.1082482" startTime="2026-09-25T07:09:14.3047657-04:00" endTime="2026-09-25T07:09:14.4131342-04:00" testType="13cdc9d9-ddb5-4fa4-a97d-d965ccfc6d4b" outcome="Passed" testListId="8c84fa94-04c1-424b-9868-57a2d4851a1d" relativeResultsDirectory="74042584-7cb4-4626-848a-fa2b57bc5f69" />
    <UnitTestResult executionId="60182337-793d-4f50-874b-7ec8d253f439" testId="5d874921-cafb-f7f3-33f2-b71f52f89825" testName="CancellationPreventsFallback" computerName="IOTERO-MSI76" duration="00:00:00.0019469" startTime="2026-09-25T07:09:32.4154687-04:00" endTime="2026-09-25T07:09:32.4174569-04:00" testType="13cdc9d9-ddb5-4fa4-a97d-d965ccfc6d4b" outcome="Passed" testListId="8c84fa94-04c1-424b-9868-57a2d4851a1d" relativeResultsDirectory="60182337-793d-4f50-874b-7ec8d253f439" />
    <UnitTestResult executionId="71f909f1-04b0-47d2-a68a-ae3121f0eb39" testId="d2f0cccf-1bd5-b512-a68c-72a159abe016" testName="ClearInvalidatesOldWorkForOnlyThatFileAndAllowsNewReviews" computerName="IOTERO-MSI76" duration="00:00:00.0011718" startTime="2026-09-25T07:09:13.4608970-04:00" endTime="2026-09-25T07:09:13.4623130-04:00" testType="13cdc9d9-ddb5-4fa4-a97d-d965ccfc6d4b" outcome="Passed" testListId="8c84fa94-04c1-424b-9868-57a2d4851a1d" relativeResultsDirectory="71f909f1-04b0-47d2-a68a-ae3121f0eb39" />
    <UnitTestResult executionId="12b76770-7286-45cf-bad6-90f6b60b10d3" testId="ef8ed931-f340-4065-a3c4-24517c465e9e" testName="Extract_WritesNestedFilesAndOverwritesExistingFiles" computerName="IOTERO-MSI76" duration="00:00:00.0299038" startTime="2026-09-25T07:09:51.3357551-04:00" endTime="2026-09-25T07:09:51.3657066-04:00" testType="13cdc9d9-ddb5-4fa4-a97d-d965ccfc6d4b" outcome="Passed" testListId="8c84fa94-04c1-424b-9868-57a2d4851a1d" relativeResultsDirectory="12b76770-7286-45cf-bad6-90f6b60b10d3" />
    <UnitTestResult executionId="b7a8c849-510a-46d3-9c21-aba6c5329309" testId="a1acb852-97e2-47e2-6afa-b3a5e4a376fe" testName="MenuCoverageSelectsBuySellThenLeaveAndUsesModelOnlyForItems" computerName="IOTERO-MSI76" duration="00:00:00.0009601" startTime="2026-09-25T07:09:14.8242044-04:00" endTime="2026-09-25T07:09:14.8252368-04:00" testType="13cdc9d9-ddb5-4fa4-a97d-d965ccfc6d4b" outcome="Passed" testListId="8c84fa94-04c1-424b-9868-57a2d4851a1d" relativeResultsDirectory="b7a8c849-510a-46d3-9c21-aba6c5329309" />
    <UnitTestResult executionId="1a2622e8-b859-4110-bbba-0c691adf1246" testId="81b380aa-6689-3521-bb0f-89416b27f84a" testName="CountMatches_KeywordInBlockCommentOnlyOneOfTwo_CountsOne" computerName="IOTERO-MSI76" duration="00:00:00.0000550" startTime="2026-09-25T07:09:51.1723493-04:00" endTime="2026-09-25T07:09:51.1724134-04:00" testType="13cdc9d9-ddb5-4fa4-a97d-d965ccfc6d4b" outcome="Passed" testListId="8c84fa94-04c1-424b-9868-57a2d4851a1d" relativeResultsDirectory="1a2622e8-b859-4110-bbba-0c691adf1246" />
    <UnitTestResult executionId="8b134e0c-f034-4039-9e52-bd0a91e8141f" testId="f5ba6366-3397-bc36-451a-138c63f93717" testName="InvalidFolderHasExplicitValidationError (&quot;Example_Alex-&quot;)" computerName="IOTERO-MSI76" duration="00:00:00.0000037" startTime="2026-09-25T07:09:51.1040165-04:00" endTime="2026-09-25T07:09:51.1040295-04:00" testType="13cdc9d9-ddb5-4fa4-a97d-d965ccfc6d4b" outcome="Passed" testListId="8c84fa94-04c1-424b-9868-57a2d4851a1d" relativeResultsDirectory="8b134e0c-f034-4039-9e52-bd0a91e8141f" />
    <UnitTestResult executionId="91ab91bf-0d88-4c39-a577-191df0d77368" testId="c351d575-0550-938d-dd94-7335d4f4cf96" testName="SafeDisplayName_KeepsOriginalHeaderName" computerName="IOTERO-MSI76" duration="00:00:00.0001165" startTime="2026-09-25T07:09:51.1026299-04:00" endTime="2026-09-25T07:09:51.1027580-04:00" testType="13cdc9d9-ddb5-4fa4-a97d-d965ccfc6d4b" outcome="Passed" testListId="8c84fa94-04c1-424b-9868-57a2d4851a1d" relativeResultsDirectory="91ab91bf-0d88-4c39-a577-191df0d77368" />
    <UnitTestResult executionId="682961c9-2c9e-42eb-8aa5-5b90f567712c" testId="07a6667b-35a6-0730-c4dd-140bba812de6" testName="RunAsync_TimesOutHungProcess" computerName="IOTERO-MSI76" duration="00:00:00.5697427" startTime="2026-09-25T07:09:36.9400594-04:00" endTime="2026-09-25T07:09:37.5098552-04:00" testType="13cdc9d9-ddb5-4fa4-a97d-d965ccfc6d4b" outcome="Passed" testListId="8c84fa94-04c1-424b-9868-57a2d4851a1d" relativeResultsDirectory="682961c9-2c9e-42eb-8aa5-5b90f567712c" />
    <UnitTestResult executionId="334626cf-6b44-418d-8f8e-3071735bd7b9" testId="534e000a-97c8-aa38-6324-db187f80b0e3" testName="Extract_RejectsUnsafeEntriesBeforeWriting (&quot;\\server\share\outside.txt&quot;)" computerName="IOTERO-MSI76" duration="00:00:00.0102672" startTime="2026-09-25T07:09:51.2858165-04:00" endTime="2026-09-25T07:09:51.2961958-04:00" testType="13cdc9d9-ddb5-4fa4-a97d-d965ccfc6d4b" outcome="Passed" testListId="8c84fa94-04c1-424b-9868-57a2d4851a1d" relativeResultsDirectory="334626cf-6b44-418d-8f8e-3071735bd7b9" />
    <UnitTestResult executionId="b732d480-5b10-44f8-a3b5-d36df0c1765b" testId="e566179f-c73f-e20a-234a-070d0bee7d2f" testName="CapacityIncludesActiveJob" computerName="IOTERO-MSI76" duration="00:00:00.0027437" startTime="2026-09-25T07:09:10.2785503-04:00" endTime="2026-09-25T07:09:10.2814883-04:00" testType="13cdc9d9-ddb5-4fa4-a97d-d965ccfc6d4b" outcome="Passed" testListId="8c84fa94-04c1-424b-9868-57a2d4851a1d" relativeResultsDirectory="b732d480-5b10-44f8-a3b5-d36df0c1765b" />
    <UnitTestResult executionId="3284cb29-7a7f-4aba-9533-11aa1e988b62" testId="18ee79d4-3fb6-9c92-308b-677e69ce8697" testName="Worker_BuildsAndDrivesConsoleWithoutLlmCredentials (False,True)" computerName="IOTERO-MSI76" duration="00:00:04.1654601" startTime="2026-09-25T07:09:46.8419872-04:00" endTime="2026-09-25T07:09:51.0076559-04:00" testType="13cdc9d9-ddb5-4fa4-a97d-d965ccfc6d4b" outcome="Passed" testListId="8c84fa94-04c1-424b-9868-57a2d4851a1d" relativeResultsDirectory="3284cb29-7a7f-4aba-9533-11aa1e988b62" />
    <UnitTestResult executionId="68d957bf-46a1-40f3-8641-ca6b6fbfd4d2" testId="a00c18fb-1969-1792-61c6-3c6e49c48425" testName="ProgressMailboxBoundsTinyAndOversizedChunksAndIgnoresDisposedProducers" computerName="IOTERO-MSI76" duration="00:00:00.0100565" startTime="2026-09-25T07:09:32.9010758-04:00" endTime="2026-09-25T07:09:32.9111861-04:00" testType="13cdc9d9-ddb5-4fa4-a97d-d965ccfc6d4b" outcome="Passed" testListId="8c84fa94-04c1-424b-9868-57a2d4851a1d" relativeResultsDirectory="68d957bf-46a1-40f3-8641-ca6b6fbfd4d2" />
    <UnitTestResult executionId="a1ed0635-df95-4182-a578-f2c219bc59c0" testId="b37fac6e-8ff2-9346-d06b-aaa42498aebb" testName="InvalidFolderHasExplicitValidationError (&quot;Example_-123&quot;)" computerName="IOTERO-MSI76" duration="00:00:00.0000059" startTime="2026-09-25T07:09:51.1039734-04:00" endTime="2026-09-25T07:09:51.1039957-04:00" testType="13cdc9d9-ddb5-4fa4-a97d-d965ccfc6d4b" outcome="Passed" testListId="8c84fa94-04c1-424b-9868-57a2d4851a1d" relativeResultsDirectory="a1ed0635-df95-4182-a578-f2c219bc59c0" />
    <UnitTestResult executionId="2d63d7a3-b6bb-4c54-8999-609797596b82" testId="3d5e7f42-6594-f14b-b3cc-d68df8adf881" testName="ContinuousOutputWithoutInputStillStopsAtObservationLimit" computerName="IOTERO-MSI76" duration="00:00:00.1121329" startTime="2026-09-25T07:09:14.8292186-04:00" endTime="2026-09-25T07:09:14.9414351-04:00" testType="13cdc9d9-ddb5-4fa4-a97d-d965ccfc6d4b" outcome="Passed" testListId="8c84fa94-04c1-424b-9868-57a2d4851a1d" relativeResultsDirectory="2d63d7a3-b6bb-4c54-8999-609797596b82" />
    <UnitTestResult executionId="8ba3d985-0ffb-47fd-acb9-8e7785723b7b" testId="7ec0e1ed-2174-402c-c942-77c66cc82c0d" testName="Parse_ReadsCloseFromMarkdown" computerName="IOTERO-MSI76" duration="00:00:00.0001000" startTime="2026-09-25T07:09:32.3850554-04:00" endTime="2026-09-25T07:09:32.3851937-04:00" testType="13cdc9d9-ddb5-4fa4-a97d-d965ccfc6d4b" outcome="Passed" testListId="8c84fa94-04c1-424b-9868-57a2d4851a1d" relativeResultsDirectory="8ba3d985-0ffb-47fd-acb9-8e7785723b7b" />
    <UnitTestResult executionId="1b3c3a5c-1576-4804-9dd6-929ba2f6a5e5" testId="9772e2a7-cd59-2300-bfa4-dc905832c020" testName="IdenticalOptionsUnderDifferentHeadingsHaveIndependentCoverage" computerName="IOTERO-MSI76" duration="00:00:00.0001328" startTime="2026-09-25T07:09:14.8289988-04:00" endTime="2026-09-25T07:09:14.8291923-04:00" testType="13cdc9d9-ddb5-4fa4-a97d-d965ccfc6d4b" outcome="Passed" testListId="8c84fa94-04c1-424b-9868-57a2d4851a1d" relativeResultsDirectory="1b3c3a5c-1576-4804-9dd6-929ba2f6a5e5" />
    <UnitTestResult executionId="b41b4cfc-b260-421f-b525-a15b7cdaf040" testId="7e0595ab-bb54-2ebe-a7b5-1d821f42c376" testName="WorkspaceKeepsNativeEditorMenusAndFrameworkPanels" computerName="IOTERO-MSI76" duration="00:00:00.2142951" startTime="2026-09-25T07:09:22.6443042-04:00" endTime="2026-09-25T07:09:22.8587149-04:00" testType="13cdc9d9-ddb5-4fa4-a97d-d965ccfc6d4b" outcome="Passed" testListId="8c84fa94-04c1-424b-9868-57a2d4851a1d" relativeResultsDirectory="b41b4cfc-b260-421f-b525-a15b7cdaf040" />
    <UnitTestResult executionId="e05399db-580a-47da-b22e-a84becd9c0d4" testId="ef34cf01-5a0c-c26a-1e97-ec87bc8b2867" testName="JobsWaitForCleanupAndRunInOrder" computerName="IOTERO-MSI76" duration="00:00:00.0658575" startTime="2026-09-25T07:09:10.1357771-04:00" endTime="2026-09-25T07:09:10.2017916-04:00" testType="13cdc9d9-ddb5-4fa4-a97d-d965ccfc6d4b" outcome="Passed" testListId="8c84fa94-04c1-424b-9868-57a2d4851a1d" relativeResultsDirectory="e05399db-580a-47da-b22e-a84becd9c0d4" />
    <UnitTestResult executionId="6e588cb1-c85c-4b7b-968d-63e4eed58238" testId="e5e3ad7f-1703-4caa-ee14-075e720542e0" testName="Packaging_RejectsGuestCredentialsInsideInputs" computerName="IOTERO-MSI76" duration="00:00:00.0006226" startTime="2026-09-25T07:09:23.3320504-04:00" endTime="2026-09-25T07:09:23.3328060-04:00" testType="13cdc9d9-ddb5-4fa4-a97d-d965ccfc6d4b" outcome="Passed" testListId="8c84fa94-04c1-424b-9868-57a2d4851a1d" relativeResultsDirectory="6e588cb1-c85c-4b7b-968d-63e4eed58238" />
    <UnitTestResult executionId="5e0b8919-9f13-49ec-a208-7344486c3361" testId="1e8dcbe2-5163-9060-1846-805866d93d1f" testName="CountMatches_MethodPattern_IgnoreAndClear" computerName="IOTERO-MSI76" duration="00:00:00.0000640" startTime="2026-09-25T07:09:51.1716085-04:00" endTime="2026-09-25T07:09:51.1716805-04:00" testType="13cdc9d9-ddb5-4fa4-a97d-d965ccfc6d4b" outcome="Passed" testListId="8c84fa94-04c1-424b-9868-57a2d4851a1d" relativeResultsDirectory="5e0b8919-9f13-49ec-a208-7344486c3361" />
    <UnitTestResult executionId="7a79c6f6-b0c9-434a-92d7-4953cf3754a7" testId="f55f16a8-176e-5869-05d9-4ee94594ef28" testName="NativeFailure_IsReportedWithoutRetryingOrLaunchingStaleOutput (True)" computerName="IOTERO-MSI76" duration="00:00:00.0032018" startTime="2026-09-25T07:09:32.8723958-04:00" endTime="2026-09-25T07:09:32.8757373-04:00" testType="13cdc9d9-ddb5-4fa4-a97d-d965ccfc6d4b" outcome="Passed" testListId="8c84fa94-04c1-424b-9868-57a2d4851a1d" relativeResultsDirectory="7a79c6f6-b0c9-434a-92d7-4953cf3754a7" />
    <UnitTestResult executionId="1ec68369-fbbd-4317-95f3-ecd481c6d208" testId="36ebecfa-955f-fb16-ea50-c563c984a9ae" testName="RunAsync_PipesStdin" computerName="IOTERO-MSI76" duration="00:00:00.1917927" startTime="2026-09-25T07:09:36.7481046-04:00" endTime="2026-09-25T07:09:36.9399518-04:00" testType="13cdc9d9-ddb5-4fa4-a97d-d965ccfc6d4b" outcome="Passed" testListId="8c84fa94-04c1-424b-9868-57a2d4851a1d" relativeResultsDirectory="1ec68369-fbbd-4317-95f3-ecd481c6d208" />
    <UnitTestResult executionId="4f9ef1ed-5a98-40ef-af97-e00315f1f50c" testId="ed852d72-593b-e334-2af5-afdef0da40f4" testName="MissingResponseContentUsesExistingFallback (&quot;{&quot;message&quot;:null}&quot;)" computerName="IOTERO-MSI76" duration="00:00:00.0003250" startTime="2026-09-25T07:09:32.8964420-04:00" endTime="2026-09-25T07:09:32.8968515-04:00" testType="13cdc9d9-ddb5-4fa4-a97d-d965ccfc6d4b" outcome="Passed" testListId="8c84fa94-04c1-424b-9868-57a2d4851a1d" relativeResultsDirectory="4f9ef1ed-5a98-40ef-af97-e00315f1f50c" />
    <UnitTestResult executionId="fdc68508-6a23-4ad8-bcc2-f6ae14206aec" testId="94eacdf3-7928-19f5-29d2-b7d83f86effa" testName="NativeFailure_IsReportedWithoutRetryingOrLaunchingStaleOutput (False)" computerName="IOTERO-MSI76" duration="00:00:00.0076153" startTime="2026-09-25T07:09:32.8645913-04:00" endTime="2026-09-25T07:09:32.8723616-04:00" testType="13cdc9d9-ddb5-4fa4-a97d-d965ccfc6d4b" outcome="Passed" testListId="8c84fa94-04c1-424b-9868-57a2d4851a1d" relativeResultsDirectory="fdc68508-6a23-4ad8-bcc2-f6ae14206aec" />
    <UnitTestResult executionId="4f9555a4-7dd9-4958-90f0-c16f1561b3fe" testId="ade51ea4-5e45-f7b1-994d-b9c63b9cf8c1" testName="CpuFallbackFailureStopsAfterSecondAttempt" computerName="IOTERO-MSI76" duration="00:00:00.0008328" startTime="2026-09-25T07:09:32.4145642-04:00" endTime="2026-09-25T07:09:32.4154513-04:00" testType="13cdc9d9-ddb5-4fa4-a97d-d965ccfc6d4b" outcome="Passed" testListId="8c84fa94-04c1-424b-9868-57a2d4851a1d" relativeResultsDirectory="4f9555a4-7dd9-4958-90f0-c16f1561b3fe" />
    <UnitTestResult executionId="fbe639b4-f330-483f-925b-3a4e301f0123" testId="d6a63305-4ba0-957c-8666-5cff9216feb7" testName="Worker_BuildsAndDrivesConsoleWithoutLlmCredentials (False,False)" computerName="IOTERO-MSI76" duration="00:00:05.0593212" startTime="2026-09-25T07:09:37.5956063-04:00" endTime="2026-09-25T07:09:42.6552192-04:00" testType="13cdc9d9-ddb5-4fa4-a97d-d965ccfc6d4b" outcome="Passed" testListId="8c84fa94-04c1-424b-9868-57a2d4851a1d" relativeResultsDirectory="fbe639b4-f330-483f-925b-3a4e301f0123" />
    <UnitTestResult executionId="286eced4-2548-4630-a407-23c401001ad0" testId="4552fbae-1938-096a-a5d4-7fac75f15394" testName="Extract_RejectsUnsafeEntriesBeforeWriting (&quot;../outside.txt&quot;)" computerName="IOTERO-MSI76" duration="00:00:00.0290786" startTime="2026-09-25T07:09:51.1726794-04:00" endTime="2026-09-25T07:09:51.2019024-04:00" testType="13cdc9d9-ddb5-4fa4-a97d-d965ccfc6d4b" outcome="Passed" testListId="8c84fa94-04c1-424b-9868-57a2d4851a1d" relativeResultsDirectory="286eced4-2548-4630-a407-23c401001ad0" />
    <UnitTestResult executionId="4abdd40d-e3f9-4b26-ae7a-014751a5fc57" testId="1c6dc5e8-01ae-08e0-01a2-42f77aebd10d" testName="CopyDependencies_PreservesBuiltAssemblyAndSkipsReferenceAssemblies" computerName="IOTERO-MSI76" duration="00:00:00.0134382" startTime="2026-09-25T07:09:32.8757675-04:00" endTime="2026-09-25T07:09:32.8893381-04:00" testType="13cdc9d9-ddb5-4fa4-a97d-d965ccfc6d4b" outcome="Passed" testListId="8c84fa94-04c1-424b-9868-57a2d4851a1d" relativeResultsDirectory="4abdd40d-e3f9-4b26-ae7a-014751a5fc57" />
    <UnitTestResult executionId="9ddd9c22-ffed-4ef3-b098-7409758360c8" testId="41343009-3c32-7abb-37fc-3d5b4ddeab83" testName="AssignmentUsesItsRequirementsAndRubricForOneCombinedReview" computerName="IOTERO-MSI76" duration="00:00:00.0024282" startTime="2026-09-25T07:09:36.6971109-04:00" endTime="2026-09-25T07:09:36.6996508-04:00" testType="13cdc9d9-ddb5-4fa4-a97d-d965ccfc6d4b" outcome="Passed" testListId="8c84fa94-04c1-424b-9868-57a2d4851a1d" relativeResultsDirectory="9ddd9c22-ffed-4ef3-b098-7409758360c8" />
    <UnitTestResult executionId="09f5b55c-7341-47c9-8b55-0f3e0519e3f5" testId="4d440ce5-d047-4646-4193-8117b8a145d3" testName="OverallReviewCompletionFollowsOriginalFileAndClearInvalidatesPendingResult" computerName="IOTERO-MSI76" duration="00:00:00.2491277" startTime="2026-09-25T07:09:21.6942297-04:00" endTime="2026-09-25T07:09:21.9434455-04:00" testType="13cdc9d9-ddb5-4fa4-a97d-d965ccfc6d4b" outcome="Passed" testListId="8c84fa94-04c1-424b-9868-57a2d4851a1d" relativeResultsDirectory="09f5b55c-7341-47c9-8b55-0f3e0519e3f5" />
    <UnitTestResult executionId="92228a22-e92c-464e-a04d-f884ea23dd74" testId="57a005b6-8b19-ddde-c2ce-93f9006fe133" testName="InvalidReplyStopsWithoutGuessing (&quot;{bad json}&quot;)" computerName="IOTERO-MSI76" duration="00:00:00.0106890" startTime="2026-09-25T07:09:14.2727423-04:00" endTime="2026-09-25T07:09:14.2835254-04:00" testType="13cdc9d9-ddb5-4fa4-a97d-d965ccfc6d4b" outcome="Passed" testListId="8c84fa94-04c1-424b-9868-57a2d4851a1d" relativeResultsDirectory="92228a22-e92c-464e-a04d-f884ea23dd74" />
    <UnitTestResult executionId="b4bfe41d-80ae-44e7-8a5b-8610c70937fc" testId="5e6769f9-367e-64b5-e968-fc25e22f586c" testName="CountMatches_KeywordInBlockComment_IsNotDetected" computerName="IOTERO-MSI76" duration="00:00:00.0000653" startTime="2026-09-25T07:09:51.1722676-04:00" endTime="2026-09-25T07:09:51.1723446-04:00" testType="13cdc9d9-ddb5-4fa4-a97d-d965ccfc6d4b" outcome="Passed" testListId="8c84fa94-04c1-424b-9868-57a2d4851a1d" relativeResultsDirectory="b4bfe41d-80ae-44e7-8a5b-8610c70937fc" />
    <UnitTestResult executionId="1750b9a0-a126-4fe8-ba1f-d58c383e6b9b" testId="88357c89-0689-58b7-8ce7-3d21039d1e09" testName="Parse_ReadsTypeAction" computerName="IOTERO-MSI76" duration="00:00:00.0001616" startTime="2026-09-25T07:09:32.3848309-04:00" endTime="2026-09-25T07:09:32.3850375-04:00" testType="13cdc9d9-ddb5-4fa4-a97d-d965ccfc6d4b" outcome="Passed" testListId="8c84fa94-04c1-424b-9868-57a2d4851a1d" relativeResultsDirectory="1750b9a0-a126-4fe8-ba1f-d58c383e6b9b" />
    <UnitTestResult executionId="f51185cc-e010-429f-b142-43dcfd4f7413" testId="3fd4db9c-2a5b-1c57-fc50-2c10f3dec49a" testName="Extract_RejectsUnsafeEntriesBeforeWriting (&quot;C:\outside.txt&quot;)" computerName="IOTERO-MSI76" duration="00:00:00.0142205" startTime="2026-09-25T07:09:51.2478360-04:00" endTime="2026-09-25T07:09:51.2621689-04:00" testType="13cdc9d9-ddb5-4fa4-a97d-d965ccfc6d4b" outcome="Passed" testListId="8c84fa94-04c1-424b-9868-57a2d4851a1d" relativeResultsDirectory="f51185cc-e010-429f-b142-43dcfd4f7413" />
    <UnitTestResult executionId="6f3a06fd-25da-47cc-b840-99c97aa39aa4" testId="088bd042-22b8-16c7-e662-78b3420831f3" testName="ConsoleFloodRetainsTailAndCanStillReadTheNextPrompt (True)" computerName="IOTERO-MSI76" duration="00:00:01.5754810" startTime="2026-09-25T07:09:33.6281808-04:00" endTime="2026-09-25T07:09:35.2038179-04:00" testType="13cdc9d9-ddb5-4fa4-a97d-d965ccfc6d4b" outcome="Passed" testListId="8c84fa94-04c1-424b-9868-57a2d4851a1d" relativeResultsDirectory="6f3a06fd-25da-47cc-b840-99c97aa39aa4" />
    <UnitTestResult executionId="f77cd0ea-0901-441c-836c-95f810b28daf" testId="1ed123a2-2ffb-0151-46a5-5c407587dca8" testName="PromptKeepsNewestContextWhenHistoryExceedsBudget" computerName="IOTERO-MSI76" duration="00:00:00.0043509" startTime="2026-09-25T07:09:14.2878539-04:00" endTime="2026-09-25T07:09:14.2922650-04:00" testType="13cdc9d9-ddb5-4fa4-a97d-d965ccfc6d4b" outcome="Passed" testListId="8c84fa94-04c1-424b-9868-57a2d4851a1d" relativeResultsDirectory="f77cd0ea-0901-441c-836c-95f810b28daf" />
    <UnitTestResult executionId="8ac46f35-5acc-4a2e-9f73-08551e625738" testId="97b8a6aa-7c23-f2aa-e1e8-0262a34a4191" testName="InvalidJsonIsRetriedOnceWithoutTypingTheInvalidReply" computerName="IOTERO-MSI76" duration="00:00:00.0009425" startTime="2026-09-25T07:09:14.5465617-04:00" endTime="2026-09-25T07:09:14.5476079-04:00" testType="13cdc9d9-ddb5-4fa4-a97d-d965ccfc6d4b" outcome="Passed" testListId="8c84fa94-04c1-424b-9868-57a2d4851a1d" relativeResultsDirectory="8ac46f35-5acc-4a2e-9f73-08551e625738" />
    <UnitTestResult executionId="529898bc-072d-4791-9ec4-e9089cbed3ca" testId="10ff393a-e1a5-1118-f6fb-4abd33fb8b81" testName="BuildFindings_TimeBudgetIsInconclusive" computerName="IOTERO-MSI76" duration="00:00:00.0006114" startTime="2026-09-25T07:09:32.3834496-04:00" endTime="2026-09-25T07:09:32.3841986-04:00" testType="13cdc9d9-ddb5-4fa4-a97d-d965ccfc6d4b" outcome="Passed" testListId="8c84fa94-04c1-424b-9868-57a2d4851a1d" relativeResultsDirectory="529898bc-072d-4791-9ec4-e9089cbed3ca" />
    <UnitTestResult executionId="bbca564b-dcc3-4e77-8c4d-ca210fe93094" testId="83f9b1cb-1a41-f959-bb40-f51ea785c16a" testName="FailureDoesNotBlockNextJobAndKeyCanBeReused" computerName="IOTERO-MSI76" duration="00:00:00.0762430" startTime="2026-09-25T07:09:10.2019172-04:00" endTime="2026-09-25T07:09:10.2784404-04:00" testType="13cdc9d9-ddb5-4fa4-a97d-d965ccfc6d4b" outcome="Passed" testListId="8c84fa94-04c1-424b-9868-57a2d4851a1d" relativeResultsDirectory="bbca564b-dcc3-4e77-8c4d-ca210fe93094" />
    <UnitTestResult executionId="38cfbda1-1eaa-4316-ad47-865b195c2f2f" testId="da31c4cd-55a6-da54-45fe-151b0bdc0292" testName="FormatsEditedFeedbackAndEscapesHtml" computerName="IOTERO-MSI76" duration="00:00:00.0006930" startTime="2026-09-25T07:09:15.0843847-04:00" endTime="2026-09-25T07:09:15.0852308-04:00" testType="13cdc9d9-ddb5-4fa4-a97d-d965ccfc6d4b" outcome="Passed" testListId="8c84fa94-04c1-424b-9868-57a2d4851a1d" relativeResultsDirectory="38cfbda1-1eaa-4316-ad47-865b195c2f2f" />
    <UnitTestResult executionId="a3ead33d-a12b-41d5-993d-488616bad9ff" testId="65a64ee9-ca5e-296a-7664-e640d2a43c41" testName="MissingResponseContentUsesExistingFallback (&quot;{&quot;message&quot;:{&quot;content&quot;:null}}&quot;)" computerName="IOTERO-MSI76" duration="00:00:00.0000383" startTime="2026-09-25T07:09:32.8974549-04:00" endTime="2026-09-25T07:09:32.8975328-04:00" testType="13cdc9d9-ddb5-4fa4-a97d-d965ccfc6d4b" outcome="Passed" testListId="8c84fa94-04c1-424b-9868-57a2d4851a1d" relativeResultsDirectory="a3ead33d-a12b-41d5-993d-488616bad9ff" />
    <UnitTestResult executionId="6214c92c-bcf7-436c-9e38-a237f73dac68" testId="079c33c6-8620-24f8-624f-c26ec825abd5" testName="ExtractDeclaredTypes_IncludesClassNameFromHeader" computerName="IOTERO-MSI76" duration="00:00:00.0001572" startTime="2026-09-25T07:09:37.5603751-04:00" endTime="2026-09-25T07:09:37.5605760-04:00" testType="13cdc9d9-ddb5-4fa4-a97d-d965ccfc6d4b" outcome="Passed" testListId="8c84fa94-04c1-424b-9868-57a2d4851a1d" relativeResultsDirectory="6214c92c-bcf7-436c-9e38-a237f73dac68" />
    <UnitTestResult executionId="a604408d-9cdb-46db-839e-769363aa9398" testId="08c8bae0-6159-e659-296b-5675e51d2e1e" testName="NativeBuild_RunsFromProjectDirectoryForRelativeFiles (VisualStudioSolution)" computerName="IOTERO-MSI76" duration="00:00:00.0110324" startTime="2026-09-25T07:09:51.1182996-04:00" endTime="2026-09-25T07:09:51.1297311-04:00" testType="13cdc9d9-ddb5-4fa4-a97d-d965ccfc6d4b" outcome="Passed" testListId="8c84fa94-04c1-424b-9868-57a2d4851a1d" relativeResultsDirectory="a604408d-9cdb-46db-839e-769363aa9398" />
    <UnitTestResult executionId="30cf1eda-95f1-4bf0-adba-ee6719a4356b" testId="719b899d-9c06-e938-0f1b-ff33a4cce4aa" testName="CopyDependencies_CopiesDllsNextToExe" computerName="IOTERO-MSI76" duration="00:00:00.0037465" startTime="2026-09-25T07:09:32.8893760-04:00" endTime="2026-09-25T07:09:32.8931996-04:00" testType="13cdc9d9-ddb5-4fa4-a97d-d965ccfc6d4b" outcome="Passed" testListId="8c84fa94-04c1-424b-9868-57a2d4851a1d" relativeResultsDirectory="30cf1eda-95f1-4bf0-adba-ee6719a4356b" />
    <UnitTestResult executionId="63fe8115-ac6a-445e-9391-a37853acffdf" testId="3550da24-9648-e324-23f3-29749211656b" testName="UpdateBoundaryPreservesTextSelectionUndoAndInputSupport" computerName="IOTERO-MSI76" duration="00:00:00.7703922" startTime="2026-09-25T07:09:13.4957929-04:00" endTime="2026-09-25T07:09:14.2663380-04:00" testType="13cdc9d9-ddb5-4fa4-a97d-d965ccfc6d4b" outcome="Passed" testListId="8c84fa94-04c1-424b-9868-57a2d4851a1d" relativeResultsDirectory="63fe8115-ac6a-445e-9391-a37853acffdf" />
    <UnitTestResult executionId="48f6b23a-4878-4c96-a671-f3ecac4cab77" testId="e3585b0b-32ae-495a-66c4-59dd8c25651c" testName="Protocol_RejectsUnboundedGuestOutput" computerName="IOTERO-MSI76" duration="00:00:00.0095811" startTime="2026-09-25T07:09:23.3338953-04:00" endTime="2026-09-25T07:09:23.3435258-04:00" testType="13cdc9d9-ddb5-4fa4-a97d-d965ccfc6d4b" outcome="Passed" testListId="8c84fa94-04c1-424b-9868-57a2d4851a1d" relativeResultsDirectory="48f6b23a-4878-4c96-a671-f3ecac4cab77" />
    <UnitTestResult executionId="64044b89-dca6-47b4-b5a9-d80d15cd9a89" testId="9bfa5820-5502-eb4a-7258-0cc20af79160" testName="ClearDeletesEveryReviewStatusForOnlyTheTargetFileAndSurvivesReload" computerName="IOTERO-MSI76" duration="00:00:00.5510039" startTime="2026-09-25T07:09:12.9094335-04:00" endTime="2026-09-25T07:09:13.4607696-04:00" testType="13cdc9d9-ddb5-4fa4-a97d-d965ccfc6d4b" outcome="Passed" testListId="8c84fa94-04c1-424b-9868-57a2d4851a1d" relativeResultsDirectory="64044b89-dca6-47b4-b5a9-d80d15cd9a89" />
    <UnitTestResult executionId="115f1bca-6ea4-4115-928d-c01c28004733" testId="e6983e84-52f2-eac1-d63f-0bd152d93123" testName="CountMatches_MethodPattern_MatchesSingleArgCall" computerName="IOTERO-MSI76" duration="00:00:00.0001203" startTime="2026-09-25T07:09:51.1711130-04:00" endTime="2026-09-25T07:09:51.1712543-04:00" testType="13cdc9d9-ddb5-4fa4-a97d-d965ccfc6d4b" outcome="Passed" testListId="8c84fa94-04c1-424b-9868-57a2d4851a1d" relativeResultsDirectory="115f1bca-6ea4-4115-928d-c01c28004733" />
    <UnitTestResult executionId="490db306-ed28-41fc-b6b8-04b4d849155b" testId="ea087b8b-5e1f-11f4-966e-25ce94196e02" testName="RemapPath_KeepsRelativeLayout" computerName="IOTERO-MSI76" duration="00:00:00.0000845" startTime="2026-09-25T07:09:10.7397852-04:00" endTime="2026-09-25T07:09:10.7399612-04:00" testType="13cdc9d9-ddb5-4fa4-a97d-d965ccfc6d4b" outcome="Passed" testListId="8c84fa94-04c1-424b-9868-57a2d4851a1d" relativeResultsDirectory="490db306-ed28-41fc-b6b8-04b4d849155b" />
    <UnitTestResult executionId="01d4db26-909e-479c-986b-38620b613ed1" testId="d793329d-c919-9ce4-95f4-f34853086e93" testName="InvalidFolderHasExplicitValidationError (&quot;notes&quot;)" computerName="IOTERO-MSI76" duration="00:00:00.0002008" startTime="2026-09-25T07:09:51.1032959-04:00" endTime="2026-09-25T07:09:51.1035593-04:00" testType="13cdc9d9-ddb5-4fa4-a97d-d965ccfc6d4b" outcome="Passed" testListId="8c84fa94-04c1-424b-9868-57a2d4851a1d" relativeResultsDirectory="01d4db26-909e-479c-986b-38620b613ed1" />
    <UnitTestResult executionId="a6b5bad4-0866-4ce3-b3e4-5fd15d0591e9" testId="f21e840e-701c-12a6-5fa8-3e51110577b6" testName="SavedSectionIncludesSuggestedCodeAndBothFeedbackCategories" computerName="IOTERO-MSI76" duration="00:00:00.0005866" startTime="2026-09-25T07:09:15.0575082-04:00" endTime="2026-09-25T07:09:15.0581697-04:00" testType="13cdc9d9-ddb5-4fa4-a97d-d965ccfc6d4b" outcome="Passed" testListId="8c84fa94-04c1-424b-9868-57a2d4851a1d" relativeResultsDirectory="a6b5bad4-0866-4ce3-b3e4-5fd15d0591e9" />
    <UnitTestResult executionId="613629e0-387a-422c-8b06-b730871639b8" testId="2be9b590-e808-386a-7a09-639fd42da1aa" testName="TerminalBoundsTextAndVisualObjectsAndResetsBetweenJobs" computerName="IOTERO-MSI76" duration="00:00:00.0920994" startTime="2026-09-25T07:09:51.0080053-04:00" endTime="2026-09-25T07:09:51.1002074-04:00" testType="13cdc9d9-ddb5-4fa4-a97d-d965ccfc6d4b" outcome="Passed" testListId="8c84fa94-04c1-424b-9868-57a2d4851a1d" relativeResultsDirectory="613629e0-387a-422c-8b06-b730871639b8" />
    <UnitTestResult executionId="27bda565-cbe4-4e7a-81bc-21a5108deffd" testId="c7375ed9-ae5c-e110-1fa2-63b163e1cc43" testName="RecyclingRetainsNestedStateAndOpenDocument" computerName="IOTERO-MSI76" duration="00:00:06.0764671" startTime="2026-09-25T07:09:15.0852948-04:00" endTime="2026-09-25T07:09:21.1619630-04:00" testType="13cdc9d9-ddb5-4fa4-a97d-d965ccfc6d4b" outcome="Passed" testListId="8c84fa94-04c1-424b-9868-57a2d4851a1d" relativeResultsDirectory="27bda565-cbe4-4e7a-81bc-21a5108deffd" />
    <UnitTestResult executionId="40d1bf2d-2565-4a64-ae8b-18f5fb5ef1c5" testId="bf21fba9-f9c8-ab67-ec78-e5f6addd4863" testName="Protocol_PreservesJsonAndHandlesEof" computerName="IOTERO-MSI76" duration="00:00:00.0004526" startTime="2026-09-25T07:09:23.3439633-04:00" endTime="2026-09-25T07:09:23.3444801-04:00" testType="13cdc9d9-ddb5-4fa4-a97d-d965ccfc6d4b" outcome="Passed" testListId="8c84fa94-04c1-424b-9868-57a2d4851a1d" relativeResultsDirectory="40d1bf2d-2565-4a64-ae8b-18f5fb5ef1c5" />
    <UnitTestResult executionId="378debd2-4976-4f9b-abdc-c3d80f6eb75f" testId="ce038d69-b1f4-2bd7-de5a-79f549b37143" testName="FindRunnableOutput_PrefersDebugExeOverSolutionRoot" computerName="IOTERO-MSI76" duration="00:00:00.0036761" startTime="2026-09-25T07:09:37.5902301-04:00" endTime="2026-09-25T07:09:37.5939520-04:00" testType="13cdc9d9-ddb5-4fa4-a97d-d965ccfc6d4b" outcome="Passed" testListId="8c84fa94-04c1-424b-9868-57a2d4851a1d" relativeResultsDirectory="378debd2-4976-4f9b-abdc-c3d80f6eb75f" />
    <UnitTestResult executionId="2a8a887c-e0ae-40ff-bf3e-7965ec2d28f8" testId="fcef187d-f4b4-609c-a9ab-dcfce6b9f3fe" testName="SampleDirectoryRendersRealFilesAndMenus" computerName="IOTERO-MSI76" duration="00:00:00.4212374" startTime="2026-09-25T07:09:21.9435110-04:00" endTime="2026-09-25T07:09:22.3648507-04:00" testType="13cdc9d9-ddb5-4fa4-a97d-d965ccfc6d4b" outcome="Passed" testListId="8c84fa94-04c1-424b-9868-57a2d4851a1d" relativeResultsDirectory="2a8a887c-e0ae-40ff-bf3e-7965ec2d28f8" />
    <UnitTestResult executionId="8382ca18-ca9e-4f79-a283-682227bd0780" testId="121809b6-3c0b-16ed-d9af-fedd135cc61d" testName="CountMatches_MultipleDistinctKeywords_AllCounted" computerName="IOTERO-MSI76" duration="00:00:00.0000764" startTime="2026-09-25T07:09:51.1705463-04:00" endTime="2026-09-25T07:09:51.1706340-04:00" testType="13cdc9d9-ddb5-4fa4-a97d-d965ccfc6d4b" outcome="Passed" testListId="8c84fa94-04c1-424b-9868-57a2d4851a1d" relativeResultsDirectory="8382ca18-ca9e-4f79-a283-682227bd0780" />
    <UnitTestResult executionId="09904753-5e45-4c08-b183-f6c927b69890" testId="23a8feb0-9734-d741-9fd7-8bf1928b981f" testName="OutputDirectory_WithSpaces_AllowsUnattendedPostBuildCopy" computerName="IOTERO-MSI76" duration="00:00:00.4354027" startTime="2026-09-25T07:09:32.4287302-04:00" endTime="2026-09-25T07:09:32.8642114-04:00" testType="13cdc9d9-ddb5-4fa4-a97d-d965ccfc6d4b" outcome="Passed" testListId="8c84fa94-04c1-424b-9868-57a2d4851a1d" relativeResultsDirectory="09904753-5e45-4c08-b183-f6c927b69890" />
    <UnitTestResult executionId="641b5f8a-90fc-43ae-9bb2-e85b0fde467a" testId="194eaef0-2247-ad49-da3e-a31fbe3d899c" testName="FailedBuild_DoesNotRunStaleExecutable (CppProject)" computerName="IOTERO-MSI76" duration="00:00:00.0026937" startTime="2026-09-25T07:09:51.1541681-04:00" endTime="2026-09-25T07:09:51.1569754-04:00" testType="13cdc9d9-ddb5-4fa4-a97d-d965ccfc6d4b" outcome="Passed" testListId="8c84fa94-04c1-424b-9868-57a2d4851a1d" relativeResultsDirectory="641b5f8a-90fc-43ae-9bb2-e85b0fde467a" />
    <UnitTestResult executionId="743bd1fd-3586-4453-b305-c042659387f1" testId="17fb04a0-59c3-66eb-b108-ddf87eeb593b" testName="ActiveCancellationWaitsForCleanupBeforeNextJob" computerName="IOTERO-MSI76" duration="00:00:00.0026233" startTime="2026-09-25T07:09:32.4228513-04:00" endTime="2026-09-25T07:09:32.4255222-04:00" testType="13cdc9d9-ddb5-4fa4-a97d-d965ccfc6d4b" outcome="Passed" testListId="8c84fa94-04c1-424b-9868-57a2d4851a1d" relativeResultsDirectory="743bd1fd-3586-4453-b305-c042659387f1" />
    <UnitTestResult executionId="bde14dfe-7381-48fd-82b3-bdabf3919fb3" testId="df4f9553-aa34-e9c6-a978-a4713c966fba" testName="InlineReviewRetainsEventsAndReleasesFrameworkHost" computerName="IOTERO-MSI76" duration="00:00:00.1136950" startTime="2026-09-25T07:09:22.9710343-04:00" endTime="2026-09-25T07:09:23.0848222-04:00" testType="13cdc9d9-ddb5-4fa4-a97d-d965ccfc6d4b" outcome="Passed" testListId="8c84fa94-04c1-424b-9868-57a2d4851a1d" relativeResultsDirectory="bde14dfe-7381-48fd-82b3-bdabf3919fb3" />
    <UnitTestResult executionId="900d23dd-d127-4f4d-a241-6ea5cf990226" testId="58e260f9-74c0-9141-2104-a652f87b3da2" testName="CountMatches_KeywordOnlyInComment_ZeroMatches" computerName="IOTERO-MSI76" duration="00:00:00.0001092" startTime="2026-09-25T07:09:51.1721334-04:00" endTime="2026-09-25T07:09:51.1722599-04:00" testType="13cdc9d9-ddb5-4fa4-a97d-d965ccfc6d4b" outcome="Passed" testListId="8c84fa94-04c1-424b-9868-57a2d4851a1d" relativeResultsDirectory="900d23dd-d127-4f4d-a241-6ea5cf990226" />
    <UnitTestResult executionId="0800f3c3-a38c-4c44-8448-b208765ff224" testId="3f9c5c03-48aa-6b3b-391d-cbb0aba5bf27" testName="MenuPolicyAcceptsFirstOfFourOptionsAndLeavesItemNamesAlone" computerName="IOTERO-MSI76" duration="00:00:00.0001536" startTime="2026-09-25T07:09:14.5476476-04:00" endTime="2026-09-25T07:09:14.5478826-04:00" testType="13cdc9d9-ddb5-4fa4-a97d-d965ccfc6d4b" outcome="Passed" testListId="8c84fa94-04c1-424b-9868-57a2d4851a1d" relativeResultsDirectory="0800f3c3-a38c-4c44-8448-b208765ff224" />
    <UnitTestResult executionId="38f09993-89fe-4b16-8b7a-b4a663c558d1" testId="6ac58c8d-76ad-99ef-cf2e-ee732cd9c34c" testName="CountMatches_MethodPattern_MatchesNoArgCall" computerName="IOTERO-MSI76" duration="00:00:00.0001385" startTime="2026-09-25T07:09:51.1706384-04:00" endTime="2026-09-25T07:09:51.1707886-04:00" testType="13cdc9d9-ddb5-4fa4-a97d-d965ccfc6d4b" outcome="Passed" testListId="8c84fa94-04c1-424b-9868-57a2d4851a1d" relativeResultsDirectory="38f09993-89fe-4b16-8b7a-b4a663c558d1" />
    <UnitTestResult executionId="617b666f-939b-4690-b43f-8195b6d5e5e9" testId="742b1da6-fcda-f2e7-0ae8-09fb48c91bce" testName="Detect_FindsSolutionFile" computerName="IOTERO-MSI76" duration="00:00:00.0040921" startTime="2026-09-25T07:09:37.5608263-04:00" endTime="2026-09-25T07:09:37.5649402-04:00" testType="13cdc9d9-ddb5-4fa4-a97d-d965ccfc6d4b" outcome="Passed" testListId="8c84fa94-04c1-424b-9868-57a2d4851a1d" relativeResultsDirectory="617b666f-939b-4690-b43f-8195b6d5e5e9" />
    <UnitTestResult executionId="8d2c6ba3-cd4c-49e1-868c-1fd47fe173bd" testId="9bb85539-4df1-ced9-dc1f-b7f1b854ab55" testName="WaitForIdleAsync_ConPtyCapturesConsoleOutput" computerName="IOTERO-MSI76" duration="00:00:01.1627227" startTime="2026-09-25T07:09:23.5153553-04:00" endTime="2026-09-25T07:09:24.6781813-04:00" testType="13cdc9d9-ddb5-4fa4-a97d-d965ccfc6d4b" outcome="Passed" testListId="8c84fa94-04c1-424b-9868-57a2d4851a1d" relativeResultsDirectory="8d2c6ba3-cd4c-49e1-868c-1fd47fe173bd" />
[...]
    <TestEntry testId="e12e0d89-351d-caa9-5287-9ba2be372e7c" executionId="516c7c1d-ecd7-4bdd-b138-eccb23f005bc" testListId="8c84fa94-04c1-424b-9868-57a2d4851a1d" />
    <TestEntry testId="4a3cea40-70b7-bb8c-2120-482204523db3" executionId="eff2559d-993f-4fb2-82c9-e6e9de433237" testListId="8c84fa94-04c1-424b-9868-57a2d4851a1d" />
    <TestEntry testId="a07289f8-19af-ffec-66dc-87990e3c0b19" executionId="3bdb59f6-79e5-4b2c-b66b-2ef58a9cdc44" testListId="8c84fa94-04c1-424b-9868-57a2d4851a1d" />
    <TestEntry testId="16ce4379-ee53-df41-a844-ccad7b660b8c" executionId="a44d22bf-2e74-4205-b6af-4a2aeb369995" testListId="8c84fa94-04c1-424b-9868-57a2d4851a1d" />
    <TestEntry testId="f31cb680-beb8-a8f2-3b2a-52a482a9b69f" executionId="d463c296-5d59-4022-9f3c-9496748a884c" testListId="8c84fa94-04c1-424b-9868-57a2d4851a1d" />
    <TestEntry testId="a569fa37-2ccd-a951-84c5-5fa51c75ef99" executionId="d94688e0-ca37-4baf-9962-6b52d791ec07" testListId="8c84fa94-04c1-424b-9868-57a2d4851a1d" />
    <TestEntry testId="7e9df713-d9f8-6fae-d3c7-3891f00fc866" executionId="f9686b5f-94a7-4669-8470-1441f702bd5c" testListId="8c84fa94-04c1-424b-9868-57a2d4851a1d" />
    <TestEntry testId="c143a4fb-988e-b6ca-846d-f407501c85b2" executionId="8fa04d99-1379-421b-98be-75c548cbc92a" testListId="8c84fa94-04c1-424b-9868-57a2d4851a1d" />
    <TestEntry testId="37b2f73c-116b-348e-f2c2-8e83743af4a5" executionId="8bcc572c-fa61-437a-8112-d7cf5383ee8f" testListId="8c84fa94-04c1-424b-9868-57a2d4851a1d" />
    <TestEntry testId="5e838d53-61e3-c70e-5368-958278c29fb7" executionId="73ad7ff7-11cc-4c8d-99ff-9587b5fbe8ae" testListId="8c84fa94-04c1-424b-9868-57a2d4851a1d" />
    <TestEntry testId="4d3ab042-cb3d-1b29-2edd-1aff6adcfac6" executionId="f718b533-6870-4554-8860-a940b6a1d0d5" testListId="8c84fa94-04c1-424b-9868-57a2d4851a1d" />
    <TestEntry testId="4d57a70e-b42f-b982-9464-58c3d39f61f0" executionId="e0765b93-f343-4422-b892-05d01657a174" testListId="8c84fa94-04c1-424b-9868-57a2d4851a1d" />
    <TestEntry testId="bd91e5b6-148e-1458-6a8b-3005f18c6beb" executionId="df252eb2-e0bb-4f6e-854b-283b4c5067f8" testListId="8c84fa94-04c1-424b-9868-57a2d4851a1d" />
    <TestEntry testId="ee1d9f04-5000-b8ff-a9e1-255558cadc0b" executionId="25160f3d-0e8d-4f65-919b-20db4fbce33b" testListId="8c84fa94-04c1-424b-9868-57a2d4851a1d" />
    <TestEntry testId="ead71bb5-030c-80c7-6b98-0584747b0d9f" executionId="6993f766-1be8-4ab4-ba6d-e36e34de996a" testListId="8c84fa94-04c1-424b-9868-57a2d4851a1d" />
    <TestEntry testId="72a6ea81-2c8f-9a61-7503-809df36450e2" executionId="981c7cb6-e091-467e-9d6c-ad28d5a2907f" testListId="8c84fa94-04c1-424b-9868-57a2d4851a1d" />
    <TestEntry testId="0d4991b7-964b-13ca-7f3c-3de4155f57fe" executionId="74042584-7cb4-4626-848a-fa2b57bc5f69" testListId="8c84fa94-04c1-424b-9868-57a2d4851a1d" />
    <TestEntry testId="5d874921-cafb-f7f3-33f2-b71f52f89825" executionId="60182337-793d-4f50-874b-7ec8d253f439" testListId="8c84fa94-04c1-424b-9868-57a2d4851a1d" />
    <TestEntry testId="d2f0cccf-1bd5-b512-a68c-72a159abe016" executionId="71f909f1-04b0-47d2-a68a-ae3121f0eb39" testListId="8c84fa94-04c1-424b-9868-57a2d4851a1d" />
    <TestEntry testId="ef8ed931-f340-4065-a3c4-24517c465e9e" executionId="12b76770-7286-45cf-bad6-90f6b60b10d3" testListId="8c84fa94-04c1-424b-9868-57a2d4851a1d" />
    <TestEntry testId="a1acb852-97e2-47e2-6afa-b3a5e4a376fe" executionId="b7a8c849-510a-46d3-9c21-aba6c5329309" testListId="8c84fa94-04c1-424b-9868-57a2d4851a1d" />
    <TestEntry testId="81b380aa-6689-3521-bb0f-89416b27f84a" executionId="1a2622e8-b859-4110-bbba-0c691adf1246" testListId="8c84fa94-04c1-424b-9868-57a2d4851a1d" />
    <TestEntry testId="f5ba6366-3397-bc36-451a-138c63f93717" executionId="8b134e0c-f034-4039-9e52-bd0a91e8141f" testListId="8c84fa94-04c1-424b-9868-57a2d4851a1d" />
    <TestEntry testId="c351d575-0550-938d-dd94-7335d4f4cf96" executionId="91ab91bf-0d88-4c39-a577-191df0d77368" testListId="8c84fa94-04c1-424b-9868-57a2d4851a1d" />
    <TestEntry testId="07a6667b-35a6-0730-c4dd-140bba812de6" executionId="682961c9-2c9e-42eb-8aa5-5b90f567712c" testListId="8c84fa94-04c1-424b-9868-57a2d4851a1d" />
    <TestEntry testId="534e000a-97c8-aa38-6324-db187f80b0e3" executionId="334626cf-6b44-418d-8f8e-3071735bd7b9" testListId="8c84fa94-04c1-424b-9868-57a2d4851a1d" />
    <TestEntry testId="e566179f-c73f-e20a-234a-070d0bee7d2f" executionId="b732d480-5b10-44f8-a3b5-d36df0c1765b" testListId="8c84fa94-04c1-424b-9868-57a2d4851a1d" />
    <TestEntry testId="18ee79d4-3fb6-9c92-308b-677e69ce8697" executionId="3284cb29-7a7f-4aba-9533-11aa1e988b62" testListId="8c84fa94-04c1-424b-9868-57a2d4851a1d" />
    <TestEntry testId="a00c18fb-1969-1792-61c6-3c6e49c48425" executionId="68d957bf-46a1-40f3-8641-ca6b6fbfd4d2" testListId="8c84fa94-04c1-424b-9868-57a2d4851a1d" />
    <TestEntry testId="b37fac6e-8ff2-9346-d06b-aaa42498aebb" executionId="a1ed0635-df95-4182-a578-f2c219bc59c0" testListId="8c84fa94-04c1-424b-9868-57a2d4851a1d" />
    <TestEntry testId="3d5e7f42-6594-f14b-b3cc-d68df8adf881" executionId="2d63d7a3-b6bb-4c54-8999-609797596b82" testListId="8c84fa94-04c1-424b-9868-57a2d4851a1d" />
    <TestEntry testId="7ec0e1ed-2174-402c-c942-77c66cc82c0d" executionId="8ba3d985-0ffb-47fd-acb9-8e7785723b7b" testListId="8c84fa94-04c1-424b-9868-57a2d4851a1d" />
    <TestEntry testId="9772e2a7-cd59-2300-bfa4-dc905832c020" executionId="1b3c3a5c-1576-4804-9dd6-929ba2f6a5e5" testListId="8c84fa94-04c1-424b-9868-57a2d4851a1d" />
    <TestEntry testId="7e0595ab-bb54-2ebe-a7b5-1d821f42c376" executionId="b41b4cfc-b260-421f-b525-a15b7cdaf040" testListId="8c84fa94-04c1-424b-9868-57a2d4851a1d" />
    <TestEntry testId="ef34cf01-5a0c-c26a-1e97-ec87bc8b2867" executionId="e05399db-580a-47da-b22e-a84becd9c0d4" testListId="8c84fa94-04c1-424b-9868-57a2d4851a1d" />
    <TestEntry testId="e5e3ad7f-1703-4caa-ee14-075e720542e0" executionId="6e588cb1-c85c-4b7b-968d-63e4eed58238" testListId="8c84fa94-04c1-424b-9868-57a2d4851a1d" />
    <TestEntry testId="1e8dcbe2-5163-9060-1846-805866d93d1f" executionId="5e0b8919-9f13-49ec-a208-7344486c3361" testListId="8c84fa94-04c1-424b-9868-57a2d4851a1d" />
    <TestEntry testId="f55f16a8-176e-5869-05d9-4ee94594ef28" executionId="7a79c6f6-b0c9-434a-92d7-4953cf3754a7" testListId="8c84fa94-04c1-424b-9868-57a2d4851a1d" />
    <TestEntry testId="36ebecfa-955f-fb16-ea50-c563c984a9ae" executionId="1ec68369-fbbd-4317-95f3-ecd481c6d208" testListId="8c84fa94-04c1-424b-9868-57a2d4851a1d" />
    <TestEntry testId="ed852d72-593b-e334-2af5-afdef0da40f4" executionId="4f9ef1ed-5a98-40ef-af97-e00315f1f50c" testListId="8c84fa94-04c1-424b-9868-57a2d4851a1d" />
    <TestEntry testId="94eacdf3-7928-19f5-29d2-b7d83f86effa" executionId="fdc68508-6a23-4ad8-bcc2-f6ae14206aec" testListId="8c84fa94-04c1-424b-9868-57a2d4851a1d" />
    <TestEntry testId="ade51ea4-5e45-f7b1-994d-b9c63b9cf8c1" executionId="4f9555a4-7dd9-4958-90f0-c16f1561b3fe" testListId="8c84fa94-04c1-424b-9868-57a2d4851a1d" />
    <TestEntry testId="d6a63305-4ba0-957c-8666-5cff9216feb7" executionId="fbe639b4-f330-483f-925b-3a4e301f0123" testListId="8c84fa94-04c1-424b-9868-57a2d4851a1d" />
    <TestEntry testId="4552fbae-1938-096a-a5d4-7fac75f15394" executionId="286eced4-2548-4630-a407-23c401001ad0" testListId="8c84fa94-04c1-424b-9868-57a2d4851a1d" />
    <TestEntry testId="1c6dc5e8-01ae-08e0-01a2-42f77aebd10d" executionId="4abdd40d-e3f9-4b26-ae7a-014751a5fc57" testListId="8c84fa94-04c1-424b-9868-57a2d4851a1d" />
    <TestEntry testId="41343009-3c32-7abb-37fc-3d5b4ddeab83" executionId="9ddd9c22-ffed-4ef3-b098-7409758360c8" testListId="8c84fa94-04c1-424b-9868-57a2d4851a1d" />
    <TestEntry testId="4d440ce5-d047-4646-4193-8117b8a145d3" executionId="09f5b55c-7341-47c9-8b55-0f3e0519e3f5" testListId="8c84fa94-04c1-424b-9868-57a2d4851a1d" />
    <TestEntry testId="57a005b6-8b19-ddde-c2ce-93f9006fe133" executionId="92228a22-e92c-464e-a04d-f884ea23dd74" testListId="8c84fa94-04c1-424b-9868-57a2d4851a1d" />
    <TestEntry testId="5e6769f9-367e-64b5-e968-fc25e22f586c" executionId="b4bfe41d-80ae-44e7-8a5b-8610c70937fc" testListId="8c84fa94-04c1-424b-9868-57a2d4851a1d" />
    <TestEntry testId="88357c89-0689-58b7-8ce7-3d21039d1e09" executionId="1750b9a0-a126-4fe8-ba1f-d58c383e6b9b" testListId="8c84fa94-04c1-424b-9868-57a2d4851a1d" />
    <TestEntry testId="3fd4db9c-2a5b-1c57-fc50-2c10f3dec49a" executionId="f51185cc-e010-429f-b142-43dcfd4f7413" testListId="8c84fa94-04c1-424b-9868-57a2d4851a1d" />
    <TestEntry testId="088bd042-22b8-16c7-e662-78b3420831f3" executionId="6f3a06fd-25da-47cc-b840-99c97aa39aa4" testListId="8c84fa94-04c1-424b-9868-57a2d4851a1d" />
    <TestEntry testId="1ed123a2-2ffb-0151-46a5-5c407587dca8" executionId="f77cd0ea-0901-441c-836c-95f810b28daf" testListId="8c84fa94-04c1-424b-9868-57a2d4851a1d" />
    <TestEntry testId="97b8a6aa-7c23-f2aa-e1e8-0262a34a4191" executionId="8ac46f35-5acc-4a2e-9f73-08551e625738" testListId="8c84fa94-04c1-424b-9868-57a2d4851a1d" />
    <TestEntry testId="10ff393a-e1a5-1118-f6fb-4abd33fb8b81" executionId="529898bc-072d-4791-9ec4-e9089cbed3ca" testListId="8c84fa94-04c1-424b-9868-57a2d4851a1d" />
    <TestEntry testId="83f9b1cb-1a41-f959-bb40-f51ea785c16a" executionId="bbca564b-dcc3-4e77-8c4d-ca210fe93094" testListId="8c84fa94-04c1-424b-9868-57a2d4851a1d" />
    <TestEntry testId="da31c4cd-55a6-da54-45fe-151b0bdc0292" executionId="38cfbda1-1eaa-4316-ad47-865b195c2f2f" testListId="8c84fa94-04c1-424b-9868-57a2d4851a1d" />
    <TestEntry testId="65a64ee9-ca5e-296a-7664-e640d2a43c41" executionId="a3ead33d-a12b-41d5-993d-488616bad9ff" testListId="8c84fa94-04c1-424b-9868-57a2d4851a1d" />
    <TestEntry testId="079c33c6-8620-24f8-624f-c26ec825abd5" executionId="6214c92c-bcf7-436c-9e38-a237f73dac68" testListId="8c84fa94-04c1-424b-9868-57a2d4851a1d" />
    <TestEntry testId="08c8bae0-6159-e659-296b-5675e51d2e1e" executionId="a604408d-9cdb-46db-839e-769363aa9398" testListId="8c84fa94-04c1-424b-9868-57a2d4851a1d" />
    <TestEntry testId="719b899d-9c06-e938-0f1b-ff33a4cce4aa" executionId="30cf1eda-95f1-4bf0-adba-ee6719a4356b" testListId="8c84fa94-04c1-424b-9868-57a2d4851a1d" />
    <TestEntry testId="3550da24-9648-e324-23f3-29749211656b" executionId="63fe8115-ac6a-445e-9391-a37853acffdf" testListId="8c84fa94-04c1-424b-9868-57a2d4851a1d" />
    <TestEntry testId="e3585b0b-32ae-495a-66c4-59dd8c25651c" executionId="48f6b23a-4878-4c96-a671-f3ecac4cab77" testListId="8c84fa94-04c1-424b-9868-57a2d4851a1d" />
    <TestEntry testId="9bfa5820-5502-eb4a-7258-0cc20af79160" executionId="64044b89-dca6-47b4-b5a9-d80d15cd9a89" testListId="8c84fa94-04c1-424b-9868-57a2d4851a1d" />
    <TestEntry testId="e6983e84-52f2-eac1-d63f-0bd152d93123" executionId="115f1bca-6ea4-4115-928d-c01c28004733" testListId="8c84fa94-04c1-424b-9868-57a2d4851a1d" />
    <TestEntry testId="ea087b8b-5e1f-11f4-966e-25ce94196e02" executionId="490db306-ed28-41fc-b6b8-04b4d849155b" testListId="8c84fa94-04c1-424b-9868-57a2d4851a1d" />
    <TestEntry testId="d793329d-c919-9ce4-95f4-f34853086e93" executionId="01d4db26-909e-479c-986b-38620b613ed1" testListId="8c84fa94-04c1-424b-9868-57a2d4851a1d" />
    <TestEntry testId="f21e840e-701c-12a6-5fa8-3e51110577b6" executionId="a6b5bad4-0866-4ce3-b3e4-5fd15d0591e9" testListId="8c84fa94-04c1-424b-9868-57a2d4851a1d" />
    <TestEntry testId="2be9b590-e808-386a-7a09-639fd42da1aa" executionId="613629e0-387a-422c-8b06-b730871639b8" testListId="8c84fa94-04c1-424b-9868-57a2d4851a1d" />
    <TestEntry testId="c7375ed9-ae5c-e110-1fa2-63b163e1cc43" executionId="27bda565-cbe4-4e7a-81bc-21a5108deffd" testListId="8c84fa94-04c1-424b-9868-57a2d4851a1d" />
    <TestEntry testId="bf21fba9-f9c8-ab67-ec78-e5f6addd4863" executionId="40d1bf2d-2565-4a64-ae8b-18f5fb5ef1c5" testListId="8c84fa94-04c1-424b-9868-57a2d4851a1d" />
    <TestEntry testId="ce038d69-b1f4-2bd7-de5a-79f549b37143" executionId="378debd2-4976-4f9b-abdc-c3d80f6eb75f" testListId="8c84fa94-04c1-424b-9868-57a2d4851a1d" />
    <TestEntry testId="fcef187d-f4b4-609c-a9ab-dcfce6b9f3fe" executionId="2a8a887c-e0ae-40ff-bf3e-7965ec2d28f8" testListId="8c84fa94-04c1-424b-9868-57a2d4851a1d" />
    <TestEntry testId="121809b6-3c0b-16ed-d9af-fedd135cc61d" executionId="8382ca18-ca9e-4f79-a283-682227bd0780" testListId="8c84fa94-04c1-424b-9868-57a2d4851a1d" />
    <TestEntry testId="23a8feb0-9734-d741-9fd7-8bf1928b981f" executionId="09904753-5e45-4c08-b183-f6c927b69890" testListId="8c84fa94-04c1-424b-9868-57a2d4851a1d" />
    <TestEntry testId="194eaef0-2247-ad49-da3e-a31fbe3d899c" executionId="641b5f8a-90fc-43ae-9bb2-e85b0fde467a" testListId="8c84fa94-04c1-424b-9868-57a2d4851a1d" />
    <TestEntry testId="17fb04a0-59c3-66eb-b108-ddf87eeb593b" executionId="743bd1fd-3586-4453-b305-c042659387f1" testListId="8c84fa94-04c1-424b-9868-57a2d4851a1d" />
    <TestEntry testId="df4f9553-aa34-e9c6-a978-a4713c966fba" executionId="bde14dfe-7381-48fd-82b3-bdabf3919fb3" testListId="8c84fa94-04c1-424b-9868-57a2d4851a1d" />
    <TestEntry testId="58e260f9-74c0-9141-2104-a652f87b3da2" executionId="900d23dd-d127-4f4d-a241-6ea5cf990226" testListId="8c84fa94-04c1-424b-9868-57a2d4851a1d" />
    <TestEntry testId="3f9c5c03-48aa-6b3b-391d-cbb0aba5bf27" executionId="0800f3c3-a38c-4c44-8448-b208765ff224" testListId="8c84fa94-04c1-424b-9868-57a2d4851a1d" />
    <TestEntry testId="6ac58c8d-76ad-99ef-cf2e-ee732cd9c34c" executionId="38f09993-89fe-4b16-8b7a-b4a663c558d1" testListId="8c84fa94-04c1-424b-9868-57a2d4851a1d" />
    <TestEntry testId="742b1da6-fcda-f2e7-0ae8-09fb48c91bce" executionId="617b666f-939b-4690-b43f-8195b6d5e5e9" testListId="8c84fa94-04c1-424b-9868-57a2d4851a1d" />
    <TestEntry testId="9bb85539-4df1-ced9-dc1f-b7f1b854ab55" executionId="8d2c6ba3-cd4c-49e1-868c-1fd47fe173bd" testListId="8c84fa94-04c1-424b-9868-57a2d4851a1d" />
    <TestEntry testId="97de5557-c989-ba5d-b289-cfa90dd36f56" executionId="36558c9d-0296-4065-bbc3-2405cd0ff718" testListId="8c84fa94-04c1-424b-9868-57a2d4851a1d" />
    <TestEntry testId="4b834c23-49dc-dd86-fc7c-36c62b2e35a5" executionId="b093407e-5dde-4760-be7a-e477affe5f0f" testListId="8c84fa94-04c1-424b-9868-57a2d4851a1d" />
    <TestEntry testId="c81bf8ab-08d3-34c5-05d8-f97239a595b7" executionId="a08683a5-ebda-478d-81ba-0fcb5a1dc9ec" testListId="8c84fa94-04c1-424b-9868-57a2d4851a1d" />
    <TestEntry testId="d5840411-61e5-4257-53dc-c00d62f42126" executionId="24d199c2-43ff-4c53-ad4b-16b654d1621e" testListId="8c84fa94-04c1-424b-9868-57a2d4851a1d" />
    <TestEntry testId="cf3634fa-aa56-bda2-cafa-bf0b0f2d3833" executionId="4fefebe9-b236-47e4-ba3b-578accdb60b0" testListId="8c84fa94-04c1-424b-9868-57a2d4851a1d" />
    <TestEntry testId="e173ef66-8626-498d-14a1-9a4d97c5f941" executionId="591e0302-d921-481a-bf8f-d62716914542" testListId="8c84fa94-04c1-424b-9868-57a2d4851a1d" />
    <TestEntry testId="4476222f-548d-c033-73f6-d2136351d5c0" executionId="c2b7063b-fe7a-4365-9c3b-b38d70135072" testListId="8c84fa94-04c1-424b-9868-57a2d4851a1d" />
    <TestEntry testId="d1f52532-36fe-db0c-2b42-119fa7bb5863" executionId="a3b9f6a1-74d2-4157-8920-9fc58287c709" testListId="8c84fa94-04c1-424b-9868-57a2d4851a1d" />
    <TestEntry testId="86c82b2b-90cc-31a7-ec89-5e59dd894536" executionId="cab86b28-217d-4b95-ab9e-dd75a33225bd" testListId="8c84fa94-04c1-424b-9868-57a2d4851a1d" />
    <TestEntry testId="2a7472b4-c85e-4329-222b-909cccb392c9" executionId="5abd9560-343a-48ca-9a45-c0bb88f431ea" testListId="8c84fa94-04c1-424b-9868-57a2d4851a1d" />
    <TestEntry testId="b8fab79b-7125-cdc7-c35a-ea94e19fcdaa" executionId="69e58c78-a0fb-4f11-a705-9032bde428fc" testListId="8c84fa94-04c1-424b-9868-57a2d4851a1d" />
    <TestEntry testId="fd4b9730-27a6-0090-9dd4-5450d0a46ce4" executionId="94ed6dac-1316-4979-afe2-b5ae161e15d7" testListId="8c84fa94-04c1-424b-9868-57a2d4851a1d" />
    <TestEntry testId="2a6a55cf-afcf-2ee2-bc34-6fc5fc3d9f50" executionId="04cceff7-7aa3-41e1-8671-44127c86133a" testListId="8c84fa94-04c1-424b-9868-57a2d4851a1d" />
    <TestEntry testId="a2ec1036-0261-6a16-b1ad-d094a87fca07" executionId="5474e599-f5e4-4b39-a410-5353f8139f78" testListId="8c84fa94-04c1-424b-9868-57a2d4851a1d" />
    <TestEntry testId="e71b011b-ec13-c0f7-62e5-cd4d0282ccb7" executionId="bdac9278-3b26-4578-906b-314021237ff7" testListId="8c84fa94-04c1-424b-9868-57a2d4851a1d" />
    <TestEntry testId="4456a440-00d1-5b23-d913-c9b3fd98f3cd" executionId="2f8bf9d9-d4e7-4493-ad70-d9069126547c" testListId="8c84fa94-04c1-424b-9868-57a2d4851a1d" />
    <TestEntry testId="28f33cbf-3893-a408-1618-d0df8a75bd20" executionId="ca1ee265-0b17-486f-ba27-6ba34495f381" testListId="8c84fa94-04c1-424b-9868-57a2d4851a1d" />
    <TestEntry testId="fe8bdb89-bff3-ff25-d3fb-3222139201ff" executionId="99cd8666-4310-413c-9077-a03215ec0a98" testListId="8c84fa94-04c1-424b-9868-57a2d4851a1d" />
    <TestEntry testId="fff0ab69-754f-fef6-6541-8a8de61e15fc" executionId="d918844a-bfe4-4494-a122-4afd84f0b494" testListId="8c84fa94-04c1-424b-9868-57a2d4851a1d" />
    <TestEntry testId="d5a6e39d-7cbb-a4fc-ab36-e8e65f527484" executionId="0299871d-017f-4742-ad46-1158332d8e58" testListId="8c84fa94-04c1-424b-9868-57a2d4851a1d" />
    <TestEntry testId="ab8c9d56-9e71-f1d9-1efe-34d9cc013f19" executionId="82cd480c-2398-4464-b991-72fd289505d7" testListId="8c84fa94-04c1-424b-9868-57a2d4851a1d" />
    <TestEntry testId="8f47f544-8971-25ed-42bb-db407c81fd22" executionId="26f55cc3-7cad-4698-9ed1-1b95966eef6b" testListId="8c84fa94-04c1-424b-9868-57a2d4851a1d" />
    <TestEntry testId="4ed09baf-c371-3dde-66f0-430744aed8b3" executionId="8e9c4268-2239-4175-9790-92cb175e739a" testListId="8c84fa94-04c1-424b-9868-57a2d4851a1d" />
    <TestEntry testId="f60a0eb8-c382-de59-82a6-42a5e9b6f97b" executionId="0bb4d743-65fb-4c41-8afd-962da647aa97" testListId="8c84fa94-04c1-424b-9868-57a2d4851a1d" />
    <TestEntry testId="b760742a-83dc-76d6-c9a6-64622922740e" executionId="60354ff8-0588-4ac8-8552-e4ca683e9463" testListId="8c84fa94-04c1-424b-9868-57a2d4851a1d" />
    <TestEntry testId="8f224704-617a-61e7-eebe-86508f7c56c9" executionId="a045fd7c-ae42-41bb-a47e-fb1749b1c0c8" testListId="8c84fa94-04c1-424b-9868-57a2d4851a1d" />
    <TestEntry testId="8f1704a1-161f-e31a-0b30-6d79ed8370bd" executionId="d84202cb-b2e7-4044-a4f2-ff93749491cc" testListId="8c84fa94-04c1-424b-9868-57a2d4851a1d" />
    <TestEntry testId="5d4c83ce-6a10-40ad-ae6f-d25ed9f120e9" executionId="8dd734f3-1246-43a1-b443-55a903cf5755" testListId="8c84fa94-04c1-424b-9868-57a2d4851a1d" />
    <TestEntry testId="868bba4f-dfb3-8cc5-a2bf-f58df56c6fef" executionId="d8d57245-2901-4fab-b0dc-ddfcb3e16e16" testListId="8c84fa94-04c1-424b-9868-57a2d4851a1d" />
    <TestEntry testId="949ef822-3c92-f363-6901-c77bd05f0a7c" executionId="a1427f3c-937d-4e37-a4f6-59e0151fc21c" testListId="8c84fa94-04c1-424b-9868-57a2d4851a1d" />
    <TestEntry testId="40b77add-b1bf-4ccd-694b-22ced2d10e82" executionId="75d10667-8826-48f5-9a06-2b7c0aa5b422" testListId="8c84fa94-04c1-424b-9868-57a2d4851a1d" />
    <TestEntry testId="57635b91-6163-5951-d9d6-d9b82a04443c" executionId="ad99b3fd-8d6a-4093-94af-b4c0acbdabcb" testListId="8c84fa94-04c1-424b-9868-57a2d4851a1d" />
    <TestEntry testId="12413d5e-df76-3da3-b4f1-1dc542861a15" executionId="90530257-f664-46c2-92c9-238e977ab4e2" testListId="8c84fa94-04c1-424b-9868-57a2d4851a1d" />
    <TestEntry testId="ff04ebc8-eca3-b298-c7ec-cb9ce3960a59" executionId="7b9bf30c-efc7-4e75-8f84-0f4ffd2b6e5b" testListId="8c84fa94-04c1-424b-9868-57a2d4851a1d" />
  </TestEntries>
  <TestLists>
    <TestList name="Results Not in a List" id="8c84fa94-04c1-424b-9868-57a2d4851a1d" />
    <TestList name="All Loaded Results" id="19431567-8539-422a-85d7-44ee4e166bda" />
  </TestLists>
  <ResultSummary outcome="Completed">
    <Counters total="190" executed="190" passed="190" failed="0" error="0" timeout="0" aborted="0" inconclusive="0" passedButRunAborted="0" notRunnable="0" notExecuted="0" disconnected="0" warning="0" completed="0" inProgress="0" pending="0" />
  </ResultSummary>
</TestRun>