<?xml version="1.0" encoding="utf-8"?>
<TestRun id="737daa01-442d-412d-9868-59e351d27a81" name="iotero@IOTERO-MSI76 2026-09-25 07:11:50" runUser="SYSTEMS\iotero" xmlns="http://microsoft.com/schemas/VisualStudio/TeamTest/2010">
  <Times creation="2026-09-25T07:11:50.5738503-04:00" queuing="2026-09-25T07:11:50.5738506-04:00" start="2026-09-25T07:11:49.3390953-04:00" finish="2026-09-25T07:11:50.5780021-04:00" />
  <TestSettings name="default" id="e8e370f5-b6af-4f54-bd1c-9f8644560ebf">
    <Deployment runDeploymentRoot="iotero_IOTERO-MSI76_2026-09-25_07_11_50" />
  </TestSettings>
  <Results>
    <UnitTestResult executionId="c0107359-d759-4b20-957c-5f6f79646efe" testId="d7cf2914-4f05-f4bf-07fb-b763a0ffc697" testName="ForwardMoveDoesNotDetachInterveningNativeSubtrees" computerName="IOTERO-MSI76" duration="00:00:00.4732663" startTime="2026-09-25T07:11:49.9678721-04:00" endTime="2026-09-25T07:11:50.4525251-04:00" testType="13cdc9d9-ddb5-4fa4-a97d-d965ccfc6d4b" outcome="Passed" testListId="8c84fa94-04c1-424b-9868-57a2d4851a1d" relativeResultsDirectory="c0107359-d759-4b20-957c-5f6f79646efe" />
  </Results>
  <TestDefinitions>
    <UnitTest name="ForwardMoveDoesNotDetachInterveningNativeSubtrees" storage="c:\users\iotero\dev\personal\ui framework\tests\ui framework.checks\bin\release\net10.0-windows\ui framework.checks.dll" id="d7cf2914-4f05-f4bf-07fb-b763a0ffc697">
      <Execution id="c0107359-d759-4b20-957c-5f6f79646efe" />
      <TestMethod codeBase="C:\Users\iotero\Dev\personal\UI Framework\tests\UI Framework.Checks\bin\Release\net10.0-windows\UI Framework.Checks.dll" adapterTypeName="executor://mstestadapter/v2" className="PanelReorderTests" name="ForwardMoveDoesNotDetachInterveningNativeSubtrees" />
    </UnitTest>
  </TestDefinitions>
  <TestEntries>
    <TestEntry testId="d7cf2914-4f05-f4bf-07fb-b763a0ffc697" executionId="c0107359-d759-4b20-957c-5f6f79646efe" testListId="8c84fa94-04c1-424b-9868-57a2d4851a1d" />
  </TestEntries>
  <TestLists>
    <TestList name="Results Not in a List" id="8c84fa94-04c1-424b-9868-57a2d4851a1d" />
    <TestList name="All Loaded Results" id="19431567-8539-422a-85d7-44ee4e166bda" />
  </TestLists>
  <ResultSummary outcome="Completed">
    <Counters total="1" executed="1" passed="1" failed="0" error="0" timeout="0" aborted="0" inconclusive="0" passedButRunAborted="0" notRunnable="0" notExecuted="0" disconnected="0" warning="0" completed="0" inProgress="0" pending="0" />
  </ResultSummary>
</TestRun>