<?xml version="1.0" encoding="utf-8"?>
<TestRun id="fa6c2f61-cf92-4070-a727-c59c0fd44113" name="iotero@IOTERO-MSI76 2026-09-25 07:12:07" runUser="SYSTEMS\iotero" xmlns="http://microsoft.com/schemas/VisualStudio/TeamTest/2010">
  <Times creation="2026-09-25T07:12:07.0320277-04:00" queuing="2026-09-25T07:12:07.0320279-04:00" start="2026-09-25T07:12:05.5036534-04:00" finish="2026-09-25T07:12:07.0364172-04:00" />
  <TestSettings name="default" id="f49ee78d-ce2e-4319-a1fe-ac409e5a421a">
    <Deployment runDeploymentRoot="iotero_IOTERO-MSI76_2026-09-25_07_12_07" />
  </TestSettings>
  <Results>
    <UnitTestResult executionId="7d74bfa5-1b54-49b0-a2ec-216b81ed91d1" testId="d7cf2914-4f05-f4bf-07fb-b763a0ffc697" testName="ForwardMoveDoesNotDetachInterveningNativeSubtrees" computerName="IOTERO-MSI76" duration="00:00:00.5317707" startTime="2026-09-25T07:12:06.3377451-04:00" endTime="2026-09-25T07:12:06.8804493-04:00" testType="13cdc9d9-ddb5-4fa4-a97d-d965ccfc6d4b" outcome="Failed" testListId="8c84fa94-04c1-424b-9868-57a2d4851a1d" relativeResultsDirectory="7d74bfa5-1b54-49b0-a2ec-216b81ed91d1">
      <Output>
        <ErrorInfo>
          <Message>Assert.AreEqual failed. Expected:&lt;0&gt;. Actual:&lt;2&gt;. The adjacent retained row must not be detached.</Message>
          <StackTrace>   at PanelReorderTests.&lt;&gt;c.&lt;ForwardMoveDoesNotDetachInterveningNativeSubtrees&gt;b__0_0() in C:\Users\iotero\Dev\personal\UI Framework\artifacts\performance\toggle-retained-layout-2026-09-25\baseline-source\tests\UI Framework.Checks\PanelReorderTests.cs:line 22&#xD;
   at StaTestRunner.&lt;&gt;c__DisplayClass0_0.&lt;Run&gt;b__0() in C:\Users\iotero\Dev\personal\UI Framework\artifacts\performance\toggle-retained-layout-2026-09-25\baseline-source\tests\UI Framework.Checks\StaTestRunner.cs:line 18&#xD;
--- End of stack trace from previous location ---&#xD;
   at StaTestRunner.Run(Action test, String testName) in C:\Users\iotero\Dev\personal\UI Framework\artifacts\performance\toggle-retained-layout-2026-09-25\baseline-source\tests\UI Framework.Checks\StaTestRunner.cs:line 36&#xD;
   at PanelReorderTests.ForwardMoveDoesNotDetachInterveningNativeSubtrees() in C:\Users\iotero\Dev\personal\UI Framework\artifacts\performance\toggle-retained-layout-2026-09-25\baseline-source\tests\UI Framework.Checks\PanelReorderTests.cs:line 11&#xD;
   at System.Reflection.MethodBaseInvoker.InterpretedInvoke_Method(Object obj, IntPtr* args)&#xD;
   at System.Reflection.MethodBaseInvoker.InvokeWithNoArgs(Object obj, BindingFlags invokeAttr)&#xD;
</StackTrace>
        </ErrorInfo>
      </Output>
    </UnitTestResult>
  </Results>
  <TestDefinitions>
    <UnitTest name="ForwardMoveDoesNotDetachInterveningNativeSubtrees" storage="c:\users\iotero\dev\personal\ui framework\artifacts\performance\toggle-retained-layout-2026-09-25\baseline-source\tests\ui framework.checks\bin\release\net10.0-windows\ui framework.checks.dll" id="d7cf2914-4f05-f4bf-07fb-b763a0ffc697">
      <Execution id="7d74bfa5-1b54-49b0-a2ec-216b81ed91d1" />
      <TestMethod codeBase="C:\Users\iotero\Dev\personal\UI Framework\artifacts\performance\toggle-retained-layout-2026-09-25\baseline-source\tests\UI Framework.Checks\bin\Release\net10.0-windows\UI Framework.Checks.dll" adapterTypeName="executor://mstestadapter/v2" className="PanelReorderTests" name="ForwardMoveDoesNotDetachInterveningNativeSubtrees" />
    </UnitTest>
  </TestDefinitions>
  <TestEntries>
    <TestEntry testId="d7cf2914-4f05-f4bf-07fb-b763a0ffc697" executionId="7d74bfa5-1b54-49b0-a2ec-216b81ed91d1" testListId="8c84fa94-04c1-424b-9868-57a2d4851a1d" />
  </TestEntries>
  <TestLists>
    <TestList name="Results Not in a List" id="8c84fa94-04c1-424b-9868-57a2d4851a1d" />
    <TestList name="All Loaded Results" id="19431567-8539-422a-85d7-44ee4e166bda" />
  </TestLists>
  <ResultSummary outcome="Failed">
    <Counters total="1" executed="1" passed="0" failed="1" error="0" timeout="0" aborted="0" inconclusive="0" passedButRunAborted="0" notRunnable="0" notExecuted="0" disconnected="0" warning="0" completed="0" inProgress="0" pending="0" />
  </ResultSummary>
</TestRun>