<?xml version="1.0" encoding="utf-8"?>
<TestRun id="c88e2b86-330a-4857-bfae-f4f79da69824" name="iotero@IOTERO-MSI76 2026-09-25 07:18:14" runUser="SYSTEMS\iotero" xmlns="http://microsoft.com/schemas/VisualStudio/TeamTest/2010">
  <Times creation="2026-09-25T07:18:14.6567859-04:00" queuing="2026-09-25T07:18:14.6567863-04:00" start="2026-09-25T07:18:12.0815963-04:00" finish="2026-09-25T07:18:19.0443751-04:00" />
  <TestSettings name="default" id="8d928ecb-1af3-4a85-b9f9-9b3b7d563405">
    <Deployment runDeploymentRoot="iotero_IOTERO-MSI76_2026-09-25_07_18_14" />
  </TestSettings>
  <Results>
    <UnitTestResult executionId="ba4cb125-e192-4626-938a-30b644e3b778" testId="9d9ba08f-da19-43f7-db5a-a9e70e725811" testName="MultilineEditorNormalizesOnceAndRetainsSelectionOnUnrelatedBuilds" computerName="IOTERO-MSI76" duration="00:00:00.0277764" startTime="2026-09-25T07:18:14.5915814-04:00" endTime="2026-09-25T07:18:14.6195558-04:00" testType="13cdc9d9-ddb5-4fa4-a97d-d965ccfc6d4b" outcome="Passed" testListId="8c84fa94-04c1-424b-9868-57a2d4851a1d" relativeResultsDirectory="ba4cb125-e192-4626-938a-30b644e3b778" />
    <UnitTestResult executionId="957a0b85-e778-4d54-b1af-77772fbd5463" testId="dede3a90-fb0c-6aaa-5328-d19b5a2cffe7" testName="FailedNativeUpdateLeavesHostRecoverable" computerName="IOTERO-MSI76" duration="00:00:00.0086090" startTime="2026-09-25T07:18:15.7828188-04:00" endTime="2026-09-25T07:18:15.7916024-04:00" testType="13cdc9d9-ddb5-4fa4-a97d-d965ccfc6d4b" outcome="Passed" testListId="8c84fa94-04c1-424b-9868-57a2d4851a1d" relativeResultsDirectory="957a0b85-e778-4d54-b1af-77772fbd5463" />
    <UnitTestResult executionId="e4b7a2c6-5d9b-4d74-a69b-e11f99ee4692" testId="4fcd3631-6698-ef16-b189-ff7d5778b851" testName="EmptyAdaptiveGridReleasesSpaceAndCanBePopulated" computerName="IOTERO-MSI76" duration="00:00:00.0236523" startTime="2026-09-25T07:18:14.8701075-04:00" endTime="2026-09-25T07:18:14.8939096-04:00" testType="13cdc9d9-ddb5-4fa4-a97d-d965ccfc6d4b" outcome="Passed" testListId="8c84fa94-04c1-424b-9868-57a2d4851a1d" relativeResultsDirectory="e4b7a2c6-5d9b-4d74-a69b-e11f99ee4692" />
    <UnitTestResult executionId="1a52139b-d1f2-4e2c-a354-ce4a2caa9895" testId="e6a25a52-698a-b83d-4005-83a716b771b3" testName="FailedSubscriptionRollsBackNewReaders" computerName="IOTERO-MSI76" duration="00:00:00.0019499" startTime="2026-09-25T07:18:15.9355108-04:00" endTime="2026-09-25T07:18:15.9375694-04:00" testType="13cdc9d9-ddb5-4fa4-a97d-d965ccfc6d4b" outcome="Passed" testListId="8c84fa94-04c1-424b-9868-57a2d4851a1d" relativeResultsDirectory="1a52139b-d1f2-4e2c-a354-ce4a2caa9895" />
    <UnitTestResult executionId="b5a3a0ec-8fc9-4526-b786-3ace8ac01563" testId="b65a0832-51ce-1379-774f-9bb96a0c6c35" testName="RichNativeContentRemainsVisibleAndInteractiveAcrossThemeUpdates" computerName="IOTERO-MSI76" duration="00:00:00.0260647" startTime="2026-09-25T07:18:14.4450364-04:00" endTime="2026-09-25T07:18:14.4717592-04:00" testType="13cdc9d9-ddb5-4fa4-a97d-d965ccfc6d4b" outcome="Passed" testListId="8c84fa94-04c1-424b-9868-57a2d4851a1d" relativeResultsDirectory="b5a3a0ec-8fc9-4526-b786-3ace8ac01563" />
    <UnitTestResult executionId="1f5ceb31-0bed-4b56-af2f-24e460d02e1c" testId="13a71875-c505-0dcb-f40e-543241448555" testName="KeyedPrimitiveMoveRetainsInputAndSelection" computerName="IOTERO-MSI76" duration="00:00:00.0157186" startTime="2026-09-25T07:18:15.6917894-04:00" endTime="2026-09-25T07:18:15.7076539-04:00" testType="13cdc9d9-ddb5-4fa4-a97d-d965ccfc6d4b" outcome="Passed" testListId="8c84fa94-04c1-424b-9868-57a2d4851a1d" relativeResultsDirectory="1f5ceb31-0bed-4b56-af2f-24e460d02e1c" />
    <UnitTestResult executionId="332e3b09-ae30-4610-b7af-324aa3c6da65" testId="d878024c-a643-d666-f63b-ab1e6e90bb01" testName="RealWindowExposesEditorToggleAndButtonPatternsUnderTheme" computerName="IOTERO-MSI76" duration="00:00:01.3129735" startTime="2026-09-25T07:18:13.0728696-04:00" endTime="2026-09-25T07:18:14.3956186-04:00" testType="13cdc9d9-ddb5-4fa4-a97d-d965ccfc6d4b" outcome="Passed" testListId="8c84fa94-04c1-424b-9868-57a2d4851a1d" relativeResultsDirectory="332e3b09-ae30-4610-b7af-324aa3c6da65" />
    <UnitTestResult executionId="c0504cda-dc5a-4298-b681-824d4f4be58b" testId="d2c1d3c6-dad1-b19e-4629-9f6bd3178cf1" testName="LabelIndicatorAndDisabledStateUseScopedTheme (True)" computerName="IOTERO-MSI76" duration="00:00:00.0256754" startTime="2026-09-25T07:18:15.9803053-04:00" endTime="2026-09-25T07:18:16.0061536-04:00" testType="13cdc9d9-ddb5-4fa4-a97d-d965ccfc6d4b" outcome="Passed" testListId="8c84fa94-04c1-424b-9868-57a2d4851a1d" relativeResultsDirectory="c0504cda-dc5a-4298-b681-824d4f4be58b" />
    <UnitTestResult executionId="41fe7c96-178e-4935-a294-ac8e91b572d9" testId="15e2d21d-e33f-0d82-388c-985546a192ba" testName="FlexRowsAllocateRemainingWidthAfterFixedChildrenAndGaps" computerName="IOTERO-MSI76" duration="00:00:00.0232957" startTime="2026-09-25T07:18:14.7461475-04:00" endTime="2026-09-25T07:18:14.7696257-04:00" testType="13cdc9d9-ddb5-4fa4-a97d-d965ccfc6d4b" outcome="Passed" testListId="8c84fa94-04c1-424b-9868-57a2d4851a1d" relativeResultsDirectory="41fe7c96-178e-4935-a294-ac8e91b572d9" />
    <UnitTestResult executionId="c1171d9c-f712-4e98-92a4-c1db35972bdb" testId="6d580d1e-a68e-e331-e8fa-8ce39f58414f" testName="NativeRowsReleaseOnRecycleAndRecreateFromApplicationState" computerName="IOTERO-MSI76" duration="00:00:00.0706191" startTime="2026-09-25T07:18:16.5365701-04:00" endTime="2026-09-25T07:18:16.6073212-04:00" testType="13cdc9d9-ddb5-4fa4-a97d-d965ccfc6d4b" outcome="Passed" testListId="8c84fa94-04c1-424b-9868-57a2d4851a1d" relativeResultsDirectory="c1171d9c-f712-4e98-92a4-c1db35972bdb" />
    <UnitTestResult executionId="c65ea9ea-1464-49cd-80ab-386a195cb964" testId="84f1ce72-0bc7-aeaf-24dd-1f3a6ac40532" testName="FlexColumnAllocatesRemainingHeightAndRetainsEditors" computerName="IOTERO-MSI76" duration="00:00:00.0588499" startTime="2026-09-25T07:18:18.4795733-04:00" endTime="2026-09-25T07:18:18.5386288-04:00" testType="13cdc9d9-ddb5-4fa4-a97d-d965ccfc6d4b" outcome="Passed" testListId="8c84fa94-04c1-424b-9868-57a2d4851a1d" relativeResultsDirectory="c65ea9ea-1464-49cd-80ab-386a195cb964" />
    <UnitTestResult executionId="df348a7b-0257-4e53-b744-05e9e0397db7" testId="3a79ebfc-76a8-d03a-6594-686ed2a6cc4b" testName="UnknownEnumsInNestedViewsPreserveTheRetainedTree" computerName="IOTERO-MSI76" duration="00:00:00.0075972" startTime="2026-09-25T07:18:16.1066739-04:00" endTime="2026-09-25T07:18:16.1144201-04:00" testType="13cdc9d9-ddb5-4fa4-a97d-d965ccfc6d4b" outcome="Passed" testListId="8c84fa94-04c1-424b-9868-57a2d4851a1d" relativeResultsDirectory="df348a7b-0257-4e53-b744-05e9e0397db7" />
    <UnitTestResult executionId="121a21ae-a83e-405c-8a18-720e331b705c" testId="2eccdfce-9a6a-3d6c-c251-18fe2e507e20" testName="FailedBuildPreservesSubscriptionsAndCanRecover" computerName="IOTERO-MSI76" duration="00:00:00.0019272" startTime="2026-09-25T07:18:15.9272707-04:00" endTime="2026-09-25T07:18:15.9293576-04:00" testType="13cdc9d9-ddb5-4fa4-a97d-d965ccfc6d4b" outcome="Passed" testListId="8c84fa94-04c1-424b-9868-57a2d4851a1d" relativeResultsDirectory="121a21ae-a83e-405c-8a18-720e331b705c" />
    <UnitTestResult executionId="8ac7f6a4-edda-41bb-98e6-91b092dae4e9" testId="1f470fd6-668c-ceb6-2961-326ca59f7a5c" testName="FlexColumnHonorsWeightsAutoHeightAndReorder" computerName="IOTERO-MSI76" duration="00:00:00.0236772" startTime="2026-09-25T07:18:18.5405131-04:00" endTime="2026-09-25T07:18:18.5643197-04:00" testType="13cdc9d9-ddb5-4fa4-a97d-d965ccfc6d4b" outcome="Passed" testListId="8c84fa94-04c1-424b-9868-57a2d4851a1d" relativeResultsDirectory="8ac7f6a4-edda-41bb-98e6-91b092dae4e9" />
    <UnitTestResult executionId="4eac6c68-398a-4961-abb6-2fbb4e180ce5" testId="4c8cf8e0-fedb-8815-c755-eb4d41c089d1" testName="InvalidLayoutDimensionsAreRejected" computerName="IOTERO-MSI76" duration="00:00:00.0002769" startTime="2026-09-25T07:18:14.8959051-04:00" endTime="2026-09-25T07:18:14.8963008-04:00" testType="13cdc9d9-ddb5-4fa4-a97d-d965ccfc6d4b" outcome="Passed" testListId="8c84fa94-04c1-424b-9868-57a2d4851a1d" relativeResultsDirectory="4eac6c68-398a-4961-abb6-2fbb4e180ce5" />
    <UnitTestResult executionId="00e30fc9-561a-4654-9418-546904f5935b" testId="f48474d4-acdb-1588-98f4-80e25e69544a" testName="ComponentChecks" computerName="IOTERO-MSI76" duration="00:00:00.0306574" startTime="2026-09-25T07:18:18.6810192-04:00" endTime="2026-09-25T07:18:18.7118460-04:00" testType="13cdc9d9-ddb5-4fa4-a97d-d965ccfc6d4b" outcome="Passed" testListId="8c84fa94-04c1-424b-9868-57a2d4851a1d" relativeResultsDirectory="00e30fc9-561a-4654-9418-546904f5935b" />
    <UnitTestResult executionId="ac4cc86d-ca66-4732-ad71-686ff70a2958" testId="0abf3bfc-6794-ee2f-cd4e-2de4bc03b23a" testName="ClosedAndPopupChromeUseThemeColorsAndNativeSelection (False)" computerName="IOTERO-MSI76" duration="00:00:00.1287186" startTime="2026-09-25T07:18:15.4209824-04:00" endTime="2026-09-25T07:18:15.5527893-04:00" testType="13cdc9d9-ddb5-4fa4-a97d-d965ccfc6d4b" outcome="Passed" testListId="8c84fa94-04c1-424b-9868-57a2d4851a1d" relativeResultsDirectory="ac4cc86d-ca66-4732-ad71-686ff70a2958" />
    <UnitTestResult executionId="1ec2b4a6-dfbe-4378-9739-ab39df27dbf7" testId="e960bec1-ab40-081f-752f-ac9290342b31" testName="InitialUpdateFailureReleasesAcceptedElementOnce" computerName="IOTERO-MSI76" duration="00:00:00.0067113" startTime="2026-09-25T07:18:14.9702617-04:00" endTime="2026-09-25T07:18:14.9771454-04:00" testType="13cdc9d9-ddb5-4fa4-a97d-d965ccfc6d4b" outcome="Passed" testListId="8c84fa94-04c1-424b-9868-57a2d4851a1d" relativeResultsDirectory="1ec2b4a6-dfbe-4378-9739-ab39df27dbf7" />
    <UnitTestResult executionId="a89a6b47-64c2-4e9f-a78b-b06cae9614b9" testId="befeeee4-93ad-bedf-29e6-2b46a53c4375" testName="TextModifiersRejectInvalidInputsAndPickerSnapshotsOptions" computerName="IOTERO-MSI76" duration="00:00:00.0013130" startTime="2026-09-25T07:18:14.7429903-04:00" endTime="2026-09-25T07:18:14.7444358-04:00" testType="13cdc9d9-ddb5-4fa4-a97d-d965ccfc6d4b" outcome="Passed" testListId="8c84fa94-04c1-424b-9868-57a2d4851a1d" relativeResultsDirectory="a89a6b47-64c2-4e9f-a78b-b06cae9614b9" />
    <UnitTestResult executionId="3cf99fe8-7bed-496e-ba19-28706465cd99" testId="c5f68223-5984-52f6-85f6-c4c4a8dfed7f" testName="SplitResizeCanBeRejectedAndCanceledWithoutChangingTheModel" computerName="IOTERO-MSI76" duration="00:00:00.0216819" startTime="2026-09-25T07:18:18.6489219-04:00" endTime="2026-09-25T07:18:18.6707319-04:00" testType="13cdc9d9-ddb5-4fa4-a97d-d965ccfc6d4b" outcome="Passed" testListId="8c84fa94-04c1-424b-9868-57a2d4851a1d" relativeResultsDirectory="3cf99fe8-7bed-496e-ba19-28706465cd99" />
    <UnitTestResult executionId="e7f9a1c7-c0a8-439a-9fbf-af33475864d9" testId="3b555443-d670-2dc7-fc17-90281ce40133" testName="FailedPatchDetachesCallbacksAndRequiresExplicitRecovery" computerName="IOTERO-MSI76" duration="00:00:00.0329916" startTime="2026-09-25T07:18:15.7931599-04:00" endTime="2026-09-25T07:18:15.8262941-04:00" testType="13cdc9d9-ddb5-4fa4-a97d-d965ccfc6d4b" outcome="Passed" testListId="8c84fa94-04c1-424b-9868-57a2d4851a1d" relativeResultsDirectory="e7f9a1c7-c0a8-439a-9fbf-af33475864d9" />
    <UnitTestResult executionId="6ccfb8ef-15cf-4206-8f59-1f9000a40fc6" testId="1a536dfd-d6c1-f38f-d50a-71478194dbf1" testName="RetainedLayoutTracksChangesAndRestoresAutomaticSize" computerName="IOTERO-MSI76" duration="00:00:00.0288927" startTime="2026-09-25T07:18:14.7717218-04:00" endTime="2026-09-25T07:18:14.8007791-04:00" testType="13cdc9d9-ddb5-4fa4-a97d-d965ccfc6d4b" outcome="Passed" testListId="8c84fa94-04c1-424b-9868-57a2d4851a1d" relativeResultsDirectory="6ccfb8ef-15cf-4206-8f59-1f9000a40fc6" />
    <UnitTestResult executionId="11379806-ce34-49b2-b7eb-8a139e5e01a1" testId="2e728302-687b-9dcb-f393-5fae3aa60485" testName="HistoryHasDistinctEntryIdentitiesAndCannotPopRoot" computerName="IOTERO-MSI76" duration="00:00:00.0014245" startTime="2026-09-25T07:18:15.0412815-04:00" endTime="2026-09-25T07:18:15.0429226-04:00" testType="13cdc9d9-ddb5-4fa4-a97d-d965ccfc6d4b" outcome="Passed" testListId="8c84fa94-04c1-424b-9868-57a2d4851a1d" relativeResultsDirectory="11379806-ce34-49b2-b7eb-8a139e5e01a1" />
    <UnitTestResult executionId="9786f494-e84c-4e7f-826e-aed6d1f55ed9" testId="fb7bfcfc-79a0-4e9f-428b-ece9deb9b93a" testName="ScrollingRestoresLocalStateAndReleasesObservers" computerName="IOTERO-MSI76" duration="00:00:00.0877004" startTime="2026-09-25T07:18:16.7830633-04:00" endTime="2026-09-25T07:18:16.8709675-04:00" testType="13cdc9d9-ddb5-4fa4-a97d-d965ccfc6d4b" outcome="Passed" testListId="8c84fa94-04c1-424b-9868-57a2d4851a1d" relativeResultsDirectory="9786f494-e84c-4e7f-826e-aed6d1f55ed9" />
    <UnitTestResult executionId="06bbb1b5-1f91-43bb-b71c-714b3d6119ca" testId="62e5a71f-4c59-312d-ab77-91b61d4d99b1" testName="BackRestoresVirtualRowStateIncludingRecycledRows" computerName="IOTERO-MSI76" duration="00:00:00.1035926" startTime="2026-09-25T07:18:15.0708030-04:00" endTime="2026-09-25T07:18:15.1745415-04:00" testType="13cdc9d9-ddb5-4fa4-a97d-d965ccfc6d4b" outcome="Passed" testListId="8c84fa94-04c1-424b-9868-57a2d4851a1d" relativeResultsDirectory="06bbb1b5-1f91-43bb-b71c-714b3d6119ca" />
    <UnitTestResult executionId="9a1539a8-750d-4a0f-a8d0-72369790a878" testId="b5dbc8f3-ab4e-f49a-0d1f-bb685b8678be" testName="GeneratedStringContentWrapsAndUsesThemedForeground" computerName="IOTERO-MSI76" duration="00:00:00.0270479" startTime="2026-09-25T07:18:14.4740839-04:00" endTime="2026-09-25T07:18:14.5012924-04:00" testType="13cdc9d9-ddb5-4fa4-a97d-d965ccfc6d4b" outcome="Passed" testListId="8c84fa94-04c1-424b-9868-57a2d4851a1d" relativeResultsDirectory="9a1539a8-750d-4a0f-a8d0-72369790a878" />
    <UnitTestResult executionId="f07e30b3-6048-4e78-a0d8-b53be32e9aa7" testId="870c69d1-4260-9120-c29a-07389da96af5" testName="OptimizationChecks" computerName="IOTERO-MSI76" duration="00:00:00.1242462" startTime="2026-09-25T07:18:18.7544250-04:00" endTime="2026-09-25T07:18:18.8794552-04:00" testType="13cdc9d9-ddb5-4fa4-a97d-d965ccfc6d4b" outcome="Passed" testListId="8c84fa94-04c1-424b-9868-57a2d4851a1d" relativeResultsDirectory="f07e30b3-6048-4e78-a0d8-b53be32e9aa7" />
    <UnitTestResult executionId="0c3eae30-58a3-4440-9319-01bfb103b2a2" testId="3597882f-4887-2058-6791-7570574e24d1" testName="ThrowingReleaseDoesNotSkipSiblingCleanup" computerName="IOTERO-MSI76" duration="00:00:00.0074823" startTime="2026-09-25T07:18:15.0146944-04:00" endTime="2026-09-25T07:18:15.0223218-04:00" testType="13cdc9d9-ddb5-4fa4-a97d-d965ccfc6d4b" outcome="Passed" testListId="8c84fa94-04c1-424b-9868-57a2d4851a1d" relativeResultsDirectory="0c3eae30-58a3-4440-9319-01bfb103b2a2" />
    <UnitTestResult executionId="1183c78c-751f-42c3-949f-c27430a6490f" testId="56a981b7-1705-62e5-c70d-673ad475a7a2" testName="RetainsEditorAndUsesLatestUpdateWithOriginalRelease" computerName="IOTERO-MSI76" duration="00:00:00.0127220" startTime="2026-09-25T07:18:14.8978511-04:00" endTime="2026-09-25T07:18:14.9107320-04:00" testType="13cdc9d9-ddb5-4fa4-a97d-d965ccfc6d4b" outcome="Passed" testListId="8c84fa94-04c1-424b-9868-57a2d4851a1d" relativeResultsDirectory="1183c78c-751f-42c3-949f-c27430a6490f" />
    <UnitTestResult executionId="b3603462-3951-4ee0-89da-52aae2dd6f64" testId="2084c875-396c-074a-a4cc-8569b04d1961" testName="ChildBodyFailureAfterSiblingPatchClearsParentAndUnmountsChild" computerName="IOTERO-MSI76" duration="00:00:00.0269731" startTime="2026-09-25T07:18:15.8524455-04:00" endTime="2026-09-25T07:18:15.8795819-04:00" testType="13cdc9d9-ddb5-4fa4-a97d-d965ccfc6d4b" outcome="Passed" testListId="8c84fa94-04c1-424b-9868-57a2d4851a1d" relativeResultsDirectory="b3603462-3951-4ee0-89da-52aae2dd6f64" />
    <UnitTestResult executionId="902386dc-f852-430c-b89a-4f1a354fc0ac" testId="ffde5e0f-03a9-bedd-d44d-e378aca4ea45" testName="InitialEditorValuesKeepPrecedenceWhenStyleChanges" computerName="IOTERO-MSI76" duration="00:00:00.0201925" startTime="2026-09-25T07:18:14.5687756-04:00" endTime="2026-09-25T07:18:14.5891927-04:00" testType="13cdc9d9-ddb5-4fa4-a97d-d965ccfc6d4b" outcome="Passed" testListId="8c84fa94-04c1-424b-9868-57a2d4851a1d" relativeResultsDirectory="902386dc-f852-430c-b89a-4f1a354fc0ac" />
    <UnitTestResult executionId="9cf374bf-fab6-4c0b-898c-e3570bd09eb8" testId="c1efbe72-069d-4967-dfcd-5886a96ac528" testName="FailedPanelPatchLeavesHostRecoverable" computerName="IOTERO-MSI76" duration="00:00:00.0287225" startTime="2026-09-25T07:18:15.7219488-04:00" endTime="2026-09-25T07:18:15.7508236-04:00" testType="13cdc9d9-ddb5-4fa4-a97d-d965ccfc6d4b" outcome="Passed" testListId="8c84fa94-04c1-424b-9868-57a2d4851a1d" relativeResultsDirectory="9cf374bf-fab6-4c0b-898c-e3570bd09eb8" />
    <UnitTestResult executionId="b16a0660-9722-45a4-b73c-2ec6b814f8b4" testId="1a4b3d60-defb-6eeb-e9e1-c5107bcbdb57" testName="SessionTracksOnlyReadState" computerName="IOTERO-MSI76" duration="00:00:00.0024854" startTime="2026-09-25T07:18:15.9194212-04:00" endTime="2026-09-25T07:18:15.9220722-04:00" testType="13cdc9d9-ddb5-4fa4-a97d-d965ccfc6d4b" outcome="Passed" testListId="8c84fa94-04c1-424b-9868-57a2d4851a1d" relativeResultsDirectory="b16a0660-9722-45a4-b73c-2ec6b814f8b4" />
    <UnitTestResult executionId="25d30daf-8ced-4ee6-bf31-c4d236d40681" testId="4a41bf29-aa4b-1fe1-ceac-ce6b0057095e" testName="NativeGridChildrenAndAutomationNameRemainAppOwned" computerName="IOTERO-MSI76" duration="00:00:00.0083725" startTime="2026-09-25T07:18:14.9515351-04:00" endTime="2026-09-25T07:18:14.9600569-04:00" testType="13cdc9d9-ddb5-4fa4-a97d-d965ccfc6d4b" outcome="Passed" testListId="8c84fa94-04c1-424b-9868-57a2d4851a1d" relativeResultsDirectory="25d30daf-8ced-4ee6-bf31-c4d236d40681" />
    <UnitTestResult executionId="987ef990-34e0-47af-b79b-751127262644" testId="615e015c-dd86-a155-1055-ba58187d1637" testName="SplitterMouseAndKeyboardResizeRespectBoundsAndBinding" computerName="IOTERO-MSI76" duration="00:00:00.0384617" startTime="2026-09-25T07:18:18.6078008-04:00" endTime="2026-09-25T07:18:18.6464121-04:00" testType="13cdc9d9-ddb5-4fa4-a97d-d965ccfc6d4b" outcome="Passed" testListId="8c84fa94-04c1-424b-9868-57a2d4851a1d" relativeResultsDirectory="987ef990-34e0-47af-b79b-751127262644" />
    <UnitTestResult executionId="9cfe41be-8c42-40dc-b32d-1e3a2d901fde" testId="dd6f4782-edb4-a7b1-8024-3f69425433f1" testName="FlexRowUpdatesSizingAndGapsAcrossReorderAndRemoval" computerName="IOTERO-MSI76" duration="00:00:00.0379188" startTime="2026-09-25T07:18:18.3921088-04:00" endTime="2026-09-25T07:18:18.4303338-04:00" testType="13cdc9d9-ddb5-4fa4-a97d-d965ccfc6d4b" outcome="Passed" testListId="8c84fa94-04c1-424b-9868-57a2d4851a1d" relativeResultsDirectory="9cfe41be-8c42-40dc-b32d-1e3a2d901fde" />
    <UnitTestResult executionId="b9b6114a-dbec-418b-96fa-138a3cb320de" testId="4eedd673-31cf-5a2b-a052-e12369fe9f56" testName="SessionDisposalDetachesAndRejectsBuilds" computerName="IOTERO-MSI76" duration="00:00:00.0016938" startTime="2026-09-25T07:18:15.9387543-04:00" endTime="2026-09-25T07:18:15.9405498-04:00" testType="13cdc9d9-ddb5-4fa4-a97d-d965ccfc6d4b" outcome="Passed" testListId="8c84fa94-04c1-424b-9868-57a2d4851a1d" relativeResultsDirectory="b9b6114a-dbec-418b-96fa-138a3cb320de" />
    <UnitTestResult executionId="890a828f-e0e7-4034-af91-32e4095a946a" testId="fd143fa6-7606-a04b-d0e1-083a1034f48b" testName="KeyedReorderRetainsIslandsAndTypeChangeReplacesThem" computerName="IOTERO-MSI76" duration="00:00:00.0363632" startTime="2026-09-25T07:18:14.9127625-04:00" endTime="2026-09-25T07:18:14.9492687-04:00" testType="13cdc9d9-ddb5-4fa4-a97d-d965ccfc6d4b" outcome="Passed" testListId="8c84fa94-04c1-424b-9868-57a2d4851a1d" relativeResultsDirectory="890a828f-e0e7-4034-af91-32e4095a946a" />
    <UnitTestResult executionId="ce00f4a8-ba43-4bbc-a8d8-1b2cb739122f" testId="7cda3b1a-c492-42d7-076e-30e7dfd38bfe" testName="ExplicitForegroundOverridesThemeAndCanBeRemoved" computerName="IOTERO-MSI76" duration="00:00:00.0153213" startTime="2026-09-25T07:18:14.8510669-04:00" endTime="2026-09-25T07:18:14.8665518-04:00" testType="13cdc9d9-ddb5-4fa4-a97d-d965ccfc6d4b" outcome="Passed" testListId="8c84fa94-04c1-424b-9868-57a2d4851a1d" relativeResultsDirectory="ce00f4a8-ba43-4bbc-a8d8-1b2cb739122f" />
    <UnitTestResult executionId="cba5c892-eaea-4946-96cb-531a09f3f182" testId="a49ff080-80db-15a5-b0c5-1b8c7b683fad" testName="ContentTemplateAndStringFormatAreRespected" computerName="IOTERO-MSI76" duration="00:00:00.0303819" startTime="2026-09-25T07:18:14.5353598-04:00" endTime="2026-09-25T07:18:14.5659114-04:00" testType="13cdc9d9-ddb5-4fa4-a97d-d965ccfc6d4b" outcome="Passed" testListId="8c84fa94-04c1-424b-9868-57a2d4851a1d" relativeResultsDirectory="cba5c892-eaea-4946-96cb-531a09f3f182" />
    <UnitTestResult executionId="475bd5e7-83f8-4358-b4ad-66bcc1cdddf0" testId="1ebe1115-5208-be40-6b70-3d696891ebb7" testName="TextEditsWriteStateAndExternalChangesUpdateControl" computerName="IOTERO-MSI76" duration="00:00:00.0143026" startTime="2026-09-25T07:18:15.6265559-04:00" endTime="2026-09-25T07:18:15.6410987-04:00" testType="13cdc9d9-ddb5-4fa4-a97d-d965ccfc6d4b" outcome="Passed" testListId="8c84fa94-04c1-424b-9868-57a2d4851a1d" relativeResultsDirectory="475bd5e7-83f8-4358-b4ad-66bcc1cdddf0" />
    <UnitTestResult executionId="96596b07-d024-43e0-98be-62bb34dc3ceb" testId="d4cf6a42-6211-c955-efbf-1199b15739b0" testName="DockFillsCenterAndRetainsItWhenAnEdgeIsRemoved" computerName="IOTERO-MSI76" duration="00:00:00.0441862" startTime="2026-09-25T07:18:18.4322540-04:00" endTime="2026-09-25T07:18:18.4765984-04:00" testType="13cdc9d9-ddb5-4fa4-a97d-d965ccfc6d4b" outcome="Passed" testListId="8c84fa94-04c1-424b-9868-57a2d4851a1d" relativeResultsDirectory="96596b07-d024-43e0-98be-62bb34dc3ceb" />
    <UnitTestResult executionId="2c628543-ac0a-4f66-8766-666d3e1bed1b" testId="b7baa0fa-de15-557f-f5f8-7cccddc51010" testName="VirtualRowsRequireUniqueKeys" computerName="IOTERO-MSI76" duration="00:00:00.0048341" startTime="2026-09-25T07:18:18.3842035-04:00" endTime="2026-09-25T07:18:18.3891747-04:00" testType="13cdc9d9-ddb5-4fa4-a97d-d965ccfc6d4b" outcome="Passed" testListId="8c84fa94-04c1-424b-9868-57a2d4851a1d" relativeResultsDirectory="2c628543-ac0a-4f66-8766-666d3e1bed1b" />
    <UnitTestResult executionId="fa0615fa-67aa-42fe-addc-abf8c212cb7a" testId="76c129e1-cc21-fadf-2f2b-d1b53457b29d" testName="LaterSiblingFailureReleasesReplacementsAndOriginalsExactlyOnce" computerName="IOTERO-MSI76" duration="00:00:00.0085940" startTime="2026-09-25T07:18:15.8939865-04:00" endTime="2026-09-25T07:18:15.9027264-04:00" testType="13cdc9d9-ddb5-4fa4-a97d-d965ccfc6d4b" outcome="Passed" testListId="8c84fa94-04c1-424b-9868-57a2d4851a1d" relativeResultsDirectory="fa0615fa-67aa-42fe-addc-abf8c212cb7a" />
    <UnitTestResult executionId="8bc5633b-201d-4c4f-8d2d-9ae5b79d705c" testId="2b0ca6bb-4d11-ee9e-f0d7-3be4592c6f6c" testName="FailedBrushPatchLeavesHostRecoverable" computerName="IOTERO-MSI76" duration="00:00:00.0274887" startTime="2026-09-25T07:18:15.7529535-04:00" endTime="2026-09-25T07:18:15.7806110-04:00" testType="13cdc9d9-ddb5-4fa4-a97d-d965ccfc6d4b" outcome="Passed" testListId="8c84fa94-04c1-424b-9868-57a2d4851a1d" relativeResultsDirectory="8bc5633b-201d-4c4f-8d2d-9ae5b79d705c" />
    <UnitTestResult executionId="e8f9cf13-810d-42e6-8ab4-a865b7e5ba9c" testId="01f16d46-6552-ada5-ef27-7e66a5512947" testName="RealWindowRestoresFocusAfterContainerRegeneration" computerName="IOTERO-MSI76" duration="00:00:00.1716888" startTime="2026-09-25T07:18:18.0998707-04:00" endTime="2026-09-25T07:18:18.2717078-04:00" testType="13cdc9d9-ddb5-4fa4-a97d-d965ccfc6d4b" outcome="Passed" testListId="8c84fa94-04c1-424b-9868-57a2d4851a1d" relativeResultsDirectory="e8f9cf13-810d-42e6-8ab4-a865b7e5ba9c" />
    <UnitTestResult executionId="912f7119-7c71-4ef9-99e7-1562c09a74bd" testId="4d39288d-e3c4-49a3-1941-1299565fcd79" testName="ClosedAndPopupChromeUseThemeColorsAndNativeSelection (True)" computerName="IOTERO-MSI76" duration="00:00:00.0667751" startTime="2026-09-25T07:18:15.5573574-04:00" endTime="2026-09-25T07:18:15.6243577-04:00" testType="13cdc9d9-ddb5-4fa4-a97d-d965ccfc6d4b" outcome="Passed" testListId="8c84fa94-04c1-424b-9868-57a2d4851a1d" relativeResultsDirectory="912f7119-7c71-4ef9-99e7-1562c09a74bd" />
    <UnitTestResult executionId="53c8f364-03f7-48f9-b32e-932de50d49b7" testId="90d6462b-973b-9e6c-9513-09042543f161" testName="NestedNavigationRetainsBothActiveAndHiddenScreenState" computerName="IOTERO-MSI76" duration="00:00:00.0197894" startTime="2026-09-25T07:18:15.1770300-04:00" endTime="2026-09-25T07:18:15.1969704-04:00" testType="13cdc9d9-ddb5-4fa4-a97d-d965ccfc6d4b" outcome="Passed" testListId="8c84fa94-04c1-424b-9868-57a2d4851a1d" relativeResultsDirectory="53c8f364-03f7-48f9-b32e-932de50d49b7" />
    <UnitTestResult executionId="7f19fbdc-f381-41e6-abcb-8788fe14300b" testId="adddd956-4538-cc61-233f-85675bc4933b" testName="BackRestoresLocalStateAndHiddenScreensReleaseObservers" computerName="IOTERO-MSI76" duration="00:00:00.0209231" startTime="2026-09-25T07:18:15.0476159-04:00" endTime="2026-09-25T07:18:15.0686522-04:00" testType="13cdc9d9-ddb5-4fa4-a97d-d965ccfc6d4b" outcome="Passed" testListId="8c84fa94-04c1-424b-9868-57a2d4851a1d" relativeResultsDirectory="7f19fbdc-f381-41e6-abcb-8788fe14300b" />
    <UnitTestResult executionId="daf5531f-e7d3-4bae-861c-42a0237ae3f7" testId="b3d7bb98-af27-87cb-1964-1330e137b88a" testName="NavigationRejectsCrossThreadAccessBeforeMutation" computerName="IOTERO-MSI76" duration="00:00:00.0006517" startTime="2026-09-25T07:18:15.0447550-04:00" endTime="2026-09-25T07:18:15.0455067-04:00" testType="13cdc9d9-ddb5-4fa4-a97d-d965ccfc6d4b" outcome="Passed" testListId="8c84fa94-04c1-424b-9868-57a2d4851a1d" relativeResultsDirectory="daf5531f-e7d3-4bae-861c-42a0237ae3f7" />
    <UnitTestResult executionId="362bb69e-9c39-47d1-b78f-b2b648c12222" testId="01420463-6f0b-a91c-7cd4-0360e87e3a4a" testName="ExplicitNameUpdatesAndRemovalRestoresNativeContentWithoutReplacingButton" computerName="IOTERO-MSI76" duration="00:00:00.0313255" startTime="2026-09-25T07:18:14.4096587-04:00" endTime="2026-09-25T07:18:14.4413130-04:00" testType="13cdc9d9-ddb5-4fa4-a97d-d965ccfc6d4b" outcome="Passed" testListId="8c84fa94-04c1-424b-9868-57a2d4851a1d" relativeResultsDirectory="362bb69e-9c39-47d1-b78f-b2b648c12222" />
    <UnitTestResult executionId="88b5e358-df4f-41fc-8c27-be6a727df064" testId="cc8e4def-5fc4-1bab-eb35-404ae9f1c434" testName="AdaptiveColumnsReflowWithoutReplacingTheInput" computerName="IOTERO-MSI76" duration="00:00:00.0246306" startTime="2026-09-25T07:18:14.8040367-04:00" endTime="2026-09-25T07:18:14.8289148-04:00" testType="13cdc9d9-ddb5-4fa4-a97d-d965ccfc6d4b" outcome="Passed" testListId="8c84fa94-04c1-424b-9868-57a2d4851a1d" relativeResultsDirectory="88b5e358-df4f-41fc-8c27-be6a727df064" />
    <UnitTestResult executionId="f7bcc45c-9ae5-4433-9c3e-def95e7950b3" testId="1b49d127-ed1e-2e35-4b32-ae54f327effc" testName="ThrowingRowCleanupStillReleasesEveryRealizedIsland" computerName="IOTERO-MSI76" duration="00:00:00.0264126" startTime="2026-09-25T07:18:16.6090684-04:00" endTime="2026-09-25T07:18:16.6356512-04:00" testType="13cdc9d9-ddb5-4fa4-a97d-d965ccfc6d4b" outcome="Passed" testListId="8c84fa94-04c1-424b-9868-57a2d4851a1d" relativeResultsDirectory="f7bcc45c-9ae5-4433-9c3e-def95e7950b3" />
    <UnitTestResult executionId="fe2c63cb-2dc4-40fb-bf60-77d8e138c7f1" testId="5541381f-a642-3ca0-33b2-f6b448af03c5" testName="ComputedNotificationsAlsoReachLaterObservers" computerName="IOTERO-MSI76" duration="00:00:00.0006030" startTime="2026-09-25T07:18:15.9107818-04:00" endTime="2026-09-25T07:18:15.9115202-04:00" testType="13cdc9d9-ddb5-4fa4-a97d-d965ccfc6d4b" outcome="Passed" testListId="8c84fa94-04c1-424b-9868-57a2d4851a1d" relativeResultsDirectory="fe2c63cb-2dc4-40fb-bf60-77d8e138c7f1" />
    <UnitTestResult executionId="0d133192-403d-42d0-a35f-999613768dd4" testId="fdbd502f-7ead-0176-9ba7-48384b0b2c5b" testName="PickerUsesLatestBindingAndInheritsDisabledState" computerName="IOTERO-MSI76" duration="00:00:00.0163004" startTime="2026-09-25T07:18:14.7245008-04:00" endTime="2026-09-25T07:18:14.7409475-04:00" testType="13cdc9d9-ddb5-4fa4-a97d-d965ccfc6d4b" outcome="Passed" testListId="8c84fa94-04c1-424b-9868-57a2d4851a1d" relativeResultsDirectory="0d133192-403d-42d0-a35f-999613768dd4" />
    <UnitTestResult executionId="5e611683-6918-43e5-bbbf-839033aa9563" testId="b9c2c5fb-b3d4-e4c6-8ffd-feb31b396210" testName="ApplicationTemplatesAndNativeTextKeepTheirWrappingPolicy" computerName="IOTERO-MSI76" duration="00:00:00.0292575" startTime="2026-09-25T07:18:14.5036495-04:00" endTime="2026-09-25T07:18:14.5330713-04:00" testType="13cdc9d9-ddb5-4fa4-a97d-d965ccfc6d4b" outcome="Passed" testListId="8c84fa94-04c1-424b-9868-57a2d4851a1d" relativeResultsDirectory="5e611683-6918-43e5-bbbf-839033aa9563" />
    <UnitTestResult executionId="05d02351-c2e8-464b-b40d-2a6a26af318f" testId="7692d824-95ad-efd7-4995-949fa2d985a3" testName="NavigationRecreatesIslandsFromApplicationState" computerName="IOTERO-MSI76" duration="00:00:00.0185496" startTime="2026-09-25T07:18:14.9937771-04:00" endTime="2026-09-25T07:18:15.0124733-04:00" testType="13cdc9d9-ddb5-4fa4-a97d-d965ccfc6d4b" outcome="Passed" testListId="8c84fa94-04c1-424b-9868-57a2d4851a1d" relativeResultsDirectory="05d02351-c2e8-464b-b40d-2a6a26af318f" />
    <UnitTestResult executionId="cd7b0948-5ca2-4b11-8bb1-40541a7830b1" testId="6fd38d7c-e7f3-c484-7330-67c03f5583be" testName="AllDeclaredEnumValuesRemainRenderable" computerName="IOTERO-MSI76" duration="00:00:00.0146536" startTime="2026-09-25T07:18:16.0901960-04:00" endTime="2026-09-25T07:18:16.1050491-04:00" testType="13cdc9d9-ddb5-4fa4-a97d-d965ccfc6d4b" outcome="Passed" testListId="8c84fa94-04c1-424b-9868-57a2d4851a1d" relativeResultsDirectory="cd7b0948-5ca2-4b11-8bb1-40541a7830b1" />
    <UnitTestResult executionId="08a2c3fe-fdfe-4363-89bf-b36406b83417" testId="935c320a-2d56-f857-f92f-277649ef6a86" testName="RegenerationUsesEditorKeysWhenSiblingsReorder" computerName="IOTERO-MSI76" duration="00:00:00.0930059" startTime="2026-09-25T07:18:16.3648504-04:00" endTime="2026-09-25T07:18:16.4580490-04:00" testType="13cdc9d9-ddb5-4fa4-a97d-d965ccfc6d4b" outcome="Passed" testListId="8c84fa94-04c1-424b-9868-57a2d4851a1d" relativeResultsDirectory="08a2c3fe-fdfe-4363-89bf-b36406b83417" />
    <UnitTestResult executionId="a431791e-480a-4ad8-b79c-cd4436b19601" testId="2618dcf0-f7a9-88df-d1bd-4719cffdaf96" testName="RealWindowRetainsFocusAfterScrollRoundTrip" computerName="IOTERO-MSI76" duration="00:00:01.2254385" startTime="2026-09-25T07:18:16.8723423-04:00" endTime="2026-09-25T07:18:18.0979319-04:00" testType="13cdc9d9-ddb5-4fa4-a97d-d965ccfc6d4b" outcome="Passed" testListId="8c84fa94-04c1-424b-9868-57a2d4851a1d" relativeResultsDirectory="a431791e-480a-4ad8-b79c-cd4436b19601" />
    <UnitTestResult executionId="1b0596fd-e80f-4030-81d8-8aa60287e997" testId="06355a47-b059-fb29-fd41-5da676d34418" testName="LabelIndicatorAndDisabledStateUseScopedTheme (False)" computerName="IOTERO-MSI76" duration="00:00:00.0359105" startTime="2026-09-25T07:18:15.9418655-04:00" endTime="2026-09-25T07:18:15.9779816-04:00" testType="13cdc9d9-ddb5-4fa4-a97d-d965ccfc6d4b" outcome="Passed" testListId="8c84fa94-04c1-424b-9868-57a2d4851a1d" relativeResultsDirectory="1b0596fd-e80f-4030-81d8-8aa60287e997" />
    <UnitTestResult executionId="f611388d-056c-4391-8920-a05807faddf4" testId="0848fd4a-75c7-b79a-385c-18052268625d" testName="InvalidSplitConfigurationPreservesExistingTree" computerName="IOTERO-MSI76" duration="00:00:00.0073713" startTime="2026-09-25T07:18:18.6721288-04:00" endTime="2026-09-25T07:18:18.6796136-04:00" testType="13cdc9d9-ddb5-4fa4-a97d-d965ccfc6d4b" outcome="Passed" testListId="8c84fa94-04c1-424b-9868-57a2d4851a1d" relativeResultsDirectory="f611388d-056c-4391-8920-a05807faddf4" />
    <UnitTestResult executionId="4707ee07-9d32-47ef-8983-11312407be9e" testId="ae2fb243-731a-12c9-d8df-111577a1f59e" testName="RemovedKeyGetsFreshStateOnReinsertion" computerName="IOTERO-MSI76" duration="00:00:00.0536714" startTime="2026-09-25T07:18:18.3281297-04:00" endTime="2026-09-25T07:18:18.3820197-04:00" testType="13cdc9d9-ddb5-4fa4-a97d-d965ccfc6d4b" outcome="Passed" testListId="8c84fa94-04c1-424b-9868-57a2d4851a1d" relativeResultsDirectory="4707ee07-9d32-47ef-8983-11312407be9e" />
    <UnitTestResult executionId="f5c4ec7f-b687-44ba-af17-9f3d10cddac4" testId="64252cf5-e88f-18df-7c7a-0ecdf6d43717" testName="VisibleMoveRetainsUnaffectedRowControls" computerName="IOTERO-MSI76" duration="00:00:00.0509219" startTime="2026-09-25T07:18:18.2733426-04:00" endTime="2026-09-25T07:18:18.3244658-04:00" testType="13cdc9d9-ddb5-4fa4-a97d-d965ccfc6d4b" outcome="Passed" testListId="8c84fa94-04c1-424b-9868-57a2d4851a1d" relativeResultsDirectory="f5c4ec7f-b687-44ba-af17-9f3d10cddac4" />
    <UnitTestResult executionId="075179d7-2b22-4c38-91aa-bb186b24c70e" testId="560e1f77-7c47-5adc-1071-44716a1620f4" testName="MalformedDescriptionsFailBeforeMutatingRetainedTree" computerName="IOTERO-MSI76" duration="00:00:00.0260618" startTime="2026-09-25T07:18:16.1169321-04:00" endTime="2026-09-25T07:18:16.1431543-04:00" testType="13cdc9d9-ddb5-4fa4-a97d-d965ccfc6d4b" outcome="Passed" testListId="8c84fa94-04c1-424b-9868-57a2d4851a1d" relativeResultsDirectory="075179d7-2b22-4c38-91aa-bb186b24c70e" />
    <UnitTestResult executionId="602b2540-8458-4a8a-a205-c1e819199efe" testId="081622c3-e789-76c3-c0a1-96bb2c923ea5" testName="CustomStateCannotNotifyFromAnotherThread" computerName="IOTERO-MSI76" duration="00:00:00.0007498" startTime="2026-09-25T07:18:15.9057901-04:00" endTime="2026-09-25T07:18:15.9068034-04:00" testType="13cdc9d9-ddb5-4fa4-a97d-d965ccfc6d4b" outcome="Passed" testListId="8c84fa94-04c1-424b-9868-57a2d4851a1d" relativeResultsDirectory="602b2540-8458-4a8a-a205-c1e819199efe" />
    <UnitTestResult executionId="6e878e9e-ddc6-41d1-85c3-ebfb1447a946" testId="771cb614-7fbb-a07b-115a-e42a01ea5fc2" testName="ParentOwnedControlsAreRejectedWithoutReleaseOrReparenting" computerName="IOTERO-MSI76" duration="00:00:00.0056969" startTime="2026-09-25T07:18:14.9620816-04:00" endTime="2026-09-25T07:18:14.9679435-04:00" testType="13cdc9d9-ddb5-4fa4-a97d-d965ccfc6d4b" outcome="Passed" testListId="8c84fa94-04c1-424b-9868-57a2d4851a1d" relativeResultsDirectory="6e878e9e-ddc6-41d1-85c3-ebfb1447a946" />
    <UnitTestResult executionId="a8ca80d9-c02a-4c0e-99f7-a2a77882b73e" testId="a1ba1346-1087-694b-de1b-b903655dd9c4" testName="RemovalReleasesAndRemountCreatesFreshElement" computerName="IOTERO-MSI76" duration="00:00:00.0133025" startTime="2026-09-25T07:18:15.0244420-04:00" endTime="2026-09-25T07:18:15.0378931-04:00" testType="13cdc9d9-ddb5-4fa4-a97d-d965ccfc6d4b" outcome="Passed" testListId="8c84fa94-04c1-424b-9868-57a2d4851a1d" relativeResultsDirectory="a8ca80d9-c02a-4c0e-99f7-a2a77882b73e" />
    <UnitTestResult executionId="f6608782-a11e-426b-a61c-01843546f452" testId="c650278a-029c-fb6a-0803-75593d72fdd4" testName="FailedBodyBuildRetainsTheGoodNativeTree" computerName="IOTERO-MSI76" duration="00:00:00.0141346" startTime="2026-09-25T07:18:15.8362367-04:00" endTime="2026-09-25T07:18:15.8505194-04:00" testType="13cdc9d9-ddb5-4fa4-a97d-d965ccfc6d4b" outcome="Passed" testListId="8c84fa94-04c1-424b-9868-57a2d4851a1d" relativeResultsDirectory="f6608782-a11e-426b-a61c-01843546f452" />
    <UnitTestResult executionId="00b6822e-6993-4ece-a77e-1ea159b20f6d" testId="d7cf2914-4f05-f4bf-07fb-b763a0ffc697" testName="ForwardMoveDoesNotDetachInterveningNativeSubtrees" computerName="IOTERO-MSI76" duration="00:00:00.0282876" startTime="2026-09-25T07:18:15.3897874-04:00" endTime="2026-09-25T07:18:15.4183980-04:00" testType="13cdc9d9-ddb5-4fa4-a97d-d965ccfc6d4b" outcome="Passed" testListId="8c84fa94-04c1-424b-9868-57a2d4851a1d" relativeResultsDirectory="00b6822e-6993-4ece-a77e-1ea159b20f6d" />
    <UnitTestResult executionId="cfe03f4d-f2c7-4d9e-b8ed-83715fec471c" testId="c1f81239-1da8-0b53-318d-c8e40e4b3f3f" testName="PickerReadsBackRejectedValuesAndUpdatesOptionsWithoutWrites" computerName="IOTERO-MSI76" duration="00:00:00.0574821" startTime="2026-09-25T07:18:14.6644206-04:00" endTime="2026-09-25T07:18:14.7220675-04:00" testType="13cdc9d9-ddb5-4fa4-a97d-d965ccfc6d4b" outcome="Passed" testListId="8c84fa94-04c1-424b-9868-57a2d4851a1d" relativeResultsDirectory="cfe03f4d-f2c7-4d9e-b8ed-83715fec471c" />
    <UnitTestResult executionId="3b41fee1-d718-451b-8103-01440d2763e3" testId="49025ef0-5bab-5ef1-3e7f-9788a28b3e70" testName="KeyboardFocusUsesThemeOutlineAndKeepsLabelReadable" computerName="IOTERO-MSI76" duration="00:00:00.0184889" startTime="2026-09-25T07:18:16.0698644-04:00" endTime="2026-09-25T07:18:16.0885089-04:00" testType="13cdc9d9-ddb5-4fa4-a97d-d965ccfc6d4b" outcome="Passed" testListId="8c84fa94-04c1-424b-9868-57a2d4851a1d" relativeResultsDirectory="3b41fee1-d718-451b-8103-01440d2763e3" />
    <UnitTestResult executionId="129780d8-44f6-422d-b7e8-507b54d89bd6" testId="1f51b101-fd51-d8df-d87b-786c62292ac2" testName="QueuedFocusRestorationRespectsFocusMovedOutsideTheRow" computerName="IOTERO-MSI76" duration="00:00:00.0746238" startTime="2026-09-25T07:18:16.4598767-04:00" endTime="2026-09-25T07:18:16.5346608-04:00" testType="13cdc9d9-ddb5-4fa4-a97d-d965ccfc6d4b" outcome="Passed" testListId="8c84fa94-04c1-424b-9868-57a2d4851a1d" relativeResultsDirectory="129780d8-44f6-422d-b7e8-507b54d89bd6" />
    <UnitTestResult executionId="add10600-6020-4f93-8d42-b210b51a0b71" testId="f5fbcb4d-62bf-85c0-247d-1cda0ba702f1" testName="MountAndCleanupFailuresAreBothReported" computerName="IOTERO-MSI76" duration="00:00:00.0059843" startTime="2026-09-25T07:18:15.8286002-04:00" endTime="2026-09-25T07:18:15.8347639-04:00" testType="13cdc9d9-ddb5-4fa4-a97d-d965ccfc6d4b" outcome="Passed" testListId="8c84fa94-04c1-424b-9868-57a2d4851a1d" relativeResultsDirectory="add10600-6020-4f93-8d42-b210b51a0b71" />
    <UnitTestResult executionId="ce6a8335-0f7c-4c71-bd76-a608d4b6e421" testId="74a190d9-7f33-3454-cc73-5c9c1bd1be09" testName="SnapshotEnumerationSurvivesMutation" computerName="IOTERO-MSI76" duration="00:00:00.0016385" startTime="2026-09-25T07:18:15.9129083-04:00" endTime="2026-09-25T07:18:15.9146393-04:00" testType="13cdc9d9-ddb5-4fa4-a97d-d965ccfc6d4b" outcome="Passed" testListId="8c84fa94-04c1-424b-9868-57a2d4851a1d" relativeResultsDirectory="ce6a8335-0f7c-4c71-bd76-a608d4b6e421" />
    <UnitTestResult executionId="1705d863-0b7d-4524-8ca8-66619b1fdee9" testId="294cbb46-7860-94ff-e721-5c7049d456ba" testName="SplitRetainsBothNativePanesAcrossCollapseOrientationAndReorder" computerName="IOTERO-MSI76" duration="00:00:00.0394631" startTime="2026-09-25T07:18:18.5665871-04:00" endTime="2026-09-25T07:18:18.6062010-04:00" testType="13cdc9d9-ddb5-4fa4-a97d-d965ccfc6d4b" outcome="Passed" testListId="8c84fa94-04c1-424b-9868-57a2d4851a1d" relativeResultsDirectory="1705d863-0b7d-4524-8ca8-66619b1fdee9" />
    <UnitTestResult executionId="67135fff-7875-4525-847e-e21b5807c5a6" testId="4eb04042-4eca-a609-b30e-1776755f59be" testName="RetainedButtonInvokesLatestCallback" computerName="IOTERO-MSI76" duration="00:00:00.0123592" startTime="2026-09-25T07:18:15.6717313-04:00" endTime="2026-09-25T07:18:15.6842381-04:00" testType="13cdc9d9-ddb5-4fa4-a97d-d965ccfc6d4b" outcome="Passed" testListId="8c84fa94-04c1-424b-9868-57a2d4851a1d" relativeResultsDirectory="67135fff-7875-4525-847e-e21b5807c5a6" />
    <UnitTestResult executionId="6ddeb5c4-1e3c-4f27-a06a-5314b085c6b5" testId="d76be2e4-fde2-5c21-49b6-deafe3ee2c4c" testName="OffscreenInsertAndRemovalRetainVisibleInputs" computerName="IOTERO-MSI76" duration="00:00:00.0641536" startTime="2026-09-25T07:18:16.6757989-04:00" endTime="2026-09-25T07:18:16.7400718-04:00" testType="13cdc9d9-ddb5-4fa4-a97d-d965ccfc6d4b" outcome="Passed" testListId="8c84fa94-04c1-424b-9868-57a2d4851a1d" relativeResultsDirectory="6ddeb5c4-1e3c-4f27-a06a-5314b085c6b5" />
    <UnitTestResult executionId="9443cd81-eb59-4030-a84c-519bf81813e6" testId="e13ba738-e403-9385-c4e8-ab6338308778" testName="FailedValidationDoesNotCommitCandidateDependencies" computerName="IOTERO-MSI76" duration="00:00:00.0060022" startTime="2026-09-25T07:18:14.9847615-04:00" endTime="2026-09-25T07:18:14.9909133-04:00" testType="13cdc9d9-ddb5-4fa4-a97d-d965ccfc6d4b" outcome="Passed" testListId="8c84fa94-04c1-424b-9868-57a2d4851a1d" relativeResultsDirectory="9443cd81-eb59-4030-a84c-519bf81813e6" />
    <UnitTestResult executionId="0f78813b-ca04-4929-87f2-a9527e1462ba" testId="6317bc15-e881-6c85-7483-4722c6ae2db8" testName="RapidNavigationAndResetKeepOnlyTheCurrentScreen" computerName="IOTERO-MSI76" duration="00:00:00.1867939" startTime="2026-09-25T07:18:15.1998202-04:00" endTime="2026-09-25T07:18:15.3867681-04:00" testType="13cdc9d9-ddb5-4fa4-a97d-d965ccfc6d4b" outcome="Passed" testListId="8c84fa94-04c1-424b-9868-57a2d4851a1d" relativeResultsDirectory="0f78813b-ca04-4929-87f2-a9527e1462ba" />
    <UnitTestResult executionId="4782d378-6602-47f7-a97f-1144df577e71" testId="af0d4edf-7b57-6c7a-3f5a-85cf8540ce33" testName="DuplicateSiblingKeysAreRejected" computerName="IOTERO-MSI76" duration="00:00:00.0024089" startTime="2026-09-25T07:18:15.7092903-04:00" endTime="2026-09-25T07:18:15.7118329-04:00" testType="13cdc9d9-ddb5-4fa4-a97d-d965ccfc6d4b" outcome="Passed" testListId="8c84fa94-04c1-424b-9868-57a2d4851a1d" relativeResultsDirectory="4782d378-6602-47f7-a97f-1144df577e71" />
    <UnitTestResult executionId="db107c78-c46f-457e-84f9-7f46e9d11c8d" testId="d7aa0073-9f43-f059-3755-eaa61eabb385" testName="ExplicitForegroundAndThemeReplacementUpdateRetainedLabel" computerName="IOTERO-MSI76" duration="00:00:00.0314054" startTime="2026-09-25T07:18:16.0363885-04:00" endTime="2026-09-25T07:18:16.0679538-04:00" testType="13cdc9d9-ddb5-4fa4-a97d-d965ccfc6d4b" outcome="Passed" testListId="8c84fa94-04c1-424b-9868-57a2d4851a1d" relativeResultsDirectory="db107c78-c46f-457e-84f9-7f46e9d11c8d" />
    <UnitTestResult executionId="a6563dda-f4f1-4c97-93f7-33762bb78bd5" testId="aad6da70-5558-5942-bc2d-4a5580345b40" testName="ScopedThemeUpdatesRetainedControlsAndKeepsTextBinding" computerName="IOTERO-MSI76" duration="00:00:00.0155489" startTime="2026-09-25T07:18:14.8329515-04:00" endTime="2026-09-25T07:18:14.8486704-04:00" testType="13cdc9d9-ddb5-4fa4-a97d-d965ccfc6d4b" outcome="Passed" testListId="8c84fa94-04c1-424b-9868-57a2d4851a1d" relativeResultsDirectory="a6563dda-f4f1-4c97-93f7-33762bb78bd5" />
    <UnitTestResult executionId="14274a8b-480b-4fc2-b29d-25932a1659a5" testId="3c94f855-4eca-1211-fc13-a7864ddbb998" testName="RegenerationRestoresSecondEditorAndSelection" computerName="IOTERO-MSI76" duration="00:00:00.2177819" startTime="2026-09-25T07:18:16.1448648-04:00" endTime="2026-09-25T07:18:16.3629173-04:00" testType="13cdc9d9-ddb5-4fa4-a97d-d965ccfc6d4b" outcome="Passed" testListId="8c84fa94-04c1-424b-9868-57a2d4851a1d" relativeResultsDirectory="14274a8b-480b-4fc2-b29d-25932a1659a5" />
    <UnitTestResult executionId="6bc76e99-8354-4a3f-b7cf-de94cbb2a40e" testId="bf86bc44-58b9-491c-84aa-c78db4e272c5" testName="FailedComputedEvaluationPreservesDependenciesAndRecovers" computerName="IOTERO-MSI76" duration="00:00:00.0020893" startTime="2026-09-25T07:18:15.9311964-04:00" endTime="2026-09-25T07:18:15.9333815-04:00" testType="13cdc9d9-ddb5-4fa4-a97d-d965ccfc6d4b" outcome="Passed" testListId="8c84fa94-04c1-424b-9868-57a2d4851a1d" relativeResultsDirectory="6bc76e99-8354-4a3f-b7cf-de94cbb2a40e" />
    <UnitTestResult executionId="f7110943-ca67-4910-a8ef-cdee6b3956dd" testId="688c4017-798a-88f1-14d3-b20fc9bf9de1" testName="InvalidLayoutFailsBeforeCreatingNativeElement" computerName="IOTERO-MSI76" duration="00:00:00.0026538" startTime="2026-09-25T07:18:14.9799233-04:00" endTime="2026-09-25T07:18:14.9827359-04:00" testType="13cdc9d9-ddb5-4fa4-a97d-d965ccfc6d4b" outcome="Passed" testListId="8c84fa94-04c1-424b-9868-57a2d4851a1d" relativeResultsDirectory="f7110943-ca67-4910-a8ef-cdee6b3956dd" />
    <UnitTestResult executionId="0d9de365-4571-4a37-9e45-e577bef9928b" testId="66ccffa4-19bc-2afa-fc43-3d4eecd2d927" testName="PasswordBindingRejectsEditsAndSwitchesSourcesWithoutFeedback" computerName="IOTERO-MSI76" duration="00:00:00.0165835" startTime="2026-09-25T07:18:14.6453811-04:00" endTime="2026-09-25T07:18:14.6621066-04:00" testType="13cdc9d9-ddb5-4fa4-a97d-d965ccfc6d4b" outcome="Passed" testListId="8c84fa94-04c1-424b-9868-57a2d4851a1d" relativeResultsDirectory="0d9de365-4571-4a37-9e45-e577bef9928b" />
    <UnitTestResult executionId="79c95703-f725-4723-9566-9c982023bb41" testId="412b96f7-9ce0-858f-99da-6de100320e77" testName="ConditionalReadsReplaceSubscriptions" computerName="IOTERO-MSI76" duration="00:00:00.0018021" startTime="2026-09-25T07:18:15.9236402-04:00" endTime="2026-09-25T07:18:15.9256113-04:00" testType="13cdc9d9-ddb5-4fa4-a97d-d965ccfc6d4b" outcome="Passed" testListId="8c84fa94-04c1-424b-9868-57a2d4851a1d" relativeResultsDirectory="79c95703-f725-4723-9566-9c982023bb41" />
    <UnitTestResult executionId="205c0617-8d3c-4025-b031-bba9d532e133" testId="e0972f98-d8f2-ba78-edc1-f7507e1d6267" testName="ReadOnlyTranscriptStaysSelectableDisablesUndoAndNeverWritesBack" computerName="IOTERO-MSI76" duration="00:00:00.0147570" startTime="2026-09-25T07:18:14.6218952-04:00" endTime="2026-09-25T07:18:14.6368056-04:00" testType="13cdc9d9-ddb5-4fa4-a97d-d965ccfc6d4b" outcome="Passed" testListId="8c84fa94-04c1-424b-9868-57a2d4851a1d" relativeResultsDirectory="205c0617-8d3c-4025-b031-bba9d532e133" />
    <UnitTestResult executionId="66b5133f-bf57-42ef-ab28-c07c1cf0bd71" testId="057f8850-52b0-aaba-f45f-4b0f6f4577d6" testName="BindingChecks" computerName="IOTERO-MSI76" duration="00:00:00.0387555" startTime="2026-09-25T07:18:18.7136566-04:00" endTime="2026-09-25T07:18:18.7525460-04:00" testType="13cdc9d9-ddb5-4fa4-a97d-d965ccfc6d4b" outcome="Passed" testListId="8c84fa94-04c1-424b-9868-57a2d4851a1d" relativeResultsDirectory="66b5133f-bf57-42ef-ab28-c07c1cf0bd71" />
    <UnitTestResult executionId="a3b4ad22-f18b-49ea-8319-3f4956a4605b" testId="382007ab-bb50-671a-c2d2-7149ea1cb7f0" testName="ThousandRowsMountOnlyViewportAndBuffer" computerName="IOTERO-MSI76" duration="00:00:00.0371314" startTime="2026-09-25T07:18:16.6369775-04:00" endTime="2026-09-25T07:18:16.6742278-04:00" testType="13cdc9d9-ddb5-4fa4-a97d-d965ccfc6d4b" outcome="Passed" testListId="8c84fa94-04c1-424b-9868-57a2d4851a1d" relativeResultsDirectory="a3b4ad22-f18b-49ea-8319-3f4956a4605b" />
    <UnitTestResult executionId="8111122c-1c9b-43ca-a5e3-bca2fd8cc571" testId="f84a84cd-3f78-f3fe-712d-4a649e4709d0" testName="FailedComponentMountLeavesHostRecoverable" computerName="IOTERO-MSI76" duration="00:00:00.0059316" startTime="2026-09-25T07:18:15.7132514-04:00" endTime="2026-09-25T07:18:15.7193866-04:00" testType="13cdc9d9-ddb5-4fa4-a97d-d965ccfc6d4b" outcome="Passed" testListId="8c84fa94-04c1-424b-9868-57a2d4851a1d" relativeResultsDirectory="8111122c-1c9b-43ca-a5e3-bca2fd8cc571" />
    <UnitTestResult executionId="2aa00698-e1b4-4e78-a2a6-1c5111692c65" testId="93bb27ef-5b0c-e381-27ff-91a6a2d6041f" testName="RemovalFailureStillReleasesUncommittedNewSiblings" computerName="IOTERO-MSI76" duration="00:00:00.0106598" startTime="2026-09-25T07:18:15.8814439-04:00" endTime="2026-09-25T07:18:15.8922902-04:00" testType="13cdc9d9-ddb5-4fa4-a97d-d965ccfc6d4b" outcome="Passed" testListId="8c84fa94-04c1-424b-9868-57a2d4851a1d" relativeResultsDirectory="2aa00698-e1b4-4e78-a2a6-1c5111692c65" />
    <UnitTestResult executionId="ff636692-eca5-441c-9cfe-1c87946d6f13" testId="9a36daeb-dc68-fca7-fc58-5fba8e31aa41" testName="ThrowingObserversDoNotStarveOtherSessions" computerName="IOTERO-MSI76" duration="00:00:00.0007406" startTime="2026-09-25T07:18:15.9082475-04:00" endTime="2026-09-25T07:18:15.9090887-04:00" testType="13cdc9d9-ddb5-4fa4-a97d-d965ccfc6d4b" outcome="Passed" testListId="8c84fa94-04c1-424b-9868-57a2d4851a1d" relativeResultsDirectory="ff636692-eca5-441c-9cfe-1c87946d6f13" />
    <UnitTestResult executionId="d68d32f2-3bb8-4412-8e4f-b0583db5ca80" testId="8a3a9f0e-f060-2639-d851-b96e9b793787" testName="StateSuppressesEqualWrites" computerName="IOTERO-MSI76" duration="00:00:00.0021957" startTime="2026-09-25T07:18:15.9158258-04:00" endTime="2026-09-25T07:18:15.9181745-04:00" testType="13cdc9d9-ddb5-4fa4-a97d-d965ccfc6d4b" outcome="Passed" testListId="8c84fa94-04c1-424b-9868-57a2d4851a1d" relativeResultsDirectory="d68d32f2-3bb8-4412-8e4f-b0583db5ca80" />
    <UnitTestResult executionId="dd0a33ec-0ed1-46db-afe9-f7eac038d54f" testId="219c26ce-7a5e-3303-b2be-0fb8a1608ea2" testName="ButtonClickUpdatesItsRetainedControl" computerName="IOTERO-MSI76" duration="00:00:00.0264840" startTime="2026-09-25T07:18:15.6433250-04:00" endTime="2026-09-25T07:18:15.6699556-04:00" testType="13cdc9d9-ddb5-4fa4-a97d-d965ccfc6d4b" outcome="Passed" testListId="8c84fa94-04c1-424b-9868-57a2d4851a1d" relativeResultsDirectory="dd0a33ec-0ed1-46db-afe9-f7eac038d54f" />
    <UnitTestResult executionId="fa5a5dd4-b928-429d-a6a9-00035cbcdcc4" testId="430d65cc-f8bf-0c6a-d977-0315592dbc32" testName="CompactToggleKeepsShortLabelOnOneLineAndWrapsLongLabels" computerName="IOTERO-MSI76" duration="00:00:00.0256603" startTime="2026-09-25T07:18:16.0084338-04:00" endTime="2026-09-25T07:18:16.0342941-04:00" testType="13cdc9d9-ddb5-4fa4-a97d-d965ccfc6d4b" outcome="Passed" testListId="8c84fa94-04c1-424b-9868-57a2d4851a1d" relativeResultsDirectory="fa5a5dd4-b928-429d-a6a9-00035cbcdcc4" />
    <UnitTestResult executionId="f979c5a9-1b29-4d85-a9e5-676c74a738e8" testId="20fc006c-6b2e-1fe7-710c-bc996ece72bf" testName="MovingOffscreenRowRetainsVisibleInputs" computerName="IOTERO-MSI76" duration="00:00:00.0385492" startTime="2026-09-25T07:18:16.7417163-04:00" endTime="2026-09-25T07:18:16.7804163-04:00" testType="13cdc9d9-ddb5-4fa4-a97d-d965ccfc6d4b" outcome="Passed" testListId="8c84fa94-04c1-424b-9868-57a2d4851a1d" relativeResultsDirectory="f979c5a9-1b29-4d85-a9e5-676c74a738e8" />
  </Results>
  <TestDefinitions>
    <UnitTest name="RapidNavigationAndResetKeepOnlyTheCurrentScreen" storage="c:\users\iotero\dev\personal\ui framework\tests\ui framework.checks\bin\release\net10.0-windows\ui framework.checks.dll" id="6317bc15-e881-6c85-7483-4722c6ae2db8">
      <Execution id="0f78813b-ca04-4929-87f2-a9527e1462ba" />
      <TestMethod codeBase="C:\Users\iotero\Dev\personal\UI Framework\tests\UI Framework.Checks\bin\Release\net10.0-windows\UI Framework.Checks.dll" adapterTypeName="executor://mstestadapter/v2" className="NavigationTests" name="RapidNavigationAndResetKeepOnlyTheCurrentScreen" />
    </UnitTest>
    <UnitTest name="NavigationRecreatesIslandsFromApplicationState" storage="c:\users\iotero\dev\personal\ui framework\tests\ui framework.checks\bin\release\net10.0-windows\ui framework.checks.dll" id="7692d824-95ad-efd7-4995-949fa2d985a3">
      <Execution id="05d02351-c2e8-464b-b40d-2a6a26af318f" />
      <TestMethod codeBase="C:\Users\iotero\Dev\personal\UI Framework\tests\UI Framework.Checks\bin\Release\net10.0-windows\UI Framework.Checks.dll" adapterTypeName="executor://mstestadapter/v2" className="NativeHostTests" name="NavigationRecreatesIslandsFromApplicationState" />
    </UnitTest>
    <UnitTest name="SessionDisposalDetachesAndRejectsBuilds" storage="c:\users\iotero\dev\personal\ui framework\tests\ui framework.checks\bin\release\net10.0-windows\ui framework.checks.dll" id="4eedd673-31cf-5a2b-a052-e12369fe9f56">
      <Execution id="b9b6114a-dbec-418b-96fa-138a3cb320de" />
      <TestMethod codeBase="C:\Users\iotero\Dev\personal\UI Framework\tests\UI Framework.Checks\bin\Release\net10.0-windows\UI Framework.Checks.dll" adapterTypeName="executor://mstestadapter/v2" className="StateSessionTests" name="SessionDisposalDetachesAndRejectsBuilds" />
    </UnitTest>
    <UnitTest name="InitialUpdateFailureReleasesAcceptedElementOnce" storage="c:\users\iotero\dev\personal\ui framework\tests\ui framework.checks\bin\release\net10.0-windows\ui framework.checks.dll" id="e960bec1-ab40-081f-752f-ac9290342b31">
      <Execution id="1ec2b4a6-dfbe-4378-9739-ab39df27dbf7" />
      <TestMethod codeBase="C:\Users\iotero\Dev\personal\UI Framework\tests\UI Framework.Checks\bin\Release\net10.0-windows\UI Framework.Checks.dll" adapterTypeName="executor://mstestadapter/v2" className="NativeHostTests" name="InitialUpdateFailureReleasesAcceptedElementOnce" />
    </UnitTest>
    <UnitTest name="InvalidLayoutDimensionsAreRejected" storage="c:\users\iotero\dev\personal\ui framework\tests\ui framework.checks\bin\release\net10.0-windows\ui framework.checks.dll" id="4c8cf8e0-fedb-8815-c755-eb4d41c089d1">
      <Execution id="4eac6c68-398a-4961-abb6-2fbb4e180ce5" />
      <TestMethod codeBase="C:\Users\iotero\Dev\personal\UI Framework\tests\UI Framework.Checks\bin\Release\net10.0-windows\UI Framework.Checks.dll" adapterTypeName="executor://mstestadapter/v2" className="LayoutStyleTests" name="InvalidLayoutDimensionsAreRejected" />
    </UnitTest>
    <UnitTest name="SplitResizeCanBeRejectedAndCanceledWithoutChangingTheModel" storage="c:\users\iotero\dev\personal\ui framework\tests\ui framework.checks\bin\release\net10.0-windows\ui framework.checks.dll" id="c5f68223-5984-52f6-85f6-c4c4a8dfed7f">
      <Execution id="3cf99fe8-7bed-496e-ba19-28706465cd99" />
      <TestMethod codeBase="C:\Users\iotero\Dev\personal\UI Framework\tests\UI Framework.Checks\bin\Release\net10.0-windows\UI Framework.Checks.dll" adapterTypeName="executor://mstestadapter/v2" className="WorkspaceLayoutTests" name="SplitResizeCanBeRejectedAndCanceledWithoutChangingTheModel" />
    </UnitTest>
    <UnitTest name="VisibleMoveRetainsUnaffectedRowControls" storage="c:\users\iotero\dev\personal\ui framework\tests\ui framework.checks\bin\release\net10.0-windows\ui framework.checks.dll" id="64252cf5-e88f-18df-7c7a-0ecdf6d43717">
      <Execution id="f5c4ec7f-b687-44ba-af17-9f3d10cddac4" />
      <TestMethod codeBase="C:\Users\iotero\Dev\personal\UI Framework\tests\UI Framework.Checks\bin\Release\net10.0-windows\UI Framework.Checks.dll" adapterTypeName="executor://mstestadapter/v2" className="VirtualizationTests" name="VisibleMoveRetainsUnaffectedRowControls" />
    </UnitTest>
    <UnitTest name="LaterSiblingFailureReleasesReplacementsAndOriginalsExactlyOnce" storage="c:\users\iotero\dev\personal\ui framework\tests\ui framework.checks\bin\release\net10.0-windows\ui framework.checks.dll" id="76c129e1-cc21-fadf-2f2b-d1b53457b29d">
      <Execution id="fa0615fa-67aa-42fe-addc-abf8c212cb7a" />
      <TestMethod codeBase="C:\Users\iotero\Dev\personal\UI Framework\tests\UI Framework.Checks\bin\Release\net10.0-windows\UI Framework.Checks.dll" adapterTypeName="executor://mstestadapter/v2" className="RendererFailureTests" name="LaterSiblingFailureReleasesReplacementsAndOriginalsExactlyOnce" />
    </UnitTest>
    <UnitTest name="RemovedKeyGetsFreshStateOnReinsertion" storage="c:\users\iotero\dev\personal\ui framework\tests\ui framework.checks\bin\release\net10.0-windows\ui framework.checks.dll" id="ae2fb243-731a-12c9-d8df-111577a1f59e">
      <Execution id="4707ee07-9d32-47ef-8983-11312407be9e" />
      <TestMethod codeBase="C:\Users\iotero\Dev\personal\UI Framework\tests\UI Framework.Checks\bin\Release\net10.0-windows\UI Framework.Checks.dll" adapterTypeName="executor://mstestadapter/v2" className="VirtualizationTests" name="RemovedKeyGetsFreshStateOnReinsertion" />
    </UnitTest>
    <UnitTest name="DuplicateSiblingKeysAreRejected" storage="c:\users\iotero\dev\personal\ui framework\tests\ui framework.checks\bin\release\net10.0-windows\ui framework.checks.dll" id="af0d4edf-7b57-6c7a-3f5a-85cf8540ce33">
      <Execution id="4782d378-6602-47f7-a97f-1144df577e71" />
      <TestMethod codeBase="C:\Users\iotero\Dev\personal\UI Framework\tests\UI Framework.Checks\bin\Release\net10.0-windows\UI Framework.Checks.dll" adapterTypeName="executor://mstestadapter/v2" className="PrimitiveTests" name="DuplicateSiblingKeysAreRejected" />
    </UnitTest>
    <UnitTest name="PasswordBindingRejectsEditsAndSwitchesSourcesWithoutFeedback" storage="c:\users\iotero\dev\personal\ui framework\tests\ui framework.checks\bin\release\net10.0-windows\ui framework.checks.dll" id="66ccffa4-19bc-2afa-fc43-3d4eecd2d927">
      <Execution id="0d9de365-4571-4a37-9e45-e577bef9928b" />
      <TestMethod codeBase="C:\Users\iotero\Dev\personal\UI Framework\tests\UI Framework.Checks\bin\Release\net10.0-windows\UI Framework.Checks.dll" adapterTypeName="executor://mstestadapter/v2" className="EditorTests" name="PasswordBindingRejectsEditsAndSwitchesSourcesWithoutFeedback" />
    </UnitTest>
    <UnitTest name="TextModifiersRejectInvalidInputsAndPickerSnapshotsOptions" storage="c:\users\iotero\dev\personal\ui framework\tests\ui framework.checks\bin\release\net10.0-windows\ui framework.checks.dll" id="befeeee4-93ad-bedf-29e6-2b46a53c4375">
      <Execution id="a89a6b47-64c2-4e9f-a78b-b06cae9614b9" />
      <TestMethod codeBase="C:\Users\iotero\Dev\personal\UI Framework\tests\UI Framework.Checks\bin\Release\net10.0-windows\UI Framework.Checks.dll" adapterTypeName="executor://mstestadapter/v2" className="EditorTests" name="TextModifiersRejectInvalidInputsAndPickerSnapshotsOptions" />
    </UnitTest>
    <UnitTest name="MovingOffscreenRowRetainsVisibleInputs" storage="c:\users\iotero\dev\personal\ui framework\tests\ui framework.checks\bin\release\net10.0-windows\ui framework.checks.dll" id="20fc006c-6b2e-1fe7-710c-bc996ece72bf">
      <Execution id="f979c5a9-1b29-4d85-a9e5-676c74a738e8" />
      <TestMethod codeBase="C:\Users\iotero\Dev\personal\UI Framework\tests\UI Framework.Checks\bin\Release\net10.0-windows\UI Framework.Checks.dll" adapterTypeName="executor://mstestadapter/v2" className="VirtualizationTests" name="MovingOffscreenRowRetainsVisibleInputs" />
    </UnitTest>
    <UnitTest name="DockFillsCenterAndRetainsItWhenAnEdgeIsRemoved" storage="c:\users\iotero\dev\personal\ui framework\tests\ui framework.checks\bin\release\net10.0-windows\ui framework.checks.dll" id="d4cf6a42-6211-c955-efbf-1199b15739b0">
      <Execution id="96596b07-d024-43e0-98be-62bb34dc3ceb" />
      <TestMethod codeBase="C:\Users\iotero\Dev\personal\UI Framework\tests\UI Framework.Checks\bin\Release\net10.0-windows\UI Framework.Checks.dll" adapterTypeName="executor://mstestadapter/v2" className="WorkspaceLayoutTests" name="DockFillsCenterAndRetainsItWhenAnEdgeIsRemoved" />
    </UnitTest>
    <UnitTest name="ThrowingObserversDoNotStarveOtherSessions" storage="c:\users\iotero\dev\personal\ui framework\tests\ui framework.checks\bin\release\net10.0-windows\ui framework.checks.dll" id="9a36daeb-dc68-fca7-fc58-5fba8e31aa41">
      <Execution id="ff636692-eca5-441c-9cfe-1c87946d6f13" />
      <TestMethod codeBase="C:\Users\iotero\Dev\personal\UI Framework\tests\UI Framework.Checks\bin\Release\net10.0-windows\UI Framework.Checks.dll" adapterTypeName="executor://mstestadapter/v2" className="StateNotificationTests" name="ThrowingObserversDoNotStarveOtherSessions" />
    </UnitTest>
    <UnitTest name="ClosedAndPopupChromeUseThemeColorsAndNativeSelection (False)" storage="c:\users\iotero\dev\personal\ui framework\tests\ui framework.checks\bin\release\net10.0-windows\ui framework.checks.dll" id="0abf3bfc-6794-ee2f-cd4e-2de4bc03b23a">
      <Execution id="ac4cc86d-ca66-4732-ad71-686ff70a2958" />
      <TestMethod codeBase="C:\Users\iotero\Dev\personal\UI Framework\tests\UI Framework.Checks\bin\Release\net10.0-windows\UI Framework.Checks.dll" adapterTypeName="executor://mstestadapter/v2" className="PickerStyleTests" name="ClosedAndPopupChromeUseThemeColorsAndNativeSelection" />
    </UnitTest>
    <UnitTest name="InvalidLayoutFailsBeforeCreatingNativeElement" storage="c:\users\iotero\dev\personal\ui framework\tests\ui framework.checks\bin\release\net10.0-windows\ui framework.checks.dll" id="688c4017-798a-88f1-14d3-b20fc9bf9de1">
      <Execution id="f7110943-ca67-4910-a8ef-cdee6b3956dd" />
      <TestMethod codeBase="C:\Users\iotero\Dev\personal\UI Framework\tests\UI Framework.Checks\bin\Release\net10.0-windows\UI Framework.Checks.dll" adapterTypeName="executor://mstestadapter/v2" className="NativeHostTests" name="InvalidLayoutFailsBeforeCreatingNativeElement" />
    </UnitTest>
    <UnitTest name="FlexColumnHonorsWeightsAutoHeightAndReorder" storage="c:\users\iotero\dev\personal\ui framework\tests\ui framework.checks\bin\release\net10.0-windows\ui framework.checks.dll" id="1f470fd6-668c-ceb6-2961-326ca59f7a5c">
      <Execution id="8ac7f6a4-edda-41bb-98e6-91b092dae4e9" />
      <TestMethod codeBase="C:\Users\iotero\Dev\personal\UI Framework\tests\UI Framework.Checks\bin\Release\net10.0-windows\UI Framework.Checks.dll" adapterTypeName="executor://mstestadapter/v2" className="WorkspaceLayoutTests" name="FlexColumnHonorsWeightsAutoHeightAndReorder" />
    </UnitTest>
    <UnitTest name="ParentOwnedControlsAreRejectedWithoutReleaseOrReparenting" storage="c:\users\iotero\dev\personal\ui framework\tests\ui framework.checks\bin\release\net10.0-windows\ui framework.checks.dll" id="771cb614-7fbb-a07b-115a-e42a01ea5fc2">
      <Execution id="6e878e9e-ddc6-41d1-85c3-ebfb1447a946" />
      <TestMethod codeBase="C:\Users\iotero\Dev\personal\UI Framework\tests\UI Framework.Checks\bin\Release\net10.0-windows\UI Framework.Checks.dll" adapterTypeName="executor://mstestadapter/v2" className="NativeHostTests" name="ParentOwnedControlsAreRejectedWithoutReleaseOrReparenting" />
    </UnitTest>
    <UnitTest name="KeyedReorderRetainsIslandsAndTypeChangeReplacesThem" storage="c:\users\iotero\dev\personal\ui framework\tests\ui framework.checks\bin\release\net10.0-windows\ui framework.checks.dll" id="fd143fa6-7606-a04b-d0e1-083a1034f48b">
      <Execution id="890a828f-e0e7-4034-af91-32e4095a946a" />
      <TestMethod codeBase="C:\Users\iotero\Dev\personal\UI Framework\tests\UI Framework.Checks\bin\Release\net10.0-windows\UI Framework.Checks.dll" adapterTypeName="executor://mstestadapter/v2" className="NativeHostTests" name="KeyedReorderRetainsIslandsAndTypeChangeReplacesThem" />
    </UnitTest>
    <UnitTest name="ExplicitForegroundAndThemeReplacementUpdateRetainedLabel" storage="c:\users\iotero\dev\personal\ui framework\tests\ui framework.checks\bin\release\net10.0-windows\ui framework.checks.dll" id="d7aa0073-9f43-f059-3755-eaa61eabb385">
      <Execution id="db107c78-c46f-457e-84f9-7f46e9d11c8d" />
      <TestMethod codeBase="C:\Users\iotero\Dev\personal\UI Framework\tests\UI Framework.Checks\bin\Release\net10.0-windows\UI Framework.Checks.dll" adapterTypeName="executor://mstestadapter/v2" className="ToggleStyleTests" name="ExplicitForegroundAndThemeReplacementUpdateRetainedLabel" />
    </UnitTest>
    <UnitTest name="FailedValidationDoesNotCommitCandidateDependencies" storage="c:\users\iotero\dev\personal\ui framework\tests\ui framework.checks\bin\release\net10.0-windows\ui framework.checks.dll" id="e13ba738-e403-9385-c4e8-ab6338308778">
      <Execution id="9443cd81-eb59-4030-a84c-519bf81813e6" />
      <TestMethod codeBase="C:\Users\iotero\Dev\personal\UI Framework\tests\UI Framework.Checks\bin\Release\net10.0-windows\UI Framework.Checks.dll" adapterTypeName="executor://mstestadapter/v2" className="NativeHostTests" name="FailedValidationDoesNotCommitCandidateDependencies" />
    </UnitTest>
    <UnitTest name="BackRestoresVirtualRowStateIncludingRecycledRows" storage="c:\users\iotero\dev\personal\ui framework\tests\ui framework.checks\bin\release\net10.0-windows\ui framework.checks.dll" id="62e5a71f-4c59-312d-ab77-91b61d4d99b1">
      <Execution id="06bbb1b5-1f91-43bb-b71c-714b3d6119ca" />
      <TestMethod codeBase="C:\Users\iotero\Dev\personal\UI Framework\tests\UI Framework.Checks\bin\Release\net10.0-windows\UI Framework.Checks.dll" adapterTypeName="executor://mstestadapter/v2" className="NavigationTests" name="BackRestoresVirtualRowStateIncludingRecycledRows" />
    </UnitTest>
    <UnitTest name="SplitRetainsBothNativePanesAcrossCollapseOrientationAndReorder" storage="c:\users\iotero\dev\personal\ui framework\tests\ui framework.checks\bin\release\net10.0-windows\ui framework.checks.dll" id="294cbb46-7860-94ff-e721-5c7049d456ba">
      <Execution id="1705d863-0b7d-4524-8ca8-66619b1fdee9" />
      <TestMethod codeBase="C:\Users\iotero\Dev\personal\UI Framework\tests\UI Framework.Checks\bin\Release\net10.0-windows\UI Framework.Checks.dll" adapterTypeName="executor://mstestadapter/v2" className="WorkspaceLayoutTests" name="SplitRetainsBothNativePanesAcrossCollapseOrientationAndReorder" />
    </UnitTest>
    <UnitTest name="AdaptiveColumnsReflowWithoutReplacingTheInput" storage="c:\users\iotero\dev\personal\ui framework\tests\ui framework.checks\bin\release\net10.0-windows\ui framework.checks.dll" id="cc8e4def-5fc4-1bab-eb35-404ae9f1c434">
      <Execution id="88b5e358-df4f-41fc-8c27-be6a727df064" />
      <TestMethod codeBase="C:\Users\iotero\Dev\personal\UI Framework\tests\UI Framework.Checks\bin\Release\net10.0-windows\UI Framework.Checks.dll" adapterTypeName="executor://mstestadapter/v2" className="LayoutStyleTests" name="AdaptiveColumnsReflowWithoutReplacingTheInput" />
    </UnitTest>
    <UnitTest name="SnapshotEnumerationSurvivesMutation" storage="c:\users\iotero\dev\personal\ui framework\tests\ui framework.checks\bin\release\net10.0-windows\ui framework.checks.dll" id="74a190d9-7f33-3454-cc73-5c9c1bd1be09">
      <Execution id="ce6a8335-0f7c-4c71-bd76-a608d4b6e421" />
      <TestMethod codeBase="C:\Users\iotero\Dev\personal\UI Framework\tests\UI Framework.Checks\bin\Release\net10.0-windows\UI Framework.Checks.dll" adapterTypeName="executor://mstestadapter/v2" className="StateNotificationTests" name="SnapshotEnumerationSurvivesMutation" />
    </UnitTest>
    <UnitTest name="RetainedLayoutTracksChangesAndRestoresAutomaticSize" storage="c:\users\iotero\dev\personal\ui framework\tests\ui framework.checks\bin\release\net10.0-windows\ui framework.checks.dll" id="1a536dfd-d6c1-f38f-d50a-71478194dbf1">
      <Execution id="6ccfb8ef-15cf-4206-8f59-1f9000a40fc6" />
      <TestMethod codeBase="C:\Users\iotero\Dev\personal\UI Framework\tests\UI Framework.Checks\bin\Release\net10.0-windows\UI Framework.Checks.dll" adapterTypeName="executor://mstestadapter/v2" className="LayoutStyleTests" name="RetainedLayoutTracksChangesAndRestoresAutomaticSize" />
    </UnitTest>
    <UnitTest name="SplitterMouseAndKeyboardResizeRespectBoundsAndBinding" storage="c:\users\iotero\dev\personal\ui framework\tests\ui framework.checks\bin\release\net10.0-windows\ui framework.checks.dll" id="615e015c-dd86-a155-1055-ba58187d1637">
      <Execution id="987ef990-34e0-47af-b79b-751127262644" />
      <TestMethod codeBase="C:\Users\iotero\Dev\personal\UI Framework\tests\UI Framework.Checks\bin\Release\net10.0-windows\UI Framework.Checks.dll" adapterTypeName="executor://mstestadapter/v2" className="WorkspaceLayoutTests" name="SplitterMouseAndKeyboardResizeRespectBoundsAndBinding" />
    </UnitTest>
    <UnitTest name="FailedComputedEvaluationPreservesDependenciesAndRecovers" storage="c:\users\iotero\dev\personal\ui framework\tests\ui framework.checks\bin\release\net10.0-windows\ui framework.checks.dll" id="bf86bc44-58b9-491c-84aa-c78db4e272c5">
      <Execution id="6bc76e99-8354-4a3f-b7cf-de94cbb2a40e" />
      <TestMethod codeBase="C:\Users\iotero\Dev\personal\UI Framework\tests\UI Framework.Checks\bin\Release\net10.0-windows\UI Framework.Checks.dll" adapterTypeName="executor://mstestadapter/v2" className="StateSessionTests" name="FailedComputedEvaluationPreservesDependenciesAndRecovers" />
    </UnitTest>
    <UnitTest name="ComponentChecks" storage="c:\users\iotero\dev\personal\ui framework\tests\ui framework.checks\bin\release\net10.0-windows\ui framework.checks.dll" id="f48474d4-acdb-1588-98f4-80e25e69544a">
      <Execution id="00e30fc9-561a-4654-9418-546904f5935b" />
      <TestMethod codeBase="C:\Users\iotero\Dev\personal\UI Framework\tests\UI Framework.Checks\bin\Release\net10.0-windows\UI Framework.Checks.dll" adapterTypeName="executor://mstestadapter/v2" className="UI_Framework.Checks.FrameworkTests" name="ComponentChecks" />
    </UnitTest>
    <UnitTest name="NativeGridChildrenAndAutomationNameRemainAppOwned" storage="c:\users\iotero\dev\personal\ui framework\tests\ui framework.checks\bin\release\net10.0-windows\ui framework.checks.dll" id="4a41bf29-aa4b-1fe1-ceac-ce6b0057095e">
      <Execution id="25d30daf-8ced-4ee6-bf31-c4d236d40681" />
      <TestMethod codeBase="C:\Users\iotero\Dev\personal\UI Framework\tests\UI Framework.Checks\bin\Release\net10.0-windows\UI Framework.Checks.dll" adapterTypeName="executor://mstestadapter/v2" className="NativeHostTests" name="NativeGridChildrenAndAutomationNameRemainAppOwned" />
    </UnitTest>
    <UnitTest name="FailedComponentMountLeavesHostRecoverable" storage="c:\users\iotero\dev\personal\ui framework\tests\ui framework.checks\bin\release\net10.0-windows\ui framework.checks.dll" id="f84a84cd-3f78-f3fe-712d-4a649e4709d0">
      <Execution id="8111122c-1c9b-43ca-a5e3-bca2fd8cc571" />
      <TestMethod codeBase="C:\Users\iotero\Dev\personal\UI Framework\tests\UI Framework.Checks\bin\Release\net10.0-windows\UI Framework.Checks.dll" adapterTypeName="executor://mstestadapter/v2" className="RendererFailureTests" name="FailedComponentMountLeavesHostRecoverable" />
    </UnitTest>
    <UnitTest name="KeyedPrimitiveMoveRetainsInputAndSelection" storage="c:\users\iotero\dev\personal\ui framework\tests\ui framework.checks\bin\release\net10.0-windows\ui framework.checks.dll" id="13a71875-c505-0dcb-f40e-543241448555">
      <Execution id="1f5ceb31-0bed-4b56-af2f-24e460d02e1c" />
      <TestMethod codeBase="C:\Users\iotero\Dev\personal\UI Framework\tests\UI Framework.Checks\bin\Release\net10.0-windows\UI Framework.Checks.dll" adapterTypeName="executor://mstestadapter/v2" className="PrimitiveTests" name="KeyedPrimitiveMoveRetainsInputAndSelection" />
    </UnitTest>
    <UnitTest name="PickerUsesLatestBindingAndInheritsDisabledState" storage="c:\users\iotero\dev\personal\ui framework\tests\ui framework.checks\bin\release\net10.0-windows\ui framework.checks.dll" id="fdbd502f-7ead-0176-9ba7-48384b0b2c5b">
      <Execution id="0d133192-403d-42d0-a35f-999613768dd4" />
      <TestMethod codeBase="C:\Users\iotero\Dev\personal\UI Framework\tests\UI Framework.Checks\bin\Release\net10.0-windows\UI Framework.Checks.dll" adapterTypeName="executor://mstestadapter/v2" className="EditorTests" name="PickerUsesLatestBindingAndInheritsDisabledState" />
    </UnitTest>
    <UnitTest name="VirtualRowsRequireUniqueKeys" storage="c:\users\iotero\dev\personal\ui framework\tests\ui framework.checks\bin\release\net10.0-windows\ui framework.checks.dll" id="b7baa0fa-de15-557f-f5f8-7cccddc51010">
      <Execution id="2c628543-ac0a-4f66-8766-666d3e1bed1b" />
      <TestMethod codeBase="C:\Users\iotero\Dev\personal\UI Framework\tests\UI Framework.Checks\bin\Release\net10.0-windows\UI Framework.Checks.dll" adapterTypeName="executor://mstestadapter/v2" className="VirtualizationTests" name="VirtualRowsRequireUniqueKeys" />
    </UnitTest>
    <UnitTest name="RemovalFailureStillReleasesUncommittedNewSiblings" storage="c:\users\iotero\dev\personal\ui framework\tests\ui framework.checks\bin\release\net10.0-windows\ui framework.checks.dll" id="93bb27ef-5b0c-e381-27ff-91a6a2d6041f">
      <Execution id="2aa00698-e1b4-4e78-a2a6-1c5111692c65" />
      <TestMethod codeBase="C:\Users\iotero\Dev\personal\UI Framework\tests\UI Framework.Checks\bin\Release\net10.0-windows\UI Framework.Checks.dll" adapterTypeName="executor://mstestadapter/v2" className="RendererFailureTests" name="RemovalFailureStillReleasesUncommittedNewSiblings" />
    </UnitTest>
    <UnitTest name="RealWindowRestoresFocusAfterContainerRegeneration" storage="c:\users\iotero\dev\personal\ui framework\tests\ui framework.checks\bin\release\net10.0-windows\ui framework.checks.dll" id="01f16d46-6552-ada5-ef27-7e66a5512947">
      <Execution id="e8f9cf13-810d-42e6-8ab4-a865b7e5ba9c" />
      <TestMethod codeBase="C:\Users\iotero\Dev\personal\UI Framework\tests\UI Framework.Checks\bin\Release\net10.0-windows\UI Framework.Checks.dll" adapterTypeName="executor://mstestadapter/v2" className="VirtualizationTests" name="RealWindowRestoresFocusAfterContainerRegeneration" />
    </UnitTest>
    <UnitTest name="BackRestoresLocalStateAndHiddenScreensReleaseObservers" storage="c:\users\iotero\dev\personal\ui framework\tests\ui framework.checks\bin\release\net10.0-windows\ui framework.checks.dll" id="adddd956-4538-cc61-233f-85675bc4933b">
      <Execution id="7f19fbdc-f381-41e6-abcb-8788fe14300b" />
      <TestMethod codeBase="C:\Users\iotero\Dev\personal\UI Framework\tests\UI Framework.Checks\bin\Release\net10.0-windows\UI Framework.Checks.dll" adapterTypeName="executor://mstestadapter/v2" className="NavigationTests" name="BackRestoresLocalStateAndHiddenScreensReleaseObservers" />
    </UnitTest>
    <UnitTest name="FailedPanelPatchLeavesHostRecoverable" storage="c:\users\iotero\dev\personal\ui framework\tests\ui framework.checks\bin\release\net10.0-windows\ui framework.checks.dll" id="c1efbe72-069d-4967-dfcd-5886a96ac528">
      <Execution id="9cf374bf-fab6-4c0b-898c-e3570bd09eb8" />
      <TestMethod codeBase="C:\Users\iotero\Dev\personal\UI Framework\tests\UI Framework.Checks\bin\Release\net10.0-windows\UI Framework.Checks.dll" adapterTypeName="executor://mstestadapter/v2" className="RendererFailureTests" name="FailedPanelPatchLeavesHostRecoverable" />
    </UnitTest>
    <UnitTest name="ExplicitNameUpdatesAndRemovalRestoresNativeContentWithoutReplacingButton" storage="c:\users\iotero\dev\personal\ui framework\tests\ui framework.checks\bin\release\net10.0-windows\ui framework.checks.dll" id="01420463-6f0b-a91c-7cd4-0360e87e3a4a">
      <Execution id="362bb69e-9c39-47d1-b78f-b2b648c12222" />
      <TestMethod codeBase="C:\Users\iotero\Dev\personal\UI Framework\tests\UI Framework.Checks\bin\Release\net10.0-windows\UI Framework.Checks.dll" adapterTypeName="executor://mstestadapter/v2" className="AccessibilityTests" name="ExplicitNameUpdatesAndRemovalRestoresNativeContentWithoutReplacingButton" />
    </UnitTest>
    <UnitTest name="RetainedButtonInvokesLatestCallback" storage="c:\users\iotero\dev\personal\ui framework\tests\ui framework.checks\bin\release\net10.0-windows\ui framework.checks.dll" id="4eb04042-4eca-a609-b30e-1776755f59be">
      <Execution id="67135fff-7875-4525-847e-e21b5807c5a6" />
      <TestMethod codeBase="C:\Users\iotero\Dev\personal\UI Framework\tests\UI Framework.Checks\bin\Release\net10.0-windows\UI Framework.Checks.dll" adapterTypeName="executor://mstestadapter/v2" className="PrimitiveTests" name="RetainedButtonInvokesLatestCallback" />
    </UnitTest>
    <UnitTest name="RegenerationRestoresSecondEditorAndSelection" storage="c:\users\iotero\dev\personal\ui framework\tests\ui framework.checks\bin\release\net10.0-windows\ui framework.checks.dll" id="3c94f855-4eca-1211-fc13-a7864ddbb998">
      <Execution id="14274a8b-480b-4fc2-b29d-25932a1659a5" />
      <TestMethod codeBase="C:\Users\iotero\Dev\personal\UI Framework\tests\UI Framework.Checks\bin\Release\net10.0-windows\UI Framework.Checks.dll" adapterTypeName="executor://mstestadapter/v2" className="VirtualizationTests" name="RegenerationRestoresSecondEditorAndSelection" />
    </UnitTest>
    <UnitTest name="FailedBodyBuildRetainsTheGoodNativeTree" storage="c:\users\iotero\dev\personal\ui framework\tests\ui framework.checks\bin\release\net10.0-windows\ui framework.checks.dll" id="c650278a-029c-fb6a-0803-75593d72fdd4">
      <Execution id="f6608782-a11e-426b-a61c-01843546f452" />
      <TestMethod codeBase="C:\Users\iotero\Dev\personal\UI Framework\tests\UI Framework.Checks\bin\Release\net10.0-windows\UI Framework.Checks.dll" adapterTypeName="executor://mstestadapter/v2" className="RendererFailureTests" name="FailedBodyBuildRetainsTheGoodNativeTree" />
    </UnitTest>
    <UnitTest name="MultilineEditorNormalizesOnceAndRetainsSelectionOnUnrelatedBuilds" storage="c:\users\iotero\dev\personal\ui framework\tests\ui framework.checks\bin\release\net10.0-windows\ui framework.checks.dll" id="9d9ba08f-da19-43f7-db5a-a9e70e725811">
      <Execution id="ba4cb125-e192-4626-938a-30b644e3b778" />
      <TestMethod codeBase="C:\Users\iotero\Dev\personal\UI Framework\tests\UI Framework.Checks\bin\Release\net10.0-windows\UI Framework.Checks.dll" adapterTypeName="executor://mstestadapter/v2" className="EditorTests" name="MultilineEditorNormalizesOnceAndRetainsSelectionOnUnrelatedBuilds" />
    </UnitTest>
    <UnitTest name="RemovalReleasesAndRemountCreatesFreshElement" storage="c:\users\iotero\dev\personal\ui framework\tests\ui framework.checks\bin\release\net10.0-windows\ui framework.checks.dll" id="a1ba1346-1087-694b-de1b-b903655dd9c4">
      <Execution id="a8ca80d9-c02a-4c0e-99f7-a2a77882b73e" />
      <TestMethod codeBase="C:\Users\iotero\Dev\personal\UI Framework\tests\UI Framework.Checks\bin\Release\net10.0-windows\UI Framework.Checks.dll" adapterTypeName="executor://mstestadapter/v2" className="NativeHostTests" name="RemovalReleasesAndRemountCreatesFreshElement" />
    </UnitTest>
    <UnitTest name="CustomStateCannotNotifyFromAnotherThread" storage="c:\users\iotero\dev\personal\ui framework\tests\ui framework.checks\bin\release\net10.0-windows\ui framework.checks.dll" id="081622c3-e789-76c3-c0a1-96bb2c923ea5">
      <Execution id="602b2540-8458-4a8a-a205-c1e819199efe" />
      <TestMethod codeBase="C:\Users\iotero\Dev\personal\UI Framework\tests\UI Framework.Checks\bin\Release\net10.0-windows\UI Framework.Checks.dll" adapterTypeName="executor://mstestadapter/v2" className="StateNotificationTests" name="CustomStateCannotNotifyFromAnotherThread" />
    </UnitTest>
    <UnitTest name="ConditionalReadsReplaceSubscriptions" storage="c:\users\iotero\dev\personal\ui framework\tests\ui framework.checks\bin\release\net10.0-windows\ui framework.checks.dll" id="412b96f7-9ce0-858f-99da-6de100320e77">
      <Execution id="79c95703-f725-4723-9566-9c982023bb41" />
      <TestMethod codeBase="C:\Users\iotero\Dev\personal\UI Framework\tests\UI Framework.Checks\bin\Release\net10.0-windows\UI Framework.Checks.dll" adapterTypeName="executor://mstestadapter/v2" className="StateSessionTests" name="ConditionalReadsReplaceSubscriptions" />
    </UnitTest>
    <UnitTest name="RealWindowRetainsFocusAfterScrollRoundTrip" storage="c:\users\iotero\dev\personal\ui framework\tests\ui framework.checks\bin\release\net10.0-windows\ui framework.checks.dll" id="2618dcf0-f7a9-88df-d1bd-4719cffdaf96">
      <Execution id="a431791e-480a-4ad8-b79c-cd4436b19601" />
      <TestMethod codeBase="C:\Users\iotero\Dev\personal\UI Framework\tests\UI Framework.Checks\bin\Release\net10.0-windows\UI Framework.Checks.dll" adapterTypeName="executor://mstestadapter/v2" className="VirtualizationTests" name="RealWindowRetainsFocusAfterScrollRoundTrip" />
    </UnitTest>
    <UnitTest name="ThrowingRowCleanupStillReleasesEveryRealizedIsland" storage="c:\users\iotero\dev\personal\ui framework\tests\ui framework.checks\bin\release\net10.0-windows\ui framework.checks.dll" id="1b49d127-ed1e-2e35-4b32-ae54f327effc">
      <Execution id="f7bcc45c-9ae5-4433-9c3e-def95e7950b3" />
      <TestMethod codeBase="C:\Users\iotero\Dev\personal\UI Framework\tests\UI Framework.Checks\bin\Release\net10.0-windows\UI Framework.Checks.dll" adapterTypeName="executor://mstestadapter/v2" className="VirtualizationTests" name="ThrowingRowCleanupStillReleasesEveryRealizedIsland" />
    </UnitTest>
    <UnitTest name="ApplicationTemplatesAndNativeTextKeepTheirWrappingPolicy" storage="c:\users\iotero\dev\personal\ui framework\tests\ui framework.checks\bin\release\net10.0-windows\ui framework.checks.dll" id="b9c2c5fb-b3d4-e4c6-8ffd-feb31b396210">
      <Execution id="5e611683-6918-43e5-bbbf-839033aa9563" />
[...]
      <Execution id="daf5531f-e7d3-4bae-861c-42a0237ae3f7" />
      <TestMethod codeBase="C:\Users\iotero\Dev\personal\UI Framework\tests\UI Framework.Checks\bin\Release\net10.0-windows\UI Framework.Checks.dll" adapterTypeName="executor://mstestadapter/v2" className="NavigationTests" name="NavigationRejectsCrossThreadAccessBeforeMutation" />
    </UnitTest>
    <UnitTest name="AllDeclaredEnumValuesRemainRenderable" storage="c:\users\iotero\dev\personal\ui framework\tests\ui framework.checks\bin\release\net10.0-windows\ui framework.checks.dll" id="6fd38d7c-e7f3-c484-7330-67c03f5583be">
      <Execution id="cd7b0948-5ca2-4b11-8bb1-40541a7830b1" />
      <TestMethod codeBase="C:\Users\iotero\Dev\personal\UI Framework\tests\UI Framework.Checks\bin\Release\net10.0-windows\UI Framework.Checks.dll" adapterTypeName="executor://mstestadapter/v2" className="ViewValidationTests" name="AllDeclaredEnumValuesRemainRenderable" />
    </UnitTest>
    <UnitTest name="ButtonClickUpdatesItsRetainedControl" storage="c:\users\iotero\dev\personal\ui framework\tests\ui framework.checks\bin\release\net10.0-windows\ui framework.checks.dll" id="219c26ce-7a5e-3303-b2be-0fb8a1608ea2">
      <Execution id="dd0a33ec-0ed1-46db-afe9-f7eac038d54f" />
      <TestMethod codeBase="C:\Users\iotero\Dev\personal\UI Framework\tests\UI Framework.Checks\bin\Release\net10.0-windows\UI Framework.Checks.dll" adapterTypeName="executor://mstestadapter/v2" className="PrimitiveTests" name="ButtonClickUpdatesItsRetainedControl" />
    </UnitTest>
    <UnitTest name="ReadOnlyTranscriptStaysSelectableDisablesUndoAndNeverWritesBack" storage="c:\users\iotero\dev\personal\ui framework\tests\ui framework.checks\bin\release\net10.0-windows\ui framework.checks.dll" id="e0972f98-d8f2-ba78-edc1-f7507e1d6267">
      <Execution id="205c0617-8d3c-4025-b031-bba9d532e133" />
      <TestMethod codeBase="C:\Users\iotero\Dev\personal\UI Framework\tests\UI Framework.Checks\bin\Release\net10.0-windows\UI Framework.Checks.dll" adapterTypeName="executor://mstestadapter/v2" className="EditorTests" name="ReadOnlyTranscriptStaysSelectableDisablesUndoAndNeverWritesBack" />
    </UnitTest>
    <UnitTest name="CompactToggleKeepsShortLabelOnOneLineAndWrapsLongLabels" storage="c:\users\iotero\dev\personal\ui framework\tests\ui framework.checks\bin\release\net10.0-windows\ui framework.checks.dll" id="430d65cc-f8bf-0c6a-d977-0315592dbc32">
      <Execution id="fa5a5dd4-b928-429d-a6a9-00035cbcdcc4" />
      <TestMethod codeBase="C:\Users\iotero\Dev\personal\UI Framework\tests\UI Framework.Checks\bin\Release\net10.0-windows\UI Framework.Checks.dll" adapterTypeName="executor://mstestadapter/v2" className="ToggleStyleTests" name="CompactToggleKeepsShortLabelOnOneLineAndWrapsLongLabels" />
    </UnitTest>
  </TestDefinitions>
  <TestEntries>
    <TestEntry testId="9d9ba08f-da19-43f7-db5a-a9e70e725811" executionId="ba4cb125-e192-4626-938a-30b644e3b778" testListId="8c84fa94-04c1-424b-9868-57a2d4851a1d" />
    <TestEntry testId="dede3a90-fb0c-6aaa-5328-d19b5a2cffe7" executionId="957a0b85-e778-4d54-b1af-77772fbd5463" testListId="8c84fa94-04c1-424b-9868-57a2d4851a1d" />
    <TestEntry testId="4fcd3631-6698-ef16-b189-ff7d5778b851" executionId="e4b7a2c6-5d9b-4d74-a69b-e11f99ee4692" testListId="8c84fa94-04c1-424b-9868-57a2d4851a1d" />
    <TestEntry testId="e6a25a52-698a-b83d-4005-83a716b771b3" executionId="1a52139b-d1f2-4e2c-a354-ce4a2caa9895" testListId="8c84fa94-04c1-424b-9868-57a2d4851a1d" />
    <TestEntry testId="b65a0832-51ce-1379-774f-9bb96a0c6c35" executionId="b5a3a0ec-8fc9-4526-b786-3ace8ac01563" testListId="8c84fa94-04c1-424b-9868-57a2d4851a1d" />
    <TestEntry testId="13a71875-c505-0dcb-f40e-543241448555" executionId="1f5ceb31-0bed-4b56-af2f-24e460d02e1c" testListId="8c84fa94-04c1-424b-9868-57a2d4851a1d" />
    <TestEntry testId="d878024c-a643-d666-f63b-ab1e6e90bb01" executionId="332e3b09-ae30-4610-b7af-324aa3c6da65" testListId="8c84fa94-04c1-424b-9868-57a2d4851a1d" />
    <TestEntry testId="d2c1d3c6-dad1-b19e-4629-9f6bd3178cf1" executionId="c0504cda-dc5a-4298-b681-824d4f4be58b" testListId="8c84fa94-04c1-424b-9868-57a2d4851a1d" />
    <TestEntry testId="15e2d21d-e33f-0d82-388c-985546a192ba" executionId="41fe7c96-178e-4935-a294-ac8e91b572d9" testListId="8c84fa94-04c1-424b-9868-57a2d4851a1d" />
    <TestEntry testId="6d580d1e-a68e-e331-e8fa-8ce39f58414f" executionId="c1171d9c-f712-4e98-92a4-c1db35972bdb" testListId="8c84fa94-04c1-424b-9868-57a2d4851a1d" />
    <TestEntry testId="84f1ce72-0bc7-aeaf-24dd-1f3a6ac40532" executionId="c65ea9ea-1464-49cd-80ab-386a195cb964" testListId="8c84fa94-04c1-424b-9868-57a2d4851a1d" />
    <TestEntry testId="3a79ebfc-76a8-d03a-6594-686ed2a6cc4b" executionId="df348a7b-0257-4e53-b744-05e9e0397db7" testListId="8c84fa94-04c1-424b-9868-57a2d4851a1d" />
    <TestEntry testId="2eccdfce-9a6a-3d6c-c251-18fe2e507e20" executionId="121a21ae-a83e-405c-8a18-720e331b705c" testListId="8c84fa94-04c1-424b-9868-57a2d4851a1d" />
    <TestEntry testId="1f470fd6-668c-ceb6-2961-326ca59f7a5c" executionId="8ac7f6a4-edda-41bb-98e6-91b092dae4e9" testListId="8c84fa94-04c1-424b-9868-57a2d4851a1d" />
    <TestEntry testId="4c8cf8e0-fedb-8815-c755-eb4d41c089d1" executionId="4eac6c68-398a-4961-abb6-2fbb4e180ce5" testListId="8c84fa94-04c1-424b-9868-57a2d4851a1d" />
    <TestEntry testId="f48474d4-acdb-1588-98f4-80e25e69544a" executionId="00e30fc9-561a-4654-9418-546904f5935b" testListId="8c84fa94-04c1-424b-9868-57a2d4851a1d" />
    <TestEntry testId="0abf3bfc-6794-ee2f-cd4e-2de4bc03b23a" executionId="ac4cc86d-ca66-4732-ad71-686ff70a2958" testListId="8c84fa94-04c1-424b-9868-57a2d4851a1d" />
    <TestEntry testId="e960bec1-ab40-081f-752f-ac9290342b31" executionId="1ec2b4a6-dfbe-4378-9739-ab39df27dbf7" testListId="8c84fa94-04c1-424b-9868-57a2d4851a1d" />
    <TestEntry testId="befeeee4-93ad-bedf-29e6-2b46a53c4375" executionId="a89a6b47-64c2-4e9f-a78b-b06cae9614b9" testListId="8c84fa94-04c1-424b-9868-57a2d4851a1d" />
    <TestEntry testId="c5f68223-5984-52f6-85f6-c4c4a8dfed7f" executionId="3cf99fe8-7bed-496e-ba19-28706465cd99" testListId="8c84fa94-04c1-424b-9868-57a2d4851a1d" />
    <TestEntry testId="3b555443-d670-2dc7-fc17-90281ce40133" executionId="e7f9a1c7-c0a8-439a-9fbf-af33475864d9" testListId="8c84fa94-04c1-424b-9868-57a2d4851a1d" />
    <TestEntry testId="1a536dfd-d6c1-f38f-d50a-71478194dbf1" executionId="6ccfb8ef-15cf-4206-8f59-1f9000a40fc6" testListId="8c84fa94-04c1-424b-9868-57a2d4851a1d" />
    <TestEntry testId="2e728302-687b-9dcb-f393-5fae3aa60485" executionId="11379806-ce34-49b2-b7eb-8a139e5e01a1" testListId="8c84fa94-04c1-424b-9868-57a2d4851a1d" />
    <TestEntry testId="fb7bfcfc-79a0-4e9f-428b-ece9deb9b93a" executionId="9786f494-e84c-4e7f-826e-aed6d1f55ed9" testListId="8c84fa94-04c1-424b-9868-57a2d4851a1d" />
    <TestEntry testId="62e5a71f-4c59-312d-ab77-91b61d4d99b1" executionId="06bbb1b5-1f91-43bb-b71c-714b3d6119ca" testListId="8c84fa94-04c1-424b-9868-57a2d4851a1d" />
    <TestEntry testId="b5dbc8f3-ab4e-f49a-0d1f-bb685b8678be" executionId="9a1539a8-750d-4a0f-a8d0-72369790a878" testListId="8c84fa94-04c1-424b-9868-57a2d4851a1d" />
    <TestEntry testId="870c69d1-4260-9120-c29a-07389da96af5" executionId="f07e30b3-6048-4e78-a0d8-b53be32e9aa7" testListId="8c84fa94-04c1-424b-9868-57a2d4851a1d" />
    <TestEntry testId="3597882f-4887-2058-6791-7570574e24d1" executionId="0c3eae30-58a3-4440-9319-01bfb103b2a2" testListId="8c84fa94-04c1-424b-9868-57a2d4851a1d" />
    <TestEntry testId="56a981b7-1705-62e5-c70d-673ad475a7a2" executionId="1183c78c-751f-42c3-949f-c27430a6490f" testListId="8c84fa94-04c1-424b-9868-57a2d4851a1d" />
    <TestEntry testId="2084c875-396c-074a-a4cc-8569b04d1961" executionId="b3603462-3951-4ee0-89da-52aae2dd6f64" testListId="8c84fa94-04c1-424b-9868-57a2d4851a1d" />
    <TestEntry testId="ffde5e0f-03a9-bedd-d44d-e378aca4ea45" executionId="902386dc-f852-430c-b89a-4f1a354fc0ac" testListId="8c84fa94-04c1-424b-9868-57a2d4851a1d" />
    <TestEntry testId="c1efbe72-069d-4967-dfcd-5886a96ac528" executionId="9cf374bf-fab6-4c0b-898c-e3570bd09eb8" testListId="8c84fa94-04c1-424b-9868-57a2d4851a1d" />
    <TestEntry testId="1a4b3d60-defb-6eeb-e9e1-c5107bcbdb57" executionId="b16a0660-9722-45a4-b73c-2ec6b814f8b4" testListId="8c84fa94-04c1-424b-9868-57a2d4851a1d" />
    <TestEntry testId="4a41bf29-aa4b-1fe1-ceac-ce6b0057095e" executionId="25d30daf-8ced-4ee6-bf31-c4d236d40681" testListId="8c84fa94-04c1-424b-9868-57a2d4851a1d" />
    <TestEntry testId="615e015c-dd86-a155-1055-ba58187d1637" executionId="987ef990-34e0-47af-b79b-751127262644" testListId="8c84fa94-04c1-424b-9868-57a2d4851a1d" />
    <TestEntry testId="dd6f4782-edb4-a7b1-8024-3f69425433f1" executionId="9cfe41be-8c42-40dc-b32d-1e3a2d901fde" testListId="8c84fa94-04c1-424b-9868-57a2d4851a1d" />
    <TestEntry testId="4eedd673-31cf-5a2b-a052-e12369fe9f56" executionId="b9b6114a-dbec-418b-96fa-138a3cb320de" testListId="8c84fa94-04c1-424b-9868-57a2d4851a1d" />
    <TestEntry testId="fd143fa6-7606-a04b-d0e1-083a1034f48b" executionId="890a828f-e0e7-4034-af91-32e4095a946a" testListId="8c84fa94-04c1-424b-9868-57a2d4851a1d" />
    <TestEntry testId="7cda3b1a-c492-42d7-076e-30e7dfd38bfe" executionId="ce00f4a8-ba43-4bbc-a8d8-1b2cb739122f" testListId="8c84fa94-04c1-424b-9868-57a2d4851a1d" />
    <TestEntry testId="a49ff080-80db-15a5-b0c5-1b8c7b683fad" executionId="cba5c892-eaea-4946-96cb-531a09f3f182" testListId="8c84fa94-04c1-424b-9868-57a2d4851a1d" />
    <TestEntry testId="1ebe1115-5208-be40-6b70-3d696891ebb7" executionId="475bd5e7-83f8-4358-b4ad-66bcc1cdddf0" testListId="8c84fa94-04c1-424b-9868-57a2d4851a1d" />
    <TestEntry testId="d4cf6a42-6211-c955-efbf-1199b15739b0" executionId="96596b07-d024-43e0-98be-62bb34dc3ceb" testListId="8c84fa94-04c1-424b-9868-57a2d4851a1d" />
    <TestEntry testId="b7baa0fa-de15-557f-f5f8-7cccddc51010" executionId="2c628543-ac0a-4f66-8766-666d3e1bed1b" testListId="8c84fa94-04c1-424b-9868-57a2d4851a1d" />
    <TestEntry testId="76c129e1-cc21-fadf-2f2b-d1b53457b29d" executionId="fa0615fa-67aa-42fe-addc-abf8c212cb7a" testListId="8c84fa94-04c1-424b-9868-57a2d4851a1d" />
    <TestEntry testId="2b0ca6bb-4d11-ee9e-f0d7-3be4592c6f6c" executionId="8bc5633b-201d-4c4f-8d2d-9ae5b79d705c" testListId="8c84fa94-04c1-424b-9868-57a2d4851a1d" />
    <TestEntry testId="01f16d46-6552-ada5-ef27-7e66a5512947" executionId="e8f9cf13-810d-42e6-8ab4-a865b7e5ba9c" testListId="8c84fa94-04c1-424b-9868-57a2d4851a1d" />
    <TestEntry testId="4d39288d-e3c4-49a3-1941-1299565fcd79" executionId="912f7119-7c71-4ef9-99e7-1562c09a74bd" testListId="8c84fa94-04c1-424b-9868-57a2d4851a1d" />
    <TestEntry testId="90d6462b-973b-9e6c-9513-09042543f161" executionId="53c8f364-03f7-48f9-b32e-932de50d49b7" testListId="8c84fa94-04c1-424b-9868-57a2d4851a1d" />
    <TestEntry testId="adddd956-4538-cc61-233f-85675bc4933b" executionId="7f19fbdc-f381-41e6-abcb-8788fe14300b" testListId="8c84fa94-04c1-424b-9868-57a2d4851a1d" />
    <TestEntry testId="b3d7bb98-af27-87cb-1964-1330e137b88a" executionId="daf5531f-e7d3-4bae-861c-42a0237ae3f7" testListId="8c84fa94-04c1-424b-9868-57a2d4851a1d" />
    <TestEntry testId="01420463-6f0b-a91c-7cd4-0360e87e3a4a" executionId="362bb69e-9c39-47d1-b78f-b2b648c12222" testListId="8c84fa94-04c1-424b-9868-57a2d4851a1d" />
    <TestEntry testId="cc8e4def-5fc4-1bab-eb35-404ae9f1c434" executionId="88b5e358-df4f-41fc-8c27-be6a727df064" testListId="8c84fa94-04c1-424b-9868-57a2d4851a1d" />
    <TestEntry testId="1b49d127-ed1e-2e35-4b32-ae54f327effc" executionId="f7bcc45c-9ae5-4433-9c3e-def95e7950b3" testListId="8c84fa94-04c1-424b-9868-57a2d4851a1d" />
    <TestEntry testId="5541381f-a642-3ca0-33b2-f6b448af03c5" executionId="fe2c63cb-2dc4-40fb-bf60-77d8e138c7f1" testListId="8c84fa94-04c1-424b-9868-57a2d4851a1d" />
    <TestEntry testId="fdbd502f-7ead-0176-9ba7-48384b0b2c5b" executionId="0d133192-403d-42d0-a35f-999613768dd4" testListId="8c84fa94-04c1-424b-9868-57a2d4851a1d" />
    <TestEntry testId="b9c2c5fb-b3d4-e4c6-8ffd-feb31b396210" executionId="5e611683-6918-43e5-bbbf-839033aa9563" testListId="8c84fa94-04c1-424b-9868-57a2d4851a1d" />
    <TestEntry testId="7692d824-95ad-efd7-4995-949fa2d985a3" executionId="05d02351-c2e8-464b-b40d-2a6a26af318f" testListId="8c84fa94-04c1-424b-9868-57a2d4851a1d" />
    <TestEntry testId="6fd38d7c-e7f3-c484-7330-67c03f5583be" executionId="cd7b0948-5ca2-4b11-8bb1-40541a7830b1" testListId="8c84fa94-04c1-424b-9868-57a2d4851a1d" />
    <TestEntry testId="935c320a-2d56-f857-f92f-277649ef6a86" executionId="08a2c3fe-fdfe-4363-89bf-b36406b83417" testListId="8c84fa94-04c1-424b-9868-57a2d4851a1d" />
    <TestEntry testId="2618dcf0-f7a9-88df-d1bd-4719cffdaf96" executionId="a431791e-480a-4ad8-b79c-cd4436b19601" testListId="8c84fa94-04c1-424b-9868-57a2d4851a1d" />
    <TestEntry testId="06355a47-b059-fb29-fd41-5da676d34418" executionId="1b0596fd-e80f-4030-81d8-8aa60287e997" testListId="8c84fa94-04c1-424b-9868-57a2d4851a1d" />
    <TestEntry testId="0848fd4a-75c7-b79a-385c-18052268625d" executionId="f611388d-056c-4391-8920-a05807faddf4" testListId="8c84fa94-04c1-424b-9868-57a2d4851a1d" />
    <TestEntry testId="ae2fb243-731a-12c9-d8df-111577a1f59e" executionId="4707ee07-9d32-47ef-8983-11312407be9e" testListId="8c84fa94-04c1-424b-9868-57a2d4851a1d" />
    <TestEntry testId="64252cf5-e88f-18df-7c7a-0ecdf6d43717" executionId="f5c4ec7f-b687-44ba-af17-9f3d10cddac4" testListId="8c84fa94-04c1-424b-9868-57a2d4851a1d" />
    <TestEntry testId="560e1f77-7c47-5adc-1071-44716a1620f4" executionId="075179d7-2b22-4c38-91aa-bb186b24c70e" testListId="8c84fa94-04c1-424b-9868-57a2d4851a1d" />
    <TestEntry testId="081622c3-e789-76c3-c0a1-96bb2c923ea5" executionId="602b2540-8458-4a8a-a205-c1e819199efe" testListId="8c84fa94-04c1-424b-9868-57a2d4851a1d" />
    <TestEntry testId="771cb614-7fbb-a07b-115a-e42a01ea5fc2" executionId="6e878e9e-ddc6-41d1-85c3-ebfb1447a946" testListId="8c84fa94-04c1-424b-9868-57a2d4851a1d" />
    <TestEntry testId="a1ba1346-1087-694b-de1b-b903655dd9c4" executionId="a8ca80d9-c02a-4c0e-99f7-a2a77882b73e" testListId="8c84fa94-04c1-424b-9868-57a2d4851a1d" />
    <TestEntry testId="c650278a-029c-fb6a-0803-75593d72fdd4" executionId="f6608782-a11e-426b-a61c-01843546f452" testListId="8c84fa94-04c1-424b-9868-57a2d4851a1d" />
    <TestEntry testId="d7cf2914-4f05-f4bf-07fb-b763a0ffc697" executionId="00b6822e-6993-4ece-a77e-1ea159b20f6d" testListId="8c84fa94-04c1-424b-9868-57a2d4851a1d" />
    <TestEntry testId="c1f81239-1da8-0b53-318d-c8e40e4b3f3f" executionId="cfe03f4d-f2c7-4d9e-b8ed-83715fec471c" testListId="8c84fa94-04c1-424b-9868-57a2d4851a1d" />
    <TestEntry testId="49025ef0-5bab-5ef1-3e7f-9788a28b3e70" executionId="3b41fee1-d718-451b-8103-01440d2763e3" testListId="8c84fa94-04c1-424b-9868-57a2d4851a1d" />
    <TestEntry testId="1f51b101-fd51-d8df-d87b-786c62292ac2" executionId="129780d8-44f6-422d-b7e8-507b54d89bd6" testListId="8c84fa94-04c1-424b-9868-57a2d4851a1d" />
    <TestEntry testId="f5fbcb4d-62bf-85c0-247d-1cda0ba702f1" executionId="add10600-6020-4f93-8d42-b210b51a0b71" testListId="8c84fa94-04c1-424b-9868-57a2d4851a1d" />
    <TestEntry testId="74a190d9-7f33-3454-cc73-5c9c1bd1be09" executionId="ce6a8335-0f7c-4c71-bd76-a608d4b6e421" testListId="8c84fa94-04c1-424b-9868-57a2d4851a1d" />
    <TestEntry testId="294cbb46-7860-94ff-e721-5c7049d456ba" executionId="1705d863-0b7d-4524-8ca8-66619b1fdee9" testListId="8c84fa94-04c1-424b-9868-57a2d4851a1d" />
    <TestEntry testId="4eb04042-4eca-a609-b30e-1776755f59be" executionId="67135fff-7875-4525-847e-e21b5807c5a6" testListId="8c84fa94-04c1-424b-9868-57a2d4851a1d" />
    <TestEntry testId="d76be2e4-fde2-5c21-49b6-deafe3ee2c4c" executionId="6ddeb5c4-1e3c-4f27-a06a-5314b085c6b5" testListId="8c84fa94-04c1-424b-9868-57a2d4851a1d" />
    <TestEntry testId="e13ba738-e403-9385-c4e8-ab6338308778" executionId="9443cd81-eb59-4030-a84c-519bf81813e6" testListId="8c84fa94-04c1-424b-9868-57a2d4851a1d" />
    <TestEntry testId="6317bc15-e881-6c85-7483-4722c6ae2db8" executionId="0f78813b-ca04-4929-87f2-a9527e1462ba" testListId="8c84fa94-04c1-424b-9868-57a2d4851a1d" />
    <TestEntry testId="af0d4edf-7b57-6c7a-3f5a-85cf8540ce33" executionId="4782d378-6602-47f7-a97f-1144df577e71" testListId="8c84fa94-04c1-424b-9868-57a2d4851a1d" />
    <TestEntry testId="d7aa0073-9f43-f059-3755-eaa61eabb385" executionId="db107c78-c46f-457e-84f9-7f46e9d11c8d" testListId="8c84fa94-04c1-424b-9868-57a2d4851a1d" />
    <TestEntry testId="aad6da70-5558-5942-bc2d-4a5580345b40" executionId="a6563dda-f4f1-4c97-93f7-33762bb78bd5" testListId="8c84fa94-04c1-424b-9868-57a2d4851a1d" />
    <TestEntry testId="3c94f855-4eca-1211-fc13-a7864ddbb998" executionId="14274a8b-480b-4fc2-b29d-25932a1659a5" testListId="8c84fa94-04c1-424b-9868-57a2d4851a1d" />
    <TestEntry testId="bf86bc44-58b9-491c-84aa-c78db4e272c5" executionId="6bc76e99-8354-4a3f-b7cf-de94cbb2a40e" testListId="8c84fa94-04c1-424b-9868-57a2d4851a1d" />
    <TestEntry testId="688c4017-798a-88f1-14d3-b20fc9bf9de1" executionId="f7110943-ca67-4910-a8ef-cdee6b3956dd" testListId="8c84fa94-04c1-424b-9868-57a2d4851a1d" />
    <TestEntry testId="66ccffa4-19bc-2afa-fc43-3d4eecd2d927" executionId="0d9de365-4571-4a37-9e45-e577bef9928b" testListId="8c84fa94-04c1-424b-9868-57a2d4851a1d" />
    <TestEntry testId="412b96f7-9ce0-858f-99da-6de100320e77" executionId="79c95703-f725-4723-9566-9c982023bb41" testListId="8c84fa94-04c1-424b-9868-57a2d4851a1d" />
    <TestEntry testId="e0972f98-d8f2-ba78-edc1-f7507e1d6267" executionId="205c0617-8d3c-4025-b031-bba9d532e133" testListId="8c84fa94-04c1-424b-9868-57a2d4851a1d" />
    <TestEntry testId="057f8850-52b0-aaba-f45f-4b0f6f4577d6" executionId="66b5133f-bf57-42ef-ab28-c07c1cf0bd71" testListId="8c84fa94-04c1-424b-9868-57a2d4851a1d" />
    <TestEntry testId="382007ab-bb50-671a-c2d2-7149ea1cb7f0" executionId="a3b4ad22-f18b-49ea-8319-3f4956a4605b" testListId="8c84fa94-04c1-424b-9868-57a2d4851a1d" />
    <TestEntry testId="f84a84cd-3f78-f3fe-712d-4a649e4709d0" executionId="8111122c-1c9b-43ca-a5e3-bca2fd8cc571" testListId="8c84fa94-04c1-424b-9868-57a2d4851a1d" />
    <TestEntry testId="93bb27ef-5b0c-e381-27ff-91a6a2d6041f" executionId="2aa00698-e1b4-4e78-a2a6-1c5111692c65" testListId="8c84fa94-04c1-424b-9868-57a2d4851a1d" />
    <TestEntry testId="9a36daeb-dc68-fca7-fc58-5fba8e31aa41" executionId="ff636692-eca5-441c-9cfe-1c87946d6f13" testListId="8c84fa94-04c1-424b-9868-57a2d4851a1d" />
    <TestEntry testId="8a3a9f0e-f060-2639-d851-b96e9b793787" executionId="d68d32f2-3bb8-4412-8e4f-b0583db5ca80" testListId="8c84fa94-04c1-424b-9868-57a2d4851a1d" />
    <TestEntry testId="219c26ce-7a5e-3303-b2be-0fb8a1608ea2" executionId="dd0a33ec-0ed1-46db-afe9-f7eac038d54f" testListId="8c84fa94-04c1-424b-9868-57a2d4851a1d" />
    <TestEntry testId="430d65cc-f8bf-0c6a-d977-0315592dbc32" executionId="fa5a5dd4-b928-429d-a6a9-00035cbcdcc4" testListId="8c84fa94-04c1-424b-9868-57a2d4851a1d" />
    <TestEntry testId="20fc006c-6b2e-1fe7-710c-bc996ece72bf" executionId="f979c5a9-1b29-4d85-a9e5-676c74a738e8" testListId="8c84fa94-04c1-424b-9868-57a2d4851a1d" />
  </TestEntries>
  <TestLists>
    <TestList name="Results Not in a List" id="8c84fa94-04c1-424b-9868-57a2d4851a1d" />
    <TestList name="All Loaded Results" id="19431567-8539-422a-85d7-44ee4e166bda" />
  </TestLists>
  <ResultSummary outcome="Completed">
    <Counters total="98" executed="98" passed="98" failed="0" error="0" timeout="0" aborted="0" inconclusive="0" passedButRunAborted="0" notRunnable="0" notExecuted="0" disconnected="0" warning="0" completed="0" inProgress="0" pending="0" />
    <RunInfos>
      <RunInfo computerName="IOTERO-MSI76" outcome="Warning" timestamp="2026-09-25T07:18:19.0074568-04:00">
        <Text>Data collector 'Blame' message: All tests finished running, Sequence file will not be generated.</Text>
      </RunInfo>
    </RunInfos>
  </ResultSummary>
</TestRun>